Log file open, 07/01/22 21:07:00
LogWindows: Failed to load 'aqProf.dll' (GetLastError=126)
LogWindows: File 'aqProf.dll' does not exist
LogWindows: Failed to load 'VtuneApi.dll' (GetLastError=126)
LogWindows: File 'VtuneApi.dll' does not exist
LogWindows: Failed to load 'VtuneApi32e.dll' (GetLastError=126)
LogWindows: File 'VtuneApi32e.dll' does not exist
LogConsoleResponse: Display: Failed to find resolution value strings in scalability ini. Falling back to default.
LogConsoleResponse: Display: Failed to find resolution value strings in scalability ini. Falling back to default.
LogInit: Display: Running engine for game: MarvinAttack
LogPlatformFile: Not using cached read wrapper
LogTaskGraph: Started task graph with 5 named threads and 35 total threads with 3 sets of task threads.
LogStats: Stats thread started at 0.282032
LogICUInternationalization: ICU TimeZone Detection - Raw Offset: +4:00, Platform Override: ''
LogInit: Display: Loading text-based GConfig....
LogPluginManager: Mounting plugin MeshPainting
LogPluginManager: Mounting plugin XGEController
LogPluginManager: Mounting plugin Paper2D
LogPluginManager: Mounting plugin LiveLink
LogPluginManager: Mounting plugin AISupport
LogPluginManager: Mounting plugin EnvironmentQueryEditor
LogPluginManager: Mounting plugin LightPropagationVolume
LogPluginManager: Mounting plugin AssetManagerEditor
LogPluginManager: Mounting plugin CryptoKeys
LogPluginManager: Mounting plugin DataValidation
LogPluginManager: Mounting plugin CurveEditorTools
LogPluginManager: Mounting plugin FacialAnimation
LogPluginManager: Mounting plugin GameplayTagsEditor
LogPluginManager: Mounting plugin GeometryMode
LogPluginManager: Mounting plugin MacGraphicsSwitching
LogPluginManager: Mounting plugin MaterialAnalyzer
LogPluginManager: Mounting plugin PluginBrowser
LogPluginManager: Mounting plugin MobileLauncherProfileWizard
LogPluginManager: Mounting plugin SpeedTreeImporter
LogPluginManager: Mounting plugin AnimationSharing
LogPluginManager: Mounting plugin CLionSourceCodeAccess
LogPluginManager: Mounting plugin CodeLiteSourceCodeAccess
LogPluginManager: Mounting plugin GitSourceControl
LogPluginManager: Mounting plugin PerforceSourceControl
LogPluginManager: Mounting plugin KDevelopSourceCodeAccess
LogPluginManager: Mounting plugin NullSourceCodeAccess
LogPluginManager: Mounting plugin PixWinPlugin
LogPluginManager: Mounting plugin PlasticSourceControl
LogPluginManager: Mounting plugin PluginUtils
LogPluginManager: Mounting plugin PropertyAccessNode
LogPluginManager: Mounting plugin RiderSourceCodeAccess
LogPluginManager: Mounting plugin SubversionSourceControl
LogPluginManager: Mounting plugin TextureFormatOodle
LogPluginManager: Mounting plugin UObjectPlugin
LogPluginManager: Mounting plugin VisualStudioSourceCodeAccess
LogPluginManager: Mounting plugin XCodeSourceCodeAccess
LogPluginManager: Mounting plugin OodleData
LogPluginManager: Mounting plugin VisualStudioCodeSourceCodeAccess
LogPluginManager: Mounting plugin OodleNetwork
LogPluginManager: Mounting plugin DatasmithContent
LogPluginManager: Mounting plugin VariantManagerContent
LogPluginManager: Mounting plugin AutomationUtils
LogPluginManager: Mounting plugin BackChannel
LogPluginManager: Mounting plugin AlembicImporter
LogPluginManager: Mounting plugin ChaosCloth
LogPluginManager: Mounting plugin ChaosClothEditor
LogPluginManager: Mounting plugin ChaosNiagara
LogPluginManager: Mounting plugin ChaosEditor
LogPluginManager: Mounting plugin ChaosSolverPlugin
LogPluginManager: Mounting plugin CharacterAI
LogPluginManager: Mounting plugin GeometryCache
LogPluginManager: Mounting plugin GeometryCollectionPlugin
LogPluginManager: Mounting plugin Niagara
LogPluginManager: Mounting plugin GeometryProcessing
LogPluginManager: Mounting plugin OpenImageDenoise
LogPluginManager: Mounting plugin MotoSynth
LogPluginManager: Mounting plugin ActorSequence
LogPluginManager: Mounting plugin PlanarCut
LogPluginManager: Mounting plugin LevelSequenceEditor
LogPluginManager: Mounting plugin TcpMessaging
LogPluginManager: Mounting plugin MatineeToLevelSequence
LogPluginManager: Mounting plugin LuminPlatformFeatures
LogPluginManager: Mounting plugin TemplateSequence
LogPluginManager: Mounting plugin PlatformCrypto
LogPluginManager: Mounting plugin MagicLeap
LogPluginManager: Mounting plugin ProxyLODPlugin
LogPluginManager: Mounting plugin PythonScriptPlugin
LogPluginManager: Mounting plugin UdpMessaging
LogPluginManager: Mounting plugin MagicLeapLightEstimation
LogPluginManager: Mounting plugin MagicLeapMedia
LogPluginManager: Mounting plugin MagicLeapPassableWorld
LogPluginManager: Mounting plugin SkeletalReduction
LogPluginManager: Mounting plugin MLSDK
LogPluginManager: Mounting plugin AndroidMedia
LogPluginManager: Mounting plugin AvfMedia
LogPluginManager: Mounting plugin MediaCompositing
LogPluginManager: Mounting plugin ImgMedia
LogPluginManager: Mounting plugin MediaPlayerEditor
LogPluginManager: Mounting plugin WebMMedia
LogPluginManager: Mounting plugin WmfMedia
LogPluginManager: Mounting plugin OnlineSubsystem
LogPluginManager: Mounting plugin OnlineSubsystemNull
LogPluginManager: Mounting plugin OnlineSubsystemUtils
LogPluginManager: Mounting plugin LauncherChunkInstaller
LogPluginManager: Mounting plugin ScreenshotTools
LogPluginManager: Mounting plugin ActorLayerUtilities
LogPluginManager: Mounting plugin AndroidDeviceProfileSelector
LogPluginManager: Mounting plugin AndroidMoviePlayer
LogPluginManager: Mounting plugin AndroidPermission
LogPluginManager: Mounting plugin AppleMoviePlayer
LogPluginManager: Mounting plugin AppleImageUtils
LogPluginManager: Mounting plugin ArchVisCharacter
LogPluginManager: Mounting plugin AssetTags
LogPluginManager: Mounting plugin AudioCapture
LogPluginManager: Mounting plugin AudioSynesthesia
LogPluginManager: Mounting plugin ChunkDownloader
LogPluginManager: Mounting plugin CustomMeshComponent
LogPluginManager: Mounting plugin CableComponent
LogPluginManager: Mounting plugin EditableMesh
LogPluginManager: Mounting plugin ExampleDeviceProfileSelector
LogPluginManager: Mounting plugin GooglePAD
LogPluginManager: Mounting plugin GoogleCloudMessaging
LogPluginManager: Mounting plugin MultiUserTakes
LogPluginManager: Mounting plugin Takes
LogPluginManager: Mounting plugin LinuxDeviceProfileSelector
LogPluginManager: Mounting plugin LocationServicesBPLibrary
LogPluginManager: Mounting plugin IOSDeviceProfileSelector
LogPluginManager: Mounting plugin MobilePatchingUtils
LogPluginManager: Mounting plugin OpenXR
LogPluginManager: Mounting plugin OpenXREyeTracker
LogPluginManager: Mounting plugin OpenXRHandTracking
LogPluginManager: Mounting plugin PhysXVehicles
LogPluginManager: Mounting plugin PostSplashScreen
LogPluginManager: Mounting plugin ProceduralMeshComponent
LogPluginManager: Mounting plugin PropertyAccessEditor
LogPluginManager: Mounting plugin RuntimePhysXCooking
LogPluginManager: Mounting plugin SignificanceManager
LogPluginManager: Mounting plugin SoundFields
LogPluginManager: Mounting plugin Synthesis
LogPluginManager: Mounting plugin WebMMoviePlayer
LogPluginManager: Mounting plugin WindowsMoviePlayer
LogPluginManager: Mounting plugin GameplayCameras
LogPluginManager: Mounting plugin CameraShakePreviewer
LogPluginManager: Mounting plugin ContentBrowserAssetDataSource
LogPluginManager: Mounting plugin ContentBrowserFileDataSource
LogPluginManager: Mounting plugin ContentBrowserClassDataSource
LogPluginManager: Mounting plugin ConcertMain
LogPluginManager: Mounting plugin MultiUserClient
LogPluginManager: Mounting plugin OnlineSubsystemGooglePlay
LogPluginManager: Mounting plugin OnlineSubsystemIOS
LogPluginManager: Mounting plugin SQLiteCore
LogPluginManager: Mounting plugin OculusVR
LogPluginManager: Mounting plugin SteamVR
LogPluginManager: Mounting plugin ConcertSyncClient
LogPluginManager: Mounting plugin ConcertSyncCore
PixWinPlugin: PIX capture plugin failed to initialize! Check that the process is launched from PIX.
LogInit: Using libcurl 7.55.1-DEV
LogInit:  - built for x86_64-pc-win32
LogInit:  - supports SSL with OpenSSL/1.1.1
LogInit:  - supports HTTP deflate (compression) using libz 1.2.8
LogInit:  - other features:
LogInit:      CURL_VERSION_SSL
LogInit:      CURL_VERSION_LIBZ
LogInit:      CURL_VERSION_IPV6
LogInit:      CURL_VERSION_ASYNCHDNS
LogInit:      CURL_VERSION_LARGEFILE
LogInit:      CURL_VERSION_IDN
LogInit:  CurlRequestOptions (configurable via config and command line):
LogInit:  - bVerifyPeer = true  - Libcurl will verify peer certificate
LogInit:  - bUseHttpProxy = false  - Libcurl will NOT use HTTP proxy
LogInit:  - bDontReuseConnections = false  - Libcurl will reuse connections
LogInit:  - MaxHostConnections = 16  - Libcurl will limit the number of connections to a host
LogInit:  - LocalHostAddr = Default
LogInit:  - BufferSize = 65536
LogOnline: OSS: Creating online subsystem instance for: NULL
LogInit: WinSock: version 1.1 (2.2), MaxSocks=32767, MaxUdp=65467
LogOnline: OSS: TryLoadSubsystemAndSetDefault: Loaded subsystem for module [NULL]
LogInit: Build: ++UE4+Release-4.27-CL-18319896
LogInit: Engine Version: 4.27.2-18319896+++UE4+Release-4.27
LogInit: Compatible Engine Version: 4.27.0-17155196+++UE4+Release-4.27
LogInit: Net CL: 17155196
LogInit: OS: Windows 10 (Release 2009) (), CPU: Intel(R) Core(TM) i7-9750H CPU @ 2.60GHz, GPU: Intel(R) UHD Graphics 630
LogInit: Compiled (64-bit): Nov 30 2021 07:12:08
LogInit: Compiled with Visual C++: 19.24.28315.00
LogInit: Build Configuration: Development
LogInit: Branch Name: ++UE4+Release-4.27
LogInit: Command Line:  C:/Users/fazan/Games/marvin-attack/MarvinAttack/MarvinAttack.uproject -run=GatherText -config=Config/Localization/Game_GenerateReports.ini -EnableSCC -DisableSCCSubmit
LogInit: Base Directory: C:/Program Files/Epic Games/UE_4.27/Engine/Binaries/Win64/
LogInit: Allocator: TBB
LogInit: Installed Engine Build: 1
LogDevObjectVersion: Number of dev versions registered: 29
LogDevObjectVersion:   Dev-Blueprints (B0D832E4-1F89-4F0D-ACCF-7EB736FD4AA2): 10
LogDevObjectVersion:   Dev-Build (E1C64328-A22C-4D53-A36C-8E866417BD8C): 0
LogDevObjectVersion:   Dev-Core (375EC13C-06E4-48FB-B500-84F0262A717E): 4
LogDevObjectVersion:   Dev-Editor (E4B068ED-F494-42E9-A231-DA0B2E46BB41): 40
LogDevObjectVersion:   Dev-Framework (CFFC743F-43B0-4480-9391-14DF171D2073): 37
LogDevObjectVersion:   Dev-Mobile (B02B49B5-BB20-44E9-A304-32B752E40360): 3
LogDevObjectVersion:   Dev-Networking (A4E4105C-59A1-49B5-A7C5-40C4547EDFEE): 0
LogDevObjectVersion:   Dev-Online (39C831C9-5AE6-47DC-9A44-9C173E1C8E7C): 0
LogDevObjectVersion:   Dev-Physics (78F01B33-EBEA-4F98-B9B4-84EACCB95AA2): 14
LogDevObjectVersion:   Dev-Platform (6631380F-2D4D-43E0-8009-CF276956A95A): 0
LogDevObjectVersion:   Dev-Rendering (12F88B9F-8875-4AFC-A67C-D90C383ABD29): 45
LogDevObjectVersion:   Dev-Sequencer (7B5AE74C-D270-4C10-A958-57980B212A5A): 13
LogDevObjectVersion:   Dev-VR (D7296918-1DD6-4BDD-9DE2-64A83CC13884): 3
LogDevObjectVersion:   Dev-LoadTimes (C2A15278-BFE7-4AFE-6C17-90FF531DF755): 1
LogDevObjectVersion:   Private-Geometry (6EACA3D4-40EC-4CC1-B786-8BED09428FC5): 3
LogDevObjectVersion:   Dev-AnimPhys (29E575DD-E0A3-4627-9D10-D276232CDCEA): 17
LogDevObjectVersion:   Dev-Anim (AF43A65D-7FD3-4947-9873-3E8ED9C1BB05): 15
LogDevObjectVersion:   Dev-ReflectionCapture (6B266CEC-1EC7-4B8F-A30B-E4D90942FC07): 1
LogDevObjectVersion:   Dev-Automation (0DF73D61-A23F-47EA-B727-89E90C41499A): 1
LogDevObjectVersion:   FortniteMain (601D1886-AC64-4F84-AA16-D3DE0DEAC7D6): 47
LogDevObjectVersion:   FortniteRelease (E7086368-6B23-4C58-8439-1B7016265E91): 1
LogDevObjectVersion:   Dev-Enterprise (9DFFBCD6-494F-0158-E221-12823C92A888): 10
LogDevObjectVersion:   Dev-Niagara (F2AED0AC-9AFE-416F-8664-AA7FFA26D6FC): 1
LogDevObjectVersion:   Dev-Destruction (174F1F0B-B4C6-45A5-B13F-2EE8D0FB917D): 10
LogDevObjectVersion:   Dev-Physics-Ext (35F94A83-E258-406C-A318-09F59610247C): 41
LogDevObjectVersion:   Dev-PhysicsMaterial-Chaos (B68FC16E-8B1B-42E2-B453-215C058844FE): 1
LogDevObjectVersion:   Dev-CineCamera (B2E18506-4273-CFC2-A54E-F4BB758BBA07): 1
LogDevObjectVersion:   Dev-VirtualProduction (64F58936-FD1B-42BA-BA96-7289D5D0FA4E): 1
LogDevObjectVersion:   Dev-MediaFramework (6F0ED827-A609-4895-9C91-998D90180EA4): 2
LogInit: Presizing for max 25165824 objects, including 0 objects not considered by GC, pre-allocating 0 bytes for permanent pool.
LogConfig: Applying CVar settings from Section [/Script/Engine.StreamingSettings] File [C:/Users/fazan/Games/marvin-attack/MarvinAttack/Saved/Config/Windows/Engine.ini]
LogConfig: Setting CVar [[s.MinBulkDataSizeForAsyncLoading:131072]]
LogConfig: Setting CVar [[s.AsyncLoadingThreadEnabled:0]]
LogConfig: Setting CVar [[s.EventDrivenLoaderEnabled:1]]
LogConfig: Setting CVar [[s.WarnIfTimeLimitExceeded:0]]
LogConfig: Setting CVar [[s.TimeLimitExceededMultiplier:1.5]]
LogConfig: Setting CVar [[s.TimeLimitExceededMinTime:0.005]]
LogConfig: Setting CVar [[s.UseBackgroundLevelStreaming:1]]
LogConfig: Setting CVar [[s.PriorityAsyncLoadingExtraTime:15.0]]
LogConfig: Setting CVar [[s.LevelStreamingActorsUpdateTimeLimit:5.0]]
LogConfig: Setting CVar [[s.PriorityLevelStreamingActorsUpdateExtraTime:5.0]]
LogConfig: Setting CVar [[s.LevelStreamingComponentsRegistrationGranularity:10]]
LogConfig: Setting CVar [[s.UnregisterComponentsTimeLimit:1.0]]
LogConfig: Setting CVar [[s.LevelStreamingComponentsUnregistrationGranularity:5]]
LogConfig: Setting CVar [[s.FlushStreamingOnExit:1]]
LogInit: Object subsystem initialized
LogConfig: Setting CVar [[con.DebugEarlyDefault:1]]
LogConfig: Setting CVar [[r.setres:1280x720]]
[2022.07.01-17.07.01:247][  0]LogConfig: Setting CVar [[con.DebugEarlyDefault:1]]
[2022.07.01-17.07.01:247][  0]LogConfig: Setting CVar [[r.setres:1280x720]]
[2022.07.01-17.07.01:247][  0]LogConfig: Applying CVar settings from Section [/Script/Engine.RendererSettings] File [C:/Users/fazan/Games/marvin-attack/MarvinAttack/Saved/Config/Windows/Engine.ini]
[2022.07.01-17.07.01:247][  0]LogConfig: Setting CVar [[r.GPUCrashDebugging:0]]
[2022.07.01-17.07.01:247][  0]LogConfig: Applying CVar settings from Section [/Script/Engine.RendererOverrideSettings] File [C:/Users/fazan/Games/marvin-attack/MarvinAttack/Saved/Config/Windows/Engine.ini]
[2022.07.01-17.07.01:247][  0]LogConfig: Applying CVar settings from Section [/Script/Engine.StreamingSettings] File [C:/Users/fazan/Games/marvin-attack/MarvinAttack/Saved/Config/Windows/Engine.ini]
[2022.07.01-17.07.01:247][  0]LogConfig: Setting CVar [[s.MinBulkDataSizeForAsyncLoading:131072]]
[2022.07.01-17.07.01:247][  0]LogConfig: Setting CVar [[s.AsyncLoadingThreadEnabled:0]]
[2022.07.01-17.07.01:247][  0]LogConfig: Setting CVar [[s.EventDrivenLoaderEnabled:1]]
[2022.07.01-17.07.01:247][  0]LogConfig: Setting CVar [[s.WarnIfTimeLimitExceeded:0]]
[2022.07.01-17.07.01:247][  0]LogConfig: Setting CVar [[s.TimeLimitExceededMultiplier:1.5]]
[2022.07.01-17.07.01:247][  0]LogConfig: Setting CVar [[s.TimeLimitExceededMinTime:0.005]]
[2022.07.01-17.07.01:247][  0]LogConfig: Setting CVar [[s.UseBackgroundLevelStreaming:1]]
[2022.07.01-17.07.01:247][  0]LogConfig: Setting CVar [[s.PriorityAsyncLoadingExtraTime:15.0]]
[2022.07.01-17.07.01:247][  0]LogConfig: Setting CVar [[s.LevelStreamingActorsUpdateTimeLimit:5.0]]
[2022.07.01-17.07.01:247][  0]LogConfig: Setting CVar [[s.PriorityLevelStreamingActorsUpdateExtraTime:5.0]]
[2022.07.01-17.07.01:247][  0]LogConfig: Setting CVar [[s.LevelStreamingComponentsRegistrationGranularity:10]]
[2022.07.01-17.07.01:247][  0]LogConfig: Setting CVar [[s.UnregisterComponentsTimeLimit:1.0]]
[2022.07.01-17.07.01:247][  0]LogConfig: Setting CVar [[s.LevelStreamingComponentsUnregistrationGranularity:5]]
[2022.07.01-17.07.01:247][  0]LogConfig: Setting CVar [[s.FlushStreamingOnExit:1]]
[2022.07.01-17.07.01:247][  0]LogConfig: Applying CVar settings from Section [/Script/Engine.GarbageCollectionSettings] File [C:/Users/fazan/Games/marvin-attack/MarvinAttack/Saved/Config/Windows/Engine.ini]
[2022.07.01-17.07.01:247][  0]LogConfig: Setting CVar [[gc.MaxObjectsNotConsideredByGC:1]]
[2022.07.01-17.07.01:247][  0]LogConfig: Setting CVar [[gc.SizeOfPermanentObjectPool:0]]
[2022.07.01-17.07.01:247][  0]LogConfig: Setting CVar [[gc.FlushStreamingOnGC:0]]
[2022.07.01-17.07.01:247][  0]LogConfig: Setting CVar [[gc.NumRetriesBeforeForcingGC:10]]
[2022.07.01-17.07.01:247][  0]LogConfig: Setting CVar [[gc.AllowParallelGC:1]]
[2022.07.01-17.07.01:247][  0]LogConfig: Setting CVar [[gc.TimeBetweenPurgingPendingKillObjects:61.1]]
[2022.07.01-17.07.01:247][  0]LogConfig: Setting CVar [[gc.MaxObjectsInEditor:25165824]]
[2022.07.01-17.07.01:247][  0]LogConfig: Setting CVar [[gc.IncrementalBeginDestroyEnabled:1]]
[2022.07.01-17.07.01:247][  0]LogConfig: Setting CVar [[gc.CreateGCClusters:1]]
[2022.07.01-17.07.01:247][  0]LogConfig: Setting CVar [[gc.MinGCClusterSize:5]]
[2022.07.01-17.07.01:247][  0]LogConfig: Setting CVar [[gc.ActorClusteringEnabled:0]]
[2022.07.01-17.07.01:247][  0]LogConfig: Setting CVar [[gc.BlueprintClusteringEnabled:0]]
[2022.07.01-17.07.01:247][  0]LogConfig: Setting CVar [[gc.UseDisregardForGCOnDedicatedServers:0]]
[2022.07.01-17.07.01:247][  0]LogConfig: Setting CVar [[gc.MultithreadedDestructionEnabled:1]]
[2022.07.01-17.07.01:247][  0]LogConfig: Applying CVar settings from Section [/Script/Engine.NetworkSettings] File [C:/Users/fazan/Games/marvin-attack/MarvinAttack/Saved/Config/Windows/Engine.ini]
[2022.07.01-17.07.01:247][  0]LogConfig: Applying CVar settings from Section [/Script/UnrealEd.CookerSettings] File [C:/Users/fazan/Games/marvin-attack/MarvinAttack/Saved/Config/Windows/Engine.ini]
[2022.07.01-17.07.01:247][  0]LogConfig: Applying CVar settings from Section [ViewDistanceQuality@3] File [C:/Users/fazan/Games/marvin-attack/MarvinAttack/Saved/Config/Windows/Scalability.ini]
[2022.07.01-17.07.01:247][  0]LogConfig: Setting CVar [[r.SkeletalMeshLODBias:0]]
[2022.07.01-17.07.01:247][  0]LogConfig: Setting CVar [[r.ViewDistanceScale:1.0]]
[2022.07.01-17.07.01:247][  0]LogConfig: Applying CVar settings from Section [AntiAliasingQuality@3] File [C:/Users/fazan/Games/marvin-attack/MarvinAttack/Saved/Config/Windows/Scalability.ini]
[2022.07.01-17.07.01:247][  0]LogConfig: Setting CVar [[r.PostProcessAAQuality:4]]
[2022.07.01-17.07.01:247][  0]LogConfig: Applying CVar settings from Section [ShadowQuality@3] File [C:/Users/fazan/Games/marvin-attack/MarvinAttack/Saved/Config/Windows/Scalability.ini]
[2022.07.01-17.07.01:247][  0]LogConfig: Setting CVar [[r.LightFunctionQuality:1]]
[2022.07.01-17.07.01:247][  0]LogConfig: Setting CVar [[r.ShadowQuality:5]]
[2022.07.01-17.07.01:247][  0]LogConfig: Setting CVar [[r.Shadow.CSM.MaxCascades:10]]
[2022.07.01-17.07.01:247][  0]LogConfig: Setting CVar [[r.Shadow.MaxResolution:2048]]
[2022.07.01-17.07.01:247][  0]LogConfig: Setting CVar [[r.Shadow.MaxCSMResolution:2048]]
[2022.07.01-17.07.01:247][  0]LogConfig: Setting CVar [[r.Shadow.RadiusThreshold:0.01]]
[2022.07.01-17.07.01:247][  0]LogConfig: Setting CVar [[r.Shadow.DistanceScale:1.0]]
[2022.07.01-17.07.01:247][  0]LogConfig: Setting CVar [[r.Shadow.CSM.TransitionScale:1.0]]
[2022.07.01-17.07.01:247][  0]LogConfig: Setting CVar [[r.Shadow.PreShadowResolutionFactor:1.0]]
[2022.07.01-17.07.01:247][  0]LogConfig: Setting CVar [[r.DistanceFieldShadowing:1]]
[2022.07.01-17.07.01:247][  0]LogConfig: Setting CVar [[r.DistanceFieldAO:1]]
[2022.07.01-17.07.01:248][  0]LogConfig: Setting CVar [[r.AOQuality:2]]
[2022.07.01-17.07.01:248][  0]LogConfig: Setting CVar [[r.VolumetricFog:1]]
[2022.07.01-17.07.01:248][  0]LogConfig: Setting CVar [[r.VolumetricFog.GridPixelSize:8]]
[2022.07.01-17.07.01:248][  0]LogConfig: Setting CVar [[r.VolumetricFog.GridSizeZ:128]]
[2022.07.01-17.07.01:248][  0]LogConfig: Setting CVar [[r.VolumetricFog.HistoryMissSupersampleCount:4]]
[2022.07.01-17.07.01:248][  0]LogConfig: Setting CVar [[r.LightMaxDrawDistanceScale:1]]
[2022.07.01-17.07.01:248][  0]LogConfig: Setting CVar [[r.CapsuleShadows:1]]
[2022.07.01-17.07.01:248][  0]LogConfig: Applying CVar settings from Section [PostProcessQuality@3] File [C:/Users/fazan/Games/marvin-attack/MarvinAttack/Saved/Config/Windows/Scalability.ini]
[2022.07.01-17.07.01:248][  0]LogConfig: Setting CVar [[r.MotionBlurQuality:4]]
[2022.07.01-17.07.01:248][  0]LogConfig: Setting CVar [[r.AmbientOcclusionMipLevelFactor:0.4]]
[2022.07.01-17.07.01:248][  0]LogConfig: Setting CVar [[r.AmbientOcclusionMaxQuality:100]]
[2022.07.01-17.07.01:248][  0]LogConfig: Setting CVar [[r.AmbientOcclusionLevels:-1]]
[2022.07.01-17.07.01:248][  0]LogConfig: Setting CVar [[r.AmbientOcclusionRadiusScale:1.0]]
[2022.07.01-17.07.01:248][  0]LogConfig: Setting CVar [[r.DepthOfFieldQuality:2]]
[2022.07.01-17.07.01:248][  0]LogConfig: Setting CVar [[r.RenderTargetPoolMin:400]]
[2022.07.01-17.07.01:248][  0]LogConfig: Setting CVar [[r.LensFlareQuality:2]]
[2022.07.01-17.07.01:248][  0]LogConfig: Setting CVar [[r.SceneColorFringeQuality:1]]
[2022.07.01-17.07.01:248][  0]LogConfig: Setting CVar [[r.EyeAdaptationQuality:2]]
[2022.07.01-17.07.01:248][  0]LogConfig: Setting CVar [[r.BloomQuality:5]]
[2022.07.01-17.07.01:248][  0]LogConfig: Setting CVar [[r.FastBlurThreshold:100]]
[2022.07.01-17.07.01:248][  0]LogConfig: Setting CVar [[r.Upscale.Quality:3]]
[2022.07.01-17.07.01:248][  0]LogConfig: Setting CVar [[r.Tonemapper.GrainQuantization:1]]
[2022.07.01-17.07.01:248][  0]LogConfig: Setting CVar [[r.LightShaftQuality:1]]
[2022.07.01-17.07.01:248][  0]LogConfig: Setting CVar [[r.Filter.SizeScale:1]]
[2022.07.01-17.07.01:248][  0]LogConfig: Setting CVar [[r.Tonemapper.Quality:5]]
[2022.07.01-17.07.01:248][  0]LogConfig: Setting CVar [[r.DOF.Gather.AccumulatorQuality:1        ; higher gathering accumulator quality]]
[2022.07.01-17.07.01:248][  0]LogConfig: Setting CVar [[r.DOF.Gather.PostfilterMethod:1          ; Median3x3 postfilering method]]
[2022.07.01-17.07.01:248][  0]LogConfig: Setting CVar [[r.DOF.Gather.EnableBokehSettings:0       ; no bokeh simulation when gathering]]
[2022.07.01-17.07.01:248][  0]LogConfig: Setting CVar [[r.DOF.Gather.RingCount:4                 ; medium number of samples when gathering]]
[2022.07.01-17.07.01:248][  0]LogConfig: Setting CVar [[r.DOF.Scatter.ForegroundCompositing:1    ; additive foreground scattering]]
[2022.07.01-17.07.01:248][  0]LogConfig: Setting CVar [[r.DOF.Scatter.BackgroundCompositing:2    ; additive background scattering]]
[2022.07.01-17.07.01:248][  0]LogConfig: Setting CVar [[r.DOF.Scatter.EnableBokehSettings:1      ; bokeh simulation when scattering]]
[2022.07.01-17.07.01:248][  0]LogConfig: Setting CVar [[r.DOF.Scatter.MaxSpriteRatio:0.1         ; only a maximum of 10% of scattered bokeh]]
[2022.07.01-17.07.01:248][  0]LogConfig: Setting CVar [[r.DOF.Recombine.Quality:1                ; cheap slight out of focus]]
[2022.07.01-17.07.01:248][  0]LogConfig: Setting CVar [[r.DOF.Recombine.EnableBokehSettings:0    ; no bokeh simulation on slight out of focus]]
[2022.07.01-17.07.01:248][  0]LogConfig: Setting CVar [[r.DOF.TemporalAAQuality:1                ; more stable temporal accumulation]]
[2022.07.01-17.07.01:248][  0]LogConfig: Setting CVar [[r.DOF.Kernel.MaxForegroundRadius:0.025]]
[2022.07.01-17.07.01:248][  0]LogConfig: Setting CVar [[r.DOF.Kernel.MaxBackgroundRadius:0.025]]
[2022.07.01-17.07.01:248][  0]LogConfig: Applying CVar settings from Section [TextureQuality@3] File [C:/Users/fazan/Games/marvin-attack/MarvinAttack/Saved/Config/Windows/Scalability.ini]
[2022.07.01-17.07.01:248][  0]LogConfig: Setting CVar [[r.Streaming.MipBias:0]]
[2022.07.01-17.07.01:248][  0]LogConfig: Setting CVar [[r.Streaming.AmortizeCPUToGPUCopy:0]]
[2022.07.01-17.07.01:248][  0]LogConfig: Setting CVar [[r.Streaming.MaxNumTexturesToStreamPerFrame:0]]
[2022.07.01-17.07.01:248][  0]LogConfig: Setting CVar [[r.Streaming.Boost:1]]
[2022.07.01-17.07.01:248][  0]LogConfig: Setting CVar [[r.MaxAnisotropy:8]]
[2022.07.01-17.07.01:248][  0]LogConfig: Setting CVar [[r.VT.MaxAnisotropy:8]]
[2022.07.01-17.07.01:248][  0]LogConfig: Setting CVar [[r.Streaming.LimitPoolSizeToVRAM:0]]
[2022.07.01-17.07.01:248][  0]LogConfig: Setting CVar [[r.Streaming.PoolSize:1000]]
[2022.07.01-17.07.01:248][  0]LogConfig: Setting CVar [[r.Streaming.MaxEffectiveScreenSize:0]]
[2022.07.01-17.07.01:248][  0]LogConfig: Applying CVar settings from Section [EffectsQuality@3] File [C:/Users/fazan/Games/marvin-attack/MarvinAttack/Saved/Config/Windows/Scalability.ini]
[2022.07.01-17.07.01:248][  0]LogConfig: Setting CVar [[r.TranslucencyLightingVolumeDim:64]]
[2022.07.01-17.07.01:248][  0]LogConfig: Setting CVar [[r.RefractionQuality:2]]
[2022.07.01-17.07.01:248][  0]LogConfig: Setting CVar [[r.SSR.Quality:3]]
[2022.07.01-17.07.01:248][  0]LogConfig: Setting CVar [[r.SSR.HalfResSceneColor:0]]
[2022.07.01-17.07.01:248][  0]LogConfig: Setting CVar [[r.SceneColorFormat:4]]
[2022.07.01-17.07.01:248][  0]LogConfig: Setting CVar [[r.DetailMode:2]]
[2022.07.01-17.07.01:248][  0]LogConfig: Setting CVar [[r.TranslucencyVolumeBlur:1]]
[2022.07.01-17.07.01:248][  0]LogConfig: Setting CVar [[r.MaterialQualityLevel:1 ; High quality]]
[2022.07.01-17.07.01:248][  0]LogConfig: Setting CVar [[r.AnisotropicMaterials:1]]
[2022.07.01-17.07.01:248][  0]LogConfig: Setting CVar [[r.SSS.Scale:1]]
[2022.07.01-17.07.01:248][  0]LogConfig: Setting CVar [[r.SSS.SampleSet:2]]
[2022.07.01-17.07.01:248][  0]LogConfig: Setting CVar [[r.SSS.Quality:1]]
[2022.07.01-17.07.01:248][  0]LogConfig: Setting CVar [[r.SSS.HalfRes:0]]
[2022.07.01-17.07.01:248][  0]LogConfig: Setting CVar [[r.SSGI.Quality:3]]
[2022.07.01-17.07.01:248][  0]LogConfig: Setting CVar [[r.EmitterSpawnRateScale:1.0]]
[2022.07.01-17.07.01:248][  0]LogConfig: Setting CVar [[r.ParticleLightQuality:2]]
[2022.07.01-17.07.01:248][  0]LogConfig: Setting CVar [[r.SkyAtmosphere.AerialPerspectiveLUT.FastApplyOnOpaque:1 ; Always have FastSkyLUT 1 in this case to avoid wrong sky]]
[2022.07.01-17.07.01:248][  0]LogConfig: Setting CVar [[r.SkyAtmosphere.AerialPerspectiveLUT.SampleCountMaxPerSlice:4]]
[2022.07.01-17.07.01:248][  0]LogConfig: Setting CVar [[r.SkyAtmosphere.AerialPerspectiveLUT.DepthResolution:16.0]]
[2022.07.01-17.07.01:249][  0]LogConfig: Setting CVar [[r.SkyAtmosphere.FastSkyLUT:1]]
[2022.07.01-17.07.01:249][  0]LogConfig: Setting CVar [[r.SkyAtmosphere.FastSkyLUT.SampleCountMin:4.0]]
[2022.07.01-17.07.01:249][  0]LogConfig: Setting CVar [[r.SkyAtmosphere.FastSkyLUT.SampleCountMax:128.0]]
[2022.07.01-17.07.01:249][  0]LogConfig: Setting CVar [[r.SkyAtmosphere.SampleCountMin:4.0]]
[2022.07.01-17.07.01:249][  0]LogConfig: Setting CVar [[r.SkyAtmosphere.SampleCountMax:128.0]]
[2022.07.01-17.07.01:249][  0]LogConfig: Setting CVar [[r.SkyAtmosphere.TransmittanceLUT.UseSmallFormat:0]]
[2022.07.01-17.07.01:249][  0]LogConfig: Setting CVar [[r.SkyAtmosphere.TransmittanceLUT.SampleCount:10.0]]
[2022.07.01-17.07.01:249][  0]LogConfig: Setting CVar [[r.SkyAtmosphere.MultiScatteringLUT.SampleCount:15.0]]
[2022.07.01-17.07.01:249][  0]LogConfig: Setting CVar [[r.SkyLight.RealTimeReflectionCapture:1]]
[2022.07.01-17.07.01:249][  0]LogConfig: Applying CVar settings from Section [FoliageQuality@3] File [C:/Users/fazan/Games/marvin-attack/MarvinAttack/Saved/Config/Windows/Scalability.ini]
[2022.07.01-17.07.01:249][  0]LogConfig: Setting CVar [[foliage.DensityScale:1.0]]
[2022.07.01-17.07.01:249][  0]LogConfig: Setting CVar [[grass.DensityScale:1.0]]
[2022.07.01-17.07.01:249][  0]LogConfig: Applying CVar settings from Section [ShadingQuality@3] File [C:/Users/fazan/Games/marvin-attack/MarvinAttack/Saved/Config/Windows/Scalability.ini]
[2022.07.01-17.07.01:249][  0]LogConfig: Setting CVar [[r.HairStrands.SkyLighting.IntegrationType:2]]
[2022.07.01-17.07.01:249][  0]LogConfig: Setting CVar [[r.HairStrands.SkyAO.SampleCount:4]]
[2022.07.01-17.07.01:249][  0]LogConfig: Setting CVar [[r.HairStrands.Visibility.MSAA.SamplePerPixel:4]]
[2022.07.01-17.07.01:253][  0]LogInit: Selected Device Profile: [Windows]
[2022.07.01-17.07.01:253][  0]LogInit: Applying CVar settings loaded from the selected device profile: [Windows]
[2022.07.01-17.07.01:253][  0]LogHAL: Display: Platform has ~ 8 GB [8432324608 / 8589934592 / 8], which maps to Default [LargestMinGB=32, LargerMinGB=12, DefaultMinGB=8, SmallerMinGB=6, SmallestMinGB=0)
[2022.07.01-17.07.01:253][  0]LogInit: Going up to parent DeviceProfile []
[2022.07.01-17.07.01:253][  0]LogConfig: Applying CVar settings from Section [ViewDistanceQuality@3] File [C:/Users/fazan/Games/marvin-attack/MarvinAttack/Saved/Config/Windows/Scalability.ini]
[2022.07.01-17.07.01:253][  0]LogConfig: Setting CVar [[r.SkeletalMeshLODBias:0]]
[2022.07.01-17.07.01:253][  0]LogConfig: Setting CVar [[r.ViewDistanceScale:1.0]]
[2022.07.01-17.07.01:253][  0]LogConfig: Applying CVar settings from Section [AntiAliasingQuality@3] File [C:/Users/fazan/Games/marvin-attack/MarvinAttack/Saved/Config/Windows/Scalability.ini]
[2022.07.01-17.07.01:253][  0]LogConfig: Setting CVar [[r.PostProcessAAQuality:4]]
[2022.07.01-17.07.01:253][  0]LogConfig: Applying CVar settings from Section [ShadowQuality@3] File [C:/Users/fazan/Games/marvin-attack/MarvinAttack/Saved/Config/Windows/Scalability.ini]
[2022.07.01-17.07.01:253][  0]LogConfig: Setting CVar [[r.LightFunctionQuality:1]]
[2022.07.01-17.07.01:253][  0]LogConfig: Setting CVar [[r.ShadowQuality:5]]
[2022.07.01-17.07.01:253][  0]LogConfig: Setting CVar [[r.Shadow.CSM.MaxCascades:10]]
[2022.07.01-17.07.01:253][  0]LogConfig: Setting CVar [[r.Shadow.MaxResolution:2048]]
[2022.07.01-17.07.01:253][  0]LogConfig: Setting CVar [[r.Shadow.MaxCSMResolution:2048]]
[2022.07.01-17.07.01:253][  0]LogConfig: Setting CVar [[r.Shadow.RadiusThreshold:0.01]]
[2022.07.01-17.07.01:253][  0]LogConfig: Setting CVar [[r.Shadow.DistanceScale:1.0]]
[2022.07.01-17.07.01:253][  0]LogConfig: Setting CVar [[r.Shadow.CSM.TransitionScale:1.0]]
[2022.07.01-17.07.01:253][  0]LogConfig: Setting CVar [[r.Shadow.PreShadowResolutionFactor:1.0]]
[2022.07.01-17.07.01:253][  0]LogConfig: Setting CVar [[r.DistanceFieldShadowing:1]]
[2022.07.01-17.07.01:253][  0]LogConfig: Setting CVar [[r.DistanceFieldAO:1]]
[2022.07.01-17.07.01:253][  0]LogConfig: Setting CVar [[r.AOQuality:2]]
[2022.07.01-17.07.01:253][  0]LogConfig: Setting CVar [[r.VolumetricFog:1]]
[2022.07.01-17.07.01:253][  0]LogConfig: Setting CVar [[r.VolumetricFog.GridPixelSize:8]]
[2022.07.01-17.07.01:253][  0]LogConfig: Setting CVar [[r.VolumetricFog.GridSizeZ:128]]
[2022.07.01-17.07.01:253][  0]LogConfig: Setting CVar [[r.VolumetricFog.HistoryMissSupersampleCount:4]]
[2022.07.01-17.07.01:253][  0]LogConfig: Setting CVar [[r.LightMaxDrawDistanceScale:1]]
[2022.07.01-17.07.01:253][  0]LogConfig: Setting CVar [[r.CapsuleShadows:1]]
[2022.07.01-17.07.01:253][  0]LogConfig: Applying CVar settings from Section [PostProcessQuality@3] File [C:/Users/fazan/Games/marvin-attack/MarvinAttack/Saved/Config/Windows/Scalability.ini]
[2022.07.01-17.07.01:253][  0]LogConfig: Setting CVar [[r.MotionBlurQuality:4]]
[2022.07.01-17.07.01:253][  0]LogConfig: Setting CVar [[r.AmbientOcclusionMipLevelFactor:0.4]]
[2022.07.01-17.07.01:253][  0]LogConfig: Setting CVar [[r.AmbientOcclusionMaxQuality:100]]
[2022.07.01-17.07.01:253][  0]LogConfig: Setting CVar [[r.AmbientOcclusionLevels:-1]]
[2022.07.01-17.07.01:253][  0]LogConfig: Setting CVar [[r.AmbientOcclusionRadiusScale:1.0]]
[2022.07.01-17.07.01:253][  0]LogConfig: Setting CVar [[r.DepthOfFieldQuality:2]]
[2022.07.01-17.07.01:253][  0]LogConfig: Setting CVar [[r.RenderTargetPoolMin:400]]
[2022.07.01-17.07.01:253][  0]LogConfig: Setting CVar [[r.LensFlareQuality:2]]
[2022.07.01-17.07.01:253][  0]LogConfig: Setting CVar [[r.SceneColorFringeQuality:1]]
[2022.07.01-17.07.01:253][  0]LogConfig: Setting CVar [[r.EyeAdaptationQuality:2]]
[2022.07.01-17.07.01:253][  0]LogConfig: Setting CVar [[r.BloomQuality:5]]
[2022.07.01-17.07.01:253][  0]LogConfig: Setting CVar [[r.FastBlurThreshold:100]]
[2022.07.01-17.07.01:253][  0]LogConfig: Setting CVar [[r.Upscale.Quality:3]]
[2022.07.01-17.07.01:253][  0]LogConfig: Setting CVar [[r.Tonemapper.GrainQuantization:1]]
[2022.07.01-17.07.01:253][  0]LogConfig: Setting CVar [[r.LightShaftQuality:1]]
[2022.07.01-17.07.01:253][  0]LogConfig: Setting CVar [[r.Filter.SizeScale:1]]
[2022.07.01-17.07.01:253][  0]LogConfig: Setting CVar [[r.Tonemapper.Quality:5]]
[2022.07.01-17.07.01:253][  0]LogConfig: Setting CVar [[r.DOF.Gather.AccumulatorQuality:1        ; higher gathering accumulator quality]]
[2022.07.01-17.07.01:253][  0]LogConfig: Setting CVar [[r.DOF.Gather.PostfilterMethod:1          ; Median3x3 postfilering method]]
[2022.07.01-17.07.01:253][  0]LogConfig: Setting CVar [[r.DOF.Gather.EnableBokehSettings:0       ; no bokeh simulation when gathering]]
[2022.07.01-17.07.01:253][  0]LogConfig: Setting CVar [[r.DOF.Gather.RingCount:4                 ; medium number of samples when gathering]]
[2022.07.01-17.07.01:253][  0]LogConfig: Setting CVar [[r.DOF.Scatter.ForegroundCompositing:1    ; additive foreground scattering]]
[2022.07.01-17.07.01:253][  0]LogConfig: Setting CVar [[r.DOF.Scatter.BackgroundCompositing:2    ; additive background scattering]]
[2022.07.01-17.07.01:253][  0]LogConfig: Setting CVar [[r.DOF.Scatter.EnableBokehSettings:1      ; bokeh simulation when scattering]]
[2022.07.01-17.07.01:253][  0]LogConfig: Setting CVar [[r.DOF.Scatter.MaxSpriteRatio:0.1         ; only a maximum of 10% of scattered bokeh]]
[2022.07.01-17.07.01:253][  0]LogConfig: Setting CVar [[r.DOF.Recombine.Quality:1                ; cheap slight out of focus]]
[2022.07.01-17.07.01:253][  0]LogConfig: Setting CVar [[r.DOF.Recombine.EnableBokehSettings:0    ; no bokeh simulation on slight out of focus]]
[2022.07.01-17.07.01:254][  0]LogConfig: Setting CVar [[r.DOF.TemporalAAQuality:1                ; more stable temporal accumulation]]
[2022.07.01-17.07.01:254][  0]LogConfig: Setting CVar [[r.DOF.Kernel.MaxForegroundRadius:0.025]]
[2022.07.01-17.07.01:254][  0]LogConfig: Setting CVar [[r.DOF.Kernel.MaxBackgroundRadius:0.025]]
[2022.07.01-17.07.01:254][  0]LogConfig: Applying CVar settings from Section [TextureQuality@3] File [C:/Users/fazan/Games/marvin-attack/MarvinAttack/Saved/Config/Windows/Scalability.ini]
[2022.07.01-17.07.01:254][  0]LogConfig: Setting CVar [[r.Streaming.MipBias:0]]
[2022.07.01-17.07.01:254][  0]LogConfig: Setting CVar [[r.Streaming.AmortizeCPUToGPUCopy:0]]
[2022.07.01-17.07.01:254][  0]LogConfig: Setting CVar [[r.Streaming.MaxNumTexturesToStreamPerFrame:0]]
[2022.07.01-17.07.01:254][  0]LogConfig: Setting CVar [[r.Streaming.Boost:1]]
[2022.07.01-17.07.01:254][  0]LogConfig: Setting CVar [[r.MaxAnisotropy:8]]
[2022.07.01-17.07.01:254][  0]LogConfig: Setting CVar [[r.VT.MaxAnisotropy:8]]
[2022.07.01-17.07.01:254][  0]LogConfig: Setting CVar [[r.Streaming.LimitPoolSizeToVRAM:0]]
[2022.07.01-17.07.01:254][  0]LogConfig: Setting CVar [[r.Streaming.PoolSize:1000]]
[2022.07.01-17.07.01:254][  0]LogConfig: Setting CVar [[r.Streaming.MaxEffectiveScreenSize:0]]
[2022.07.01-17.07.01:254][  0]LogConfig: Applying CVar settings from Section [EffectsQuality@3] File [C:/Users/fazan/Games/marvin-attack/MarvinAttack/Saved/Config/Windows/Scalability.ini]
[2022.07.01-17.07.01:254][  0]LogConfig: Setting CVar [[r.TranslucencyLightingVolumeDim:64]]
[2022.07.01-17.07.01:254][  0]LogConfig: Setting CVar [[r.RefractionQuality:2]]
[2022.07.01-17.07.01:254][  0]LogConfig: Setting CVar [[r.SSR.Quality:3]]
[2022.07.01-17.07.01:254][  0]LogConfig: Setting CVar [[r.SSR.HalfResSceneColor:0]]
[2022.07.01-17.07.01:254][  0]LogConfig: Setting CVar [[r.SceneColorFormat:4]]
[2022.07.01-17.07.01:254][  0]LogConfig: Setting CVar [[r.DetailMode:2]]
[2022.07.01-17.07.01:254][  0]LogConfig: Setting CVar [[r.TranslucencyVolumeBlur:1]]
[2022.07.01-17.07.01:254][  0]LogConfig: Setting CVar [[r.MaterialQualityLevel:1 ; High quality]]
[2022.07.01-17.07.01:254][  0]LogConfig: Setting CVar [[r.AnisotropicMaterials:1]]
[2022.07.01-17.07.01:254][  0]LogConfig: Setting CVar [[r.SSS.Scale:1]]
[2022.07.01-17.07.01:254][  0]LogConfig: Setting CVar [[r.SSS.SampleSet:2]]
[2022.07.01-17.07.01:254][  0]LogConfig: Setting CVar [[r.SSS.Quality:1]]
[2022.07.01-17.07.01:254][  0]LogConfig: Setting CVar [[r.SSS.HalfRes:0]]
[2022.07.01-17.07.01:254][  0]LogConfig: Setting CVar [[r.SSGI.Quality:3]]
[2022.07.01-17.07.01:254][  0]LogConfig: Setting CVar [[r.EmitterSpawnRateScale:1.0]]
[2022.07.01-17.07.01:254][  0]LogConfig: Setting CVar [[r.ParticleLightQuality:2]]
[2022.07.01-17.07.01:254][  0]LogConfig: Setting CVar [[r.SkyAtmosphere.AerialPerspectiveLUT.FastApplyOnOpaque:1 ; Always have FastSkyLUT 1 in this case to avoid wrong sky]]
[2022.07.01-17.07.01:254][  0]LogConfig: Setting CVar [[r.SkyAtmosphere.AerialPerspectiveLUT.SampleCountMaxPerSlice:4]]
[2022.07.01-17.07.01:254][  0]LogConfig: Setting CVar [[r.SkyAtmosphere.AerialPerspectiveLUT.DepthResolution:16.0]]
[2022.07.01-17.07.01:254][  0]LogConfig: Setting CVar [[r.SkyAtmosphere.FastSkyLUT:1]]
[2022.07.01-17.07.01:254][  0]LogConfig: Setting CVar [[r.SkyAtmosphere.FastSkyLUT.SampleCountMin:4.0]]
[2022.07.01-17.07.01:254][  0]LogConfig: Setting CVar [[r.SkyAtmosphere.FastSkyLUT.SampleCountMax:128.0]]
[2022.07.01-17.07.01:254][  0]LogConfig: Setting CVar [[r.SkyAtmosphere.SampleCountMin:4.0]]
[2022.07.01-17.07.01:254][  0]LogConfig: Setting CVar [[r.SkyAtmosphere.SampleCountMax:128.0]]
[2022.07.01-17.07.01:254][  0]LogConfig: Setting CVar [[r.SkyAtmosphere.TransmittanceLUT.UseSmallFormat:0]]
[2022.07.01-17.07.01:254][  0]LogConfig: Setting CVar [[r.SkyAtmosphere.TransmittanceLUT.SampleCount:10.0]]
[2022.07.01-17.07.01:254][  0]LogConfig: Setting CVar [[r.SkyAtmosphere.MultiScatteringLUT.SampleCount:15.0]]
[2022.07.01-17.07.01:254][  0]LogConfig: Setting CVar [[r.SkyLight.RealTimeReflectionCapture:1]]
[2022.07.01-17.07.01:254][  0]LogConfig: Applying CVar settings from Section [FoliageQuality@3] File [C:/Users/fazan/Games/marvin-attack/MarvinAttack/Saved/Config/Windows/Scalability.ini]
[2022.07.01-17.07.01:254][  0]LogConfig: Setting CVar [[foliage.DensityScale:1.0]]
[2022.07.01-17.07.01:254][  0]LogConfig: Setting CVar [[grass.DensityScale:1.0]]
[2022.07.01-17.07.01:254][  0]LogConfig: Applying CVar settings from Section [ShadingQuality@3] File [C:/Users/fazan/Games/marvin-attack/MarvinAttack/Saved/Config/Windows/Scalability.ini]
[2022.07.01-17.07.01:254][  0]LogConfig: Setting CVar [[r.HairStrands.SkyLighting.IntegrationType:2]]
[2022.07.01-17.07.01:254][  0]LogConfig: Setting CVar [[r.HairStrands.SkyAO.SampleCount:4]]
[2022.07.01-17.07.01:254][  0]LogConfig: Setting CVar [[r.HairStrands.Visibility.MSAA.SamplePerPixel:4]]
[2022.07.01-17.07.01:254][  0]LogConfig: Applying CVar settings from Section [Startup] File [../../../Engine/Config/ConsoleVariables.ini]
[2022.07.01-17.07.01:254][  0]LogConfig: Setting CVar [[net.UseAdaptiveNetUpdateFrequency:0]]
[2022.07.01-17.07.01:254][  0]LogConfig: Setting CVar [[p.chaos.AllowCreatePhysxBodies:1]]
[2022.07.01-17.07.01:255][  0]LogConfig: Setting CVar [[fx.SkipVectorVMBackendOptimizations:1]]
[2022.07.01-17.07.01:255][  0]LogConfig: Applying CVar settings from Section [ConsoleVariables] File [C:/Users/fazan/Games/marvin-attack/MarvinAttack/Saved/Config/Windows/Engine.ini]
[2022.07.01-17.07.01:255][  0]LogConfig: Applying CVar settings from Section [ConsoleVariables] File [C:/Users/fazan/Games/marvin-attack/MarvinAttack/Saved/Config/Windows/Editor.ini]
[2022.07.01-17.07.01:255][  0]LogInit: Computer: LAPTOP-4PABGL71
[2022.07.01-17.07.01:255][  0]LogInit: User: fazan
[2022.07.01-17.07.01:255][  0]LogInit: CPU Page size=4096, Cores=6
[2022.07.01-17.07.01:255][  0]LogInit: High frequency timer resolution =10.000000 MHz
[2022.07.01-17.07.01:255][  0]LogMemory: Memory total: Physical=7.9GB (8GB approx)
[2022.07.01-17.07.01:255][  0]LogMemory: Platform Memory Stats for Windows
[2022.07.01-17.07.01:255][  0]LogMemory: Process Physical Memory: 141.21 MB used, 141.22 MB peak
[2022.07.01-17.07.01:255][  0]LogMemory: Process Virtual Memory: 125.11 MB used, 125.11 MB peak
[2022.07.01-17.07.01:255][  0]LogMemory: Physical Memory: 5656.57 MB used,  2385.12 MB free, 8041.69 MB total
[2022.07.01-17.07.01:255][  0]LogMemory: Virtual Memory: 134213984.00 MB used,  3741.64 MB free, 134217728.00 MB total
[2022.07.01-17.07.01:303][  0]LogWindows: WindowsPlatformFeatures enabled
[2022.07.01-17.07.01:353][  0]LogInit: Physics initialised using underlying interface: PhysX
[2022.07.01-17.07.01:354][  0]LogInit: Using OS detected language (fr-FR).
[2022.07.01-17.07.01:354][  0]LogInit: Using OS detected locale (fr-FR).
[2022.07.01-17.07.01:362][  0]LogTextLocalizationManager: No specific localization for 'fr-FR' exists, so the 'fr' localization will be used.
[2022.07.01-17.07.01:363][  0]LogTextLocalizationResource: LocRes '../../../Engine/Content/Localization/Editor/fr/Editor.locres' could not be opened for reading!
[2022.07.01-17.07.01:363][  0]LogTextLocalizationResource: LocRes '../../../Engine/Content/Localization/EditorTutorials/fr/EditorTutorials.locres' could not be opened for reading!
[2022.07.01-17.07.01:363][  0]LogTextLocalizationResource: LocRes '../../../Engine/Content/Localization/Keywords/fr/Keywords.locres' could not be opened for reading!
[2022.07.01-17.07.01:363][  0]LogTextLocalizationResource: LocRes '../../../Engine/Content/Localization/Category/fr/Category.locres' could not be opened for reading!
[2022.07.01-17.07.01:363][  0]LogTextLocalizationResource: LocRes '../../../Engine/Content/Localization/ToolTips/fr/ToolTips.locres' could not be opened for reading!
[2022.07.01-17.07.01:363][  0]LogTextLocalizationResource: LocRes '../../../Engine/Content/Localization/PropertyNames/fr/PropertyNames.locres' could not be opened for reading!
[2022.07.01-17.07.01:363][  0]LogTextLocalizationResource: LocRes '../../../Engine/Content/Localization/Engine/fr/Engine.locres' could not be opened for reading!
[2022.07.01-17.07.01:942][  0]LogTargetPlatformManager: Display: Loaded TargetPlatform 'AllDesktop'
[2022.07.01-17.07.01:967][  0]LogTargetPlatformManager: Display: Loaded TargetPlatform 'Android'
[2022.07.01-17.07.01:967][  0]LogTargetPlatformManager: Display: Loaded TargetPlatform 'Android_ASTC'
[2022.07.01-17.07.01:967][  0]LogTargetPlatformManager: Display: Loaded TargetPlatform 'Android_DXT'
[2022.07.01-17.07.01:967][  0]LogTargetPlatformManager: Display: Loaded TargetPlatform 'Android_ETC2'
[2022.07.01-17.07.01:967][  0]LogTargetPlatformManager: Display: Loaded TargetPlatform 'AndroidClient'
[2022.07.01-17.07.01:967][  0]LogTargetPlatformManager: Display: Loaded TargetPlatform 'Android_ASTCClient'
[2022.07.01-17.07.01:967][  0]LogTargetPlatformManager: Display: Loaded TargetPlatform 'Android_DXTClient'
[2022.07.01-17.07.01:967][  0]LogTargetPlatformManager: Display: Loaded TargetPlatform 'Android_ETC2Client'
[2022.07.01-17.07.01:967][  0]LogTargetPlatformManager: Display: Loaded TargetPlatform 'Android_Multi'
[2022.07.01-17.07.01:967][  0]LogTargetPlatformManager: Display: Loaded TargetPlatform 'Android_MultiClient'
[2022.07.01-17.07.01:988][  0]LogTargetPlatformManager: Display: Loaded TargetPlatform 'IOSClient'
[2022.07.01-17.07.01:988][  0]LogTargetPlatformManager: Display: Loaded TargetPlatform 'IOS'
[2022.07.01-17.07.02:000][  0]LogTargetPlatformManager: Display: Loaded TargetPlatform 'Linux'
[2022.07.01-17.07.02:006][  0]LogTargetPlatformManager: Display: Loaded TargetPlatform 'LinuxNoEditor'
[2022.07.01-17.07.02:011][  0]LogTargetPlatformManager: Display: Loaded TargetPlatform 'LinuxClient'
[2022.07.01-17.07.02:017][  0]LogTargetPlatformManager: Display: Loaded TargetPlatform 'LinuxServer'
[2022.07.01-17.07.02:028][  0]LogTargetPlatformManager: Display: Loaded TargetPlatform 'LinuxAArch64NoEditor'
[2022.07.01-17.07.02:033][  0]LogTargetPlatformManager: Display: Loaded TargetPlatform 'LinuxAArch64Client'
[2022.07.01-17.07.02:039][  0]LogTargetPlatformManager: Display: Loaded TargetPlatform 'LinuxAArch64Server'
[2022.07.01-17.07.02:066][  0]LogTargetPlatformManager: Display: Loaded TargetPlatform 'Lumin'
[2022.07.01-17.07.02:067][  0]LogTargetPlatformManager: Display: Loaded TargetPlatform 'LuminClient'
[2022.07.01-17.07.02:077][  0]LogTargetPlatformManager: Display: Loaded TargetPlatform 'MacNoEditor'
[2022.07.01-17.07.02:083][  0]LogTargetPlatformManager: Display: Loaded TargetPlatform 'Mac'
[2022.07.01-17.07.02:088][  0]LogTargetPlatformManager: Display: Loaded TargetPlatform 'MacClient'
[2022.07.01-17.07.02:094][  0]LogTargetPlatformManager: Display: Loaded TargetPlatform 'MacServer'
[2022.07.01-17.07.02:107][  0]LogTargetPlatformManager: Display: Loaded TargetPlatform 'TVOSClient'
[2022.07.01-17.07.02:107][  0]LogTargetPlatformManager: Display: Loaded TargetPlatform 'TVOS'
[2022.07.01-17.07.02:119][  0]LogTargetPlatformManager: Display: Loaded TargetPlatform 'WindowsNoEditor'
[2022.07.01-17.07.02:125][  0]LogTargetPlatformManager: Display: Loaded TargetPlatform 'Windows'
[2022.07.01-17.07.02:131][  0]LogTargetPlatformManager: Display: Loaded TargetPlatform 'WindowsClient'
[2022.07.01-17.07.02:135][  0]LogTargetPlatformManager: Display: Loaded TargetPlatform 'WindowsServer'
[2022.07.01-17.07.02:135][  0]LogTargetPlatformManager: Display: Building Assets For Windows
[2022.07.01-17.07.02:145][  0]LogAudioDebug: Display: Lib vorbis DLL was dynamically loaded.
[2022.07.01-17.07.02:187][  0]LogTextureFormatOodle: Display: Oodle Texture 2.9.0 init RDO Off
[2022.07.01-17.07.02:224][  0]LogRendererCore: Ray tracing is disabled. Reason: r.RayTracing=0.
[2022.07.01-17.07.02:224][  0]LogShaderCompilers: Guid format shader working directory is -16 characters bigger than the processId version (../../../../../../Users/fazan/Games/marvin-attack/MarvinAttack/Intermediate/Shaders/WorkingDirectory/8084/).
[2022.07.01-17.07.02:224][  0]LogShaderCompilers: Cleaned the shader compiler working directory 'C:/Users/fazan/AppData/Local/Temp/UnrealShaderWorkingDir/E592499A4E7C96ACDDFCF2AAEDBDC821/'.
[2022.07.01-17.07.02:224][  0]LogXGEController: Cannot use XGE Controller as Incredibuild is not installed on this machine.
[2022.07.01-17.07.02:224][  0]LogShaderCompilers: Cannot use XGE Shader Compiler as Incredibuild is not installed on this machine.
[2022.07.01-17.07.02:224][  0]LogShaderCompilers: Display: Using Local Shader Compiler.
[2022.07.01-17.07.02:893][  0]LogDerivedDataCache: Display: Max Cache Size: 512 MB
[2022.07.01-17.07.02:939][  0]LogDerivedDataCache: Loaded boot cache 0.05s 94MB C:/Users/fazan/AppData/Local/UnrealEngine/4.27/DerivedDataCache/Boot.ddc.
[2022.07.01-17.07.02:939][  0]LogDerivedDataCache: Display: Loaded Boot cache: C:/Users/fazan/AppData/Local/UnrealEngine/4.27/DerivedDataCache/Boot.ddc
[2022.07.01-17.07.02:939][  0]LogDerivedDataCache: FDerivedDataBackendGraph:  Pak pak cache file ../../../../../../Users/fazan/Games/marvin-attack/MarvinAttack/DerivedDataCache/DDC.ddp not found, will not use a pak cache.
[2022.07.01-17.07.02:939][  0]LogDerivedDataCache: Unable to find inner node Pak for hierarchical cache Hierarchy.
[2022.07.01-17.07.02:939][  0]LogDerivedDataCache: FDerivedDataBackendGraph:  CompressedPak pak cache file ../../../../../../Users/fazan/Games/marvin-attack/MarvinAttack/DerivedDataCache/Compressed.ddp not found, will not use a pak cache.
[2022.07.01-17.07.02:939][  0]LogDerivedDataCache: Unable to find inner node CompressedPak for hierarchical cache Hierarchy.
[2022.07.01-17.07.02:956][  0]LogDerivedDataCache: Display: Pak cache opened for reading ../../../Engine/DerivedDataCache/Compressed.ddp.
[2022.07.01-17.07.02:956][  0]LogDerivedDataCache: FDerivedDataBackendGraph:  EnterprisePak pak cache file ../../../Enterprise/DerivedDataCache/Compressed.ddp not found, will not use a pak cache.
[2022.07.01-17.07.02:956][  0]LogDerivedDataCache: Unable to find inner node EnterprisePak for hierarchical cache Hierarchy.
[2022.07.01-17.07.02:969][  0]LogDerivedDataCache: Speed tests for C:/Users/fazan/AppData/Local/UnrealEngine/Common/DerivedDataCache took 0.01 seconds
[2022.07.01-17.07.02:969][  0]LogDerivedDataCache: Display: Performance to C:/Users/fazan/AppData/Local/UnrealEngine/Common/DerivedDataCache: Latency=0.05ms. RandomReadSpeed=801.52MBs, RandomWriteSpeed=83.49MBs. Assigned SpeedClass 'Local'
[2022.07.01-17.07.02:970][  0]LogDerivedDataCache: Using Local data cache path C:/Users/fazan/AppData/Local/UnrealEngine/Common/DerivedDataCache: Writable
[2022.07.01-17.07.02:970][  0]LogDerivedDataCache: Shared data cache path not found in *engine.ini, will not use an Shared cache.
[2022.07.01-17.07.02:970][  0]LogDerivedDataCache: Unable to find inner node Shared for hierarchical cache Hierarchy.
[2022.07.01-17.07.02:977][  0]LogAssetRegistry: FAssetRegistry took 0.0025 seconds to start up
[2022.07.01-17.07.03:282][  0]LogInit: Selected Device Profile: [Windows]
[2022.07.01-17.07.03:282][  0]LogInit: Active device profile: [000001BE876D4700][000001BE83ECEE00 49] Windows
[2022.07.01-17.07.03:282][  0]LogInit: Profiles: [000001BE876D4700][000001BE83ECEE00 49] Windows, [000001BE87697700][000001BE84C82F80 49] WindowsNoEditor, [000001BE876D7300][000001BE84C790C0 49] WindowsServer, [000001BE87694F00][000001BE84C87200 49] WindowsClient, [000001BE876D7500][000001BE84C8B340 49] IOS, [000001BE876A3F00][000001BE871B34C0 49] iPadAir, [000001BE87697B00][000001BE871B7640 49] iPadAir2, [000001BE87648500][000001BE871C5900 49] IPadPro, [000001BE87648600][000001BE871BB940 49] iPadAir3, [000001BE876A0100][000001BE871CFAC0 49] iPadAir4, [000001BE8764AC00][000001BE871D20C0 49] iPadMini2, [000001BE876A2500][000001BE871D6240 49] iPadMini3, [000001BE8764B400][000001BE871DA3C0 49] iPadMini4, [000001BE876A0F00][000001BE871DE540 49] iPadMini5, [000001BE8763BE00][000001BE871E6800 49] iPhone6, [000001BE8763BF00][000001BE871E2840 49] iPodTouch6, [000001BE876D7900][000001BE871EEB00 49] iPhone7, [000001BE876D6100][000001BE871EAB40 49] iPodTouch7, [000001BE87638400][000001BEF9BE8CC0 49] iPhone5S, [000001BE8764BD00][000001BEF9BECE40 49] iPhone6Plus, [000001BE876D7400][000001BEF9BF0FC0 49] iPhone6S, [000001BE8764A000][000001BEF9BF5140 49] iPhone6SPlus, [000001BE876D4900][000001BE84C8F280 49] iPhone7Plus, [000001BE87648E00][000001BEF9BF93C0 49] iPhoneSE, [000001BE876D4200][000001BEF9BFD500 49] iPhone8, [000001BE8764A400][000001BEF9C01640 49] iPhone8Plus, [000001BE876D5E00][000001BE871F77C0 49] iPhoneX, [000001BE8764BE00][000001BE871FB940 49] iPhoneXS, [000001BE876D5600][000001BE871FFAC0 49] iPhoneXSMax, [000001BE8764A500][000001BE872020C0 49] iPhoneXR, [000001BE876D6A00][000001BE87206240 49] iPhone11, [000001BE8764BA00][000001BE8720A3C0 49] iPhone11Pro, [000001BE876D4F00][000001BE8720E540 49] iPhone11ProMax, [000001BE8764A300][000001BE872126C0 49] iPhoneSE2, [000001BE876D6700][000001BE87216840 49] iPhone12Mini, [000001BE87648700][000001BE8721A9C0 49] iPhone12, [000001BE876D7100][000001BE8721EB40 49] iPhone12Pro, [000001BE8764B500][000001BE87222CC0 49] iPhone12ProMax, [000001BE876D4800][000001BE87226E40 49] iPadPro105, [000001BE87649C00][000001BE8722AFC0 49] iPadPro129, [000001BE876D4300][000001BE8722F140 49] iPadPro97, [000001BE87649D00][000001BE872332C0 49] iPadPro2_129, [000001BE876D4C00][000001BE871F3400 49] iPad5, [000001BE8764B000][000001BE87237540 49] iPad6, [000001BE876D6C00][000001BE8723B680 49] iPad7, [000001BE8764AE00][000001BE8723F7C0 49] iPad8, [000001BE876D5800][000001BE87247940 49] iPadPro11, [000001BE87649B00][000001BE8724BAC0 49] iPadPro2_11, [000001BE876D5500][000001BE8724E0C0 49] iPadPro3_129, [000001BE8764A700][000001BE87252240 49] iPadPro4_129, [000001BE876D4100][000001BE872563C0 49] AppleTV, [000001BE8764AB00][000001BE8725A540 49] AppleTV4K, [000001BE876D5B00][000001BE8725E6C0 49] TVOS, [000001BE87648900][000001BE87262840 49] Mac, [000001BE876D5700][000001BE872669C0 49] MacClient, [000001BE8764AF00][000001BE8726AB40 49] MacNoEditor, [000001BE876D4D00][000001BE8726ECC0 49] MacServer, [000001BE87648300][000001BE87272E40 49] Linux, [000001BE876D6E00][000001BE87276FC0 49] LinuxAArch64, [000001BE87649500][000001BE8727B140 49] LinuxNoEditor, [000001BE876D6400][000001BE8727F2C0 49] LinuxAArch64NoEditor, [000001BE87648200][000001BE87283440 49] LinuxClient, [000001BE876D6D00][000001BE872875C0 49] LinuxAArch64Client, [000001BE87648C00][000001BE87243700 49] LinuxServer, [000001BE876D4400][000001BE8728B840 49] LinuxAArch64Server, [000001BE87649000][000001BE8728F980 49] Android, [000001BE876A3900][000001BE87297B00 49] Android_Low, [000001BE87639B00][000001BE8729A100 49] Android_Mid, [000001BE876A3000][000001BE8729E280 49] Android_High, [000001BE8763A300][000001BE872A2400 49] Android_Default, [000001BE876A2000][000001BE872A6580 49] Android_Adreno4xx, [000001BE87638100][000001BE872AA700 49] Android_Adreno5xx_Low, [000001BE876A0B00][000001BE872AE880 49] Android_Adreno5xx, [000001BE87639800][000001BE872B2A00 49] Android_Adreno6xx, [000001BE876A1100][000001BE872B6B80 49] Android_Adreno6xx_Vulkan, [000001BE87638800][000001BE872BAD00 49] Android_Mali_T6xx, [000001BE876A3600][000001BE872BEE80 49] Android_Mali_T7xx, [000001BE87638D00][000001BE872C3000 49] Android_Mali_T8xx, [000001BE876A3C00][000001BE872C7180 49] Android_Mali_G71, [000001BE87639500][000001BE872CB300 49] Android_Mali_G72, [000001BE876A3E00][000001BE872CF480 49] Android_Mali_G72_Vulkan, [000001BE8763BD00][000001BE872D3600 49] Android_Mali_G76, [000001BE876A3A00][000001BE872D7780 49] Android_Mali_G76_Vulkan, [000001BE8763B600][000001BE872938C0 49] Android_Mali_G77, [000001BE876A2200][000001BE872DBA00 49] Android_Mali_G77_Vulkan, [000001BE87639200][000001BE872DFB40 49] Android_Mali_G78, [000001BE876A0A00][000001BE872E6140 49] Android_Mali_G78_Vulkan, [000001BE8763B000][000001BE872EA2C0 49] Android_Mali_G710, [000001BE876A1400][000001BE872EE440 49] Android_Mali_G710_Vulkan, [000001BE87638700][000001BE872F25C0 49] Android_Vulkan_SM5, [000001BE876A1800][000001BE872F6740 49] Android_PowerVR_G6xxx, [000001BE87638E00][000001BE872FA8C0 49] Android_PowerVR_GT7xxx, [000001BE876A0200][000001BE872FEA40 49] Android_PowerVR_GE8xxx, [000001BE87638600][000001BE87302BC0 49] Android_PowerVR_GM9xxx, [000001BE876A2600][000001BE87306D40 49] Android_PowerVR_GM9xxx_Vulkan, [000001BE87648F00][000001BE8730AEC0 49] Android_TegraK1, [000001BE876A2A00][000001BE8730F040 49] Android_Unknown_Vulkan, [000001BE87648D00][000001BE873131C0 49] Lumin, [000001BE876A1200][000001BE87317340 49] Lumin_Desktop, [000001BE87648B00][000001BE8731B4C0 49] HoloLens, 
[2022.07.01-17.07.03:323][  0]LogMeshReduction: Using QuadricMeshReduction for automatic static mesh reduction
[2022.07.01-17.07.03:323][  0]LogMeshReduction: Using SimplygonMeshReduction for automatic skeletal mesh reduction
[2022.07.01-17.07.03:323][  0]LogMeshReduction: Using ProxyLODMeshReduction for automatic mesh merging
[2022.07.01-17.07.03:323][  0]LogMeshReduction: No distributed automatic mesh merging module available
[2022.07.01-17.07.03:324][  0]LogMeshMerging: No distributed automatic mesh merging module available
[2022.07.01-17.07.03:333][  0]LogNetVersion: MarvinAttack 1.0.0, NetCL: 17155196, EngineNetVer: 17, GameNetVer: 0 (Checksum: 1092421887)
[2022.07.01-17.07.03:509][  0]LogHMD: PokeAHoleMaterial loaded successfully
[2022.07.01-17.07.03:631][  0]LogCollectionManager: Loaded 0 collections in 0.001933 seconds
[2022.07.01-17.07.03:633][  0]LogFileCache: Scanning file cache for directory 'C:/Users/fazan/Games/marvin-attack/MarvinAttack/Saved/Collections/' took 0.00s
[2022.07.01-17.07.03:633][  0]LogFileCache: Scanning file cache for directory 'C:/Users/fazan/Games/marvin-attack/MarvinAttack/Content/Developers/fazan/Collections/' took 0.00s
[2022.07.01-17.07.03:633][  0]LogFileCache: Scanning file cache for directory 'C:/Users/fazan/Games/marvin-attack/MarvinAttack/Content/Collections/' took 0.00s
[2022.07.01-17.07.03:633][  0]LogCollectionManager: Fixed up redirectors for 0 collections in 0.000002 seconds (updated 0 objects)
[2022.07.01-17.07.03:781][  0]LogNiagaraDebuggerClient: Niagara Debugger Client Initialized | Session: AF53BCF943673123E10BF1B7A2A534D7 | Instance: 48FCBF544D5148F92C5564AFFF79AAD6 (LAPTOP-4PABGL71-8084).
[2022.07.01-17.07.03:935][  0]LogPython: Using Python 3.7.7
[2022.07.01-17.07.04:784][  0]SourceControl: Source control is disabled
[2022.07.01-17.07.05:303][  0]LogUProjectInfo: Found projects:
[2022.07.01-17.07.05:485][  0]LogOpenImageDenoise: OIDN starting up
[2022.07.01-17.07.05:543][  0]LogAndroidPermission: UAndroidPermissionCallbackProxy::GetInstance
[2022.07.01-17.07.05:570][  0]LogAudioCaptureCore: Display: No Audio Capture implementations found. Audio input will be silent.
[2022.07.01-17.07.05:570][  0]LogAudioCaptureCore: Display: No Audio Capture implementations found. Audio input will be silent.
[2022.07.01-17.07.05:750][  0]LogOcInput: OculusInput pre-init called
[2022.07.01-17.07.05:789][  0]LogUObjectArray: 23295 objects as part of root set at end of initial load.
[2022.07.01-17.07.05:789][  0]LogUObjectAllocator: 6430496 out of 0 bytes used by permanent object pool.
[2022.07.01-17.07.05:789][  0]LogUObjectArray: CloseDisregardForGC: 0/0 objects in disregard for GC pool
[2022.07.01-17.07.05:860][  0]LogInit: Executing Class /Script/UnrealEd.GatherTextCommandlet
[2022.07.01-17.07.05:860][  0]LogInit: Initializing Editor Engine...
[2022.07.01-17.07.05:860][  0]LogEngine: Initializing Engine...
[2022.07.01-17.07.05:864][  0]LogStats: UGameplayTagsManager::InitializeManager -  0.000 s
[2022.07.01-17.07.05:908][  0]LogInit: Initializing FReadOnlyCVARCache
[2022.07.01-17.07.05:916][  0]LogAIModule: Creating AISystem for world Untitled
[2022.07.01-17.07.05:916][  0]LogNetVersion: Set ProjectVersion to 0.25. Version Checksum will be recalculated on next use.
[2022.07.01-17.07.05:930][  0]LogDerivedDataCache: Saved boot cache 0.01s 14MB C:/Users/fazan/AppData/Local/UnrealEngine/4.27/DerivedDataCache/Boot.ddc.
[2022.07.01-17.07.05:931][  0]LogInit: Texture streaming: Disabled
[2022.07.01-17.07.05:986][  0]LogInit: Initializing Editor Engine Completed
[2022.07.01-17.07.06:061][  0]BlueprintLog: New page: Editor Load
[2022.07.01-17.07.06:223][  0]LogClass: Display: EnumProperty FMultiUserClientConfig::ValidationMode is not initialized properly. Module:MultiUserClientLibrary File:Public/MultiUserClientStatics.h
[2022.07.01-17.07.06:223][  0]LogClass: Display: StructProperty FMultiUserClientInfo::AvatarColor is not initialized properly. Module:MultiUserClientLibrary File:Public/MultiUserClientStatics.h
[2022.07.01-17.07.06:223][  0]LogClass: Display: 2 Uninitialized script struct members found including 0 object properties
[2022.07.01-17.07.06:224][  0]LogGatherTextCommandlet: Display: Beginning GatherText Commandlet for '../../../../../../Users/fazan/Games/marvin-attack/MarvinAttack/Config/Localization/Game_GenerateReports.ini'
[2022.07.01-17.07.06:225][  0]LogGatherTextCommandlet: Display: Executing GatherTextStep0: GenerateTextLocalizationReportCommandlet
[2022.07.01-17.07.06:320][  0]LogGatherTextCommandlet: Display: Completed GatherTextStep0: GenerateTextLocalizationReportCommandlet in 0.095329 seconds
[2022.07.01-17.07.06:321][  0]LogCore: Engine exit requested (reason: Commandlet GatherTextCommandlet_0 finished execution (result 0))
[2022.07.01-17.07.06:321][  0]LogInit: Display: 
[2022.07.01-17.07.06:321][  0]LogInit: Display: Success - 0 error(s), 0 warning(s)
[2022.07.01-17.07.06:321][  0]LogInit: Display: 
Execution of commandlet took:  0.10 seconds
[2022.07.01-17.07.06:321][  0]LogCore: Engine exit requested (reason: EngineExit() was called; note: exit was already requested)
[2022.07.01-17.07.06:321][  0]LogExit: Preparing to exit.
[2022.07.01-17.07.06:716][  0]LogLocalizationSourceControl: Source Control wrapper shutting down with checked out files.
[2022.07.01-17.07.06:718][  0]LogUObjectHash: Compacting FUObjectHashTables data took   0.90ms
[2022.07.01-17.07.06:765][  0]LogDemo: Cleaned up 0 splitscreen connections with owner deletion
[2022.07.01-17.07.06:767][  0]LogWorld: UWorld::CleanupWorld for None, bSessionEnded=true, bCleanupResources=true
[2022.07.01-17.07.06:767][  0]LogExit: Editor shut down
[2022.07.01-17.07.06:804][  0]LogExit: Object subsystem successfully closed.
[2022.07.01-17.07.06:818][  0]LogShaderCompilers: Display: === FShaderJobCache stats ===
[2022.07.01-17.07.06:818][  0]LogShaderCompilers: Display: Total job queries 0, among them cache hits 0 (0.00%)
[2022.07.01-17.07.06:819][  0]LogShaderCompilers: Display: Tracking 0 distinct input hashes that result in 0 distinct outputs (0.00%)
[2022.07.01-17.07.06:819][  0]LogShaderCompilers: Display: RAM used: 0.00 MB (0.00 GB) of 409.60 MB (0.40 GB) budget. Usage: 0.00%
[2022.07.01-17.07.06:819][  0]LogShaderCompilers: Display: ================================================
[2022.07.01-17.07.06:836][  0]LogShaderCompilers: Display: Shaders left to compile 0
[2022.07.01-17.07.06:886][  0]LogModuleManager: Shutting down and abandoning module SteamVREditor (728)
[2022.07.01-17.07.06:886][  0]LogModuleManager: Shutting down and abandoning module OculusMR (726)
[2022.07.01-17.07.06:886][  0]LogModuleManager: Shutting down and abandoning module CameraShakePreviewer (724)
[2022.07.01-17.07.06:886][  0]LogModuleManager: Shutting down and abandoning module OpenXRInput (722)
[2022.07.01-17.07.06:886][  0]LogModuleManager: Shutting down and abandoning module TakeRecorderSources (720)
[2022.07.01-17.07.06:886][  0]LogModuleManager: Shutting down and abandoning module TakeTrackRecorders (718)
[2022.07.01-17.07.06:886][  0]LogModuleManager: Shutting down and abandoning module TakesCore (716)
[2022.07.01-17.07.06:886][  0]LogModuleManager: Shutting down and abandoning module ConcertTakeRecorder (714)
[2022.07.01-17.07.06:886][  0]LogModuleManager: Shutting down and abandoning module TakeRecorder (713)
[2022.07.01-17.07.06:886][  0]LogModuleManager: Shutting down and abandoning module GooglePADEditor (710)
[2022.07.01-17.07.06:886][  0]LogModuleManager: Shutting down and abandoning module AudioCaptureEditor (708)
[2022.07.01-17.07.06:886][  0]LogModuleManager: Shutting down and abandoning module WmfMediaFactory (706)
[2022.07.01-17.07.06:886][  0]LogModuleManager: Shutting down and abandoning module WmfMediaEditor (704)
[2022.07.01-17.07.06:886][  0]LogModuleManager: Shutting down and abandoning module WebMMediaFactory (702)
[2022.07.01-17.07.06:886][  0]LogModuleManager: Shutting down and abandoning module WebMMediaEditor (700)
[2022.07.01-17.07.06:886][  0]LogModuleManager: Shutting down and abandoning module MediaPlayerEditor (698)
[2022.07.01-17.07.06:886][  0]LogModuleManager: Shutting down and abandoning module ImgMediaFactory (696)
[2022.07.01-17.07.06:886][  0]LogModuleManager: Shutting down and abandoning module ImgMediaEditor (694)
[2022.07.01-17.07.06:886][  0]LogModuleManager: Shutting down and abandoning module MediaCompositingEditor (692)
[2022.07.01-17.07.06:886][  0]LogModuleManager: Shutting down and abandoning module SequenceRecorder (691)
[2022.07.01-17.07.06:886][  0]LogModuleManager: Shutting down and abandoning module Persona (690)
[2022.07.01-17.07.06:886][  0]LogModuleManager: Shutting down and abandoning module AdvancedPreviewScene (689)
[2022.07.01-17.07.06:886][  0]LogModuleManager: Shutting down and abandoning module AnimGraph (687)
[2022.07.01-17.07.06:887][  0]LogModuleManager: Shutting down and abandoning module AvfMediaFactory (682)
[2022.07.01-17.07.06:887][  0]LogModuleManager: Shutting down and abandoning module AvfMediaEditor (680)
[2022.07.01-17.07.06:887][  0]LogModuleManager: Shutting down and abandoning module AndroidMediaFactory (678)
[2022.07.01-17.07.06:887][  0]LogModuleManager: Shutting down and abandoning module AndroidMediaEditor (676)
[2022.07.01-17.07.06:887][  0]LogModuleManager: Shutting down and abandoning module MagicLeapMediaEditor (674)
[2022.07.01-17.07.06:887][  0]LogModuleManager: Shutting down and abandoning module TemplateSequenceEditor (672)
[2022.07.01-17.07.06:887][  0]LogModuleManager: Shutting down and abandoning module MatineeToLevelSequence (670)
[2022.07.01-17.07.06:887][  0]LogModuleManager: Shutting down and abandoning module LevelSequenceEditor (668)
[2022.07.01-17.07.06:887][  0]LogModuleManager: Shutting down and abandoning module PlanarCut (666)
[2022.07.01-17.07.06:887][  0]LogModuleManager: Shutting down and abandoning module ActorSequenceEditor (664)
[2022.07.01-17.07.06:887][  0]LogModuleManager: Shutting down and abandoning module Kismet (663)
[2022.07.01-17.07.06:887][  0]LogModuleManager: Shutting down and abandoning module KismetWidgets (662)
[2022.07.01-17.07.06:887][  0]LogModuleManager: Shutting down and abandoning module CharacterAI (658)
[2022.07.01-17.07.06:887][  0]LogModuleManager: Shutting down and abandoning module TextureAlignMode (656)
[2022.07.01-17.07.06:887][  0]LogModuleManager: Shutting down and abandoning module BspMode (654)
[2022.07.01-17.07.06:887][  0]LogModuleManager: Shutting down and abandoning module GeometryMode (652)
[2022.07.01-17.07.06:887][  0]LogModuleManager: Shutting down and abandoning module SmartSnapping (650)
[2022.07.01-17.07.06:887][  0]LogModuleManager: Shutting down and abandoning module SessionServices (648)
[2022.07.01-17.07.06:887][  0]LogModuleManager: Shutting down and abandoning module MeshPaint (646)
[2022.07.01-17.07.06:887][  0]LogModuleManager: Shutting down and abandoning module VirtualTexturingEditor (644)
[2022.07.01-17.07.06:887][  0]LogModuleManager: Shutting down and abandoning module FoliageEdit (642)
[2022.07.01-17.07.06:887][  0]LogModuleManager: Shutting down and abandoning module LandscapeEditor (640)
[2022.07.01-17.07.06:887][  0]LogModuleManager: Shutting down and abandoning module MeshPaintMode (638)
[2022.07.01-17.07.06:887][  0]LogModuleManager: Shutting down and abandoning module SceneDepthPickerMode (636)
[2022.07.01-17.07.06:887][  0]LogModuleManager: Shutting down and abandoning module ActorPickerMode (634)
[2022.07.01-17.07.06:887][  0]LogModuleManager: Shutting down and abandoning module PlacementMode (632)
[2022.07.01-17.07.06:887][  0]LogModuleManager: Shutting down and abandoning module LiveCoding (630)
[2022.07.01-17.07.06:888][  0]LogModuleManager: Shutting down and abandoning module LevelSequence (628)
[2022.07.01-17.07.06:888][  0]LogModuleManager: Shutting down and abandoning module MovieSceneTracks (626)
[2022.07.01-17.07.06:888][  0]LogModuleManager: Shutting down and abandoning module MovieScene (624)
[2022.07.01-17.07.06:888][  0]LogModuleManager: Shutting down and abandoning module StreamingPauseRendering (622)
[2022.07.01-17.07.06:888][  0]LogModuleManager: Shutting down and abandoning module ImageWriteQueue (620)
[2022.07.01-17.07.06:892][  0]LogModuleManager: Shutting down and abandoning module AIModule (618)
[2022.07.01-17.07.06:892][  0]LogModuleManager: Shutting down and abandoning module GameplayDebugger (617)
[2022.07.01-17.07.06:892][  0]LogModuleManager: Shutting down and abandoning module AITestSuite (615)
[2022.07.01-17.07.06:892][  0]LogModuleManager: Shutting down and abandoning module NavigationSystem (613)
[2022.07.01-17.07.06:892][  0]LogModuleManager: Shutting down and abandoning module AudioSynesthesiaEditor (610)
[2022.07.01-17.07.06:892][  0]LogModuleManager: Shutting down and abandoning module ConcertSyncUI (608)
[2022.07.01-17.07.06:892][  0]LogModuleManager: Shutting down and abandoning module OculusEditor (606)
[2022.07.01-17.07.06:892][  0]LogModuleManager: Shutting down and abandoning module OculusInput (604)
[2022.07.01-17.07.06:892][  0]LogModuleManager: Shutting down and abandoning module MultiUserClientLibrary (602)
[2022.07.01-17.07.06:892][  0]LogModuleManager: Shutting down and abandoning module MultiUserClient (600)
[2022.07.01-17.07.06:892][  0]LogModuleManager: Shutting down and abandoning module ConcertSyncClient (599)
[2022.07.01-17.07.06:892][  0]LogModuleManager: Shutting down and abandoning module ContentBrowserClassDataSource (596)
[2022.07.01-17.07.06:892][  0]LogModuleManager: Shutting down and abandoning module ContentBrowserFileDataSource (594)
[2022.07.01-17.07.06:892][  0]LogModuleManager: Shutting down and abandoning module ContentBrowserAssetDataSource (592)
[2022.07.01-17.07.06:892][  0]LogModuleManager: Shutting down and abandoning module ToolMenus (591)
[2022.07.01-17.07.06:892][  0]LogModuleManager: Shutting down and abandoning module SynthesisEditor (588)
[2022.07.01-17.07.06:892][  0]LogModuleManager: Shutting down and abandoning module Synthesis (586)
[2022.07.01-17.07.06:892][  0]LogModuleManager: Shutting down and abandoning module ProceduralMeshComponentEditor (584)
[2022.07.01-17.07.06:892][  0]LogModuleManager: Shutting down and abandoning module ProceduralMeshComponent (582)
[2022.07.01-17.07.06:892][  0]LogModuleManager: Shutting down and abandoning module OpenXREditor (580)
[2022.07.01-17.07.06:892][  0]LogModuleManager: Shutting down and abandoning module MobilePatchingUtils (578)
[2022.07.01-17.07.06:892][  0]LogModuleManager: Shutting down and abandoning module TakeSequencer (576)
[2022.07.01-17.07.06:892][  0]LogModuleManager: Shutting down and abandoning module TakeMovieScene (574)
[2022.07.01-17.07.06:892][  0]LogModuleManager: Shutting down and abandoning module GooglePAD (572)
[2022.07.01-17.07.06:892][  0]LogModuleManager: Shutting down and abandoning module EditableMesh (570)
[2022.07.01-17.07.06:892][  0]LogModuleManager: Shutting down and abandoning module CableComponent (568)
[2022.07.01-17.07.06:892][  0]LogModuleManager: Shutting down and abandoning module CustomMeshComponent (566)
[2022.07.01-17.07.06:892][  0]LogModuleManager: Shutting down and abandoning module AudioCapture (564)
[2022.07.01-17.07.06:892][  0]LogModuleManager: Shutting down and abandoning module AudioCaptureRtAudio (563)
[2022.07.01-17.07.06:892][  0]LogModuleManager: Shutting down and abandoning module AssetTags (560)
[2022.07.01-17.07.06:892][  0]LogModuleManager: Shutting down and abandoning module ArchVisCharacter (558)
[2022.07.01-17.07.06:893][  0]LogModuleManager: Shutting down and abandoning module AppleImageUtilsBlueprintSupport (556)
[2022.07.01-17.07.06:893][  0]LogModuleManager: Shutting down and abandoning module AppleImageUtils (554)
[2022.07.01-17.07.06:893][  0]LogModuleManager: Shutting down and abandoning module AndroidPermission (552)
[2022.07.01-17.07.06:893][  0]LogModuleManager: Shutting down and abandoning module ActorLayerUtilitiesEditor (550)
[2022.07.01-17.07.06:893][  0]LogModuleManager: Shutting down and abandoning module ActorLayerUtilities (548)
[2022.07.01-17.07.06:893][  0]LogModuleManager: Shutting down and abandoning module ScreenshotTools (546)
[2022.07.01-17.07.06:893][  0]LogModuleManager: Shutting down and abandoning module MediaCompositing (544)
[2022.07.01-17.07.06:893][  0]LogModuleManager: Shutting down and abandoning module MagicLeapSharedWorld (542)
[2022.07.01-17.07.06:893][  0]LogModuleManager: Shutting down and abandoning module MagicLeapLightEstimation (540)
[2022.07.01-17.07.06:893][  0]LogModuleManager: Shutting down and abandoning module MagicLeapHelperVulkan (538)
[2022.07.01-17.07.06:893][  0]LogModuleManager: Shutting down and abandoning module MagicLeapHelperOpenGL (536)
[2022.07.01-17.07.06:893][  0]LogModuleManager: Shutting down and abandoning module MagicLeapAudio (534)
[2022.07.01-17.07.06:893][  0]LogModuleManager: Shutting down and abandoning module TemplateSequence (532)
[2022.07.01-17.07.06:893][  0]LogModuleManager: Shutting down and abandoning module MotoSynthEditor (530)
[2022.07.01-17.07.06:893][  0]LogModuleManager: Shutting down and abandoning module MotoSynth (528)
[2022.07.01-17.07.06:893][  0]LogModuleManager: Shutting down and abandoning module OpenImageDenoise (526)
[2022.07.01-17.07.06:893][  0]LogOpenImageDenoise: OIDN shutting down
[2022.07.01-17.07.06:893][  0]LogModuleManager: Shutting down and abandoning module MeshConversion (524)
[2022.07.01-17.07.06:893][  0]LogModuleManager: Shutting down and abandoning module DynamicMesh (522)
[2022.07.01-17.07.06:893][  0]LogModuleManager: Shutting down and abandoning module GeometryAlgorithms (520)
[2022.07.01-17.07.06:893][  0]LogModuleManager: Shutting down and abandoning module GeometricObjects (518)
[2022.07.01-17.07.06:893][  0]LogModuleManager: Shutting down and abandoning module NiagaraEditorWidgets (516)
[2022.07.01-17.07.06:893][  0]LogModuleManager: Shutting down and abandoning module GeometryCollectionTracks (514)
[2022.07.01-17.07.06:893][  0]LogModuleManager: Shutting down and abandoning module GeometryCollectionSequencer (513)
[2022.07.01-17.07.06:893][  0]LogModuleManager: Shutting down and abandoning module GeometryCollectionEditor (510)
[2022.07.01-17.07.06:893][  0]LogModuleManager: Shutting down and abandoning module GeometryCacheTracks (508)
[2022.07.01-17.07.06:893][  0]LogModuleManager: Shutting down and abandoning module GeometryCacheStreamer (506)
[2022.07.01-17.07.06:893][  0]LogModuleManager: Shutting down and abandoning module GeometryCacheSequencer (504)
[2022.07.01-17.07.06:893][  0]LogModuleManager: Shutting down and abandoning module ChaosSolverEditor (502)
[2022.07.01-17.07.06:893][  0]LogModuleManager: Shutting down and abandoning module FractureEditor (500)
[2022.07.01-17.07.06:893][  0]LogModuleManager: Shutting down and abandoning module ChaosNiagara (498)
[2022.07.01-17.07.06:893][  0]LogModuleManager: Shutting down and abandoning module FieldSystemEngine (497)
[2022.07.01-17.07.06:893][  0]LogModuleManager: Shutting down and abandoning module ChaosClothEditor (494)
[2022.07.01-17.07.06:893][  0]LogModuleManager: Shutting down and abandoning module AlembicImporter (492)
[2022.07.01-17.07.06:893][  0]LogModuleManager: Shutting down and abandoning module AlembicLibrary (491)
[2022.07.01-17.07.06:893][  0]LogModuleManager: Shutting down and abandoning module GeometryCache (490)
[2022.07.01-17.07.06:893][  0]LogModuleManager: Shutting down and abandoning module GeometryCacheEd (489)
[2022.07.01-17.07.06:893][  0]LogModuleManager: Shutting down and abandoning module AutomationUtilsEditor (484)
[2022.07.01-17.07.06:893][  0]LogModuleManager: Shutting down and abandoning module AutomationUtils (482)
[2022.07.01-17.07.06:893][  0]LogModuleManager: Shutting down and abandoning module VariantManagerContentEditor (480)
[2022.07.01-17.07.06:893][  0]LogModuleManager: Shutting down and abandoning module DatasmithContentEditor (478)
[2022.07.01-17.07.06:893][  0]LogModuleManager: Shutting down and abandoning module OodleNetworkHandlerComponent (476)
[2022.07.01-17.07.06:893][  0]LogModuleManager: Shutting down and abandoning module VisualStudioCodeSourceCodeAccess (474)
[2022.07.01-17.07.06:893][  0]LogModuleManager: Shutting down and abandoning module VisualStudioSourceCodeAccess (472)
[2022.07.01-17.07.06:893][  0]LogModuleManager: Shutting down and abandoning module UObjectPlugin (470)
[2022.07.01-17.07.06:893][  0]LogModuleManager: Shutting down and abandoning module SubversionSourceControl (468)
[2022.07.01-17.07.06:893][  0]LogModuleManager: Shutting down and abandoning module PluginUtils (466)
[2022.07.01-17.07.06:893][  0]LogModuleManager: Shutting down and abandoning module PlasticSourceControl (464)
[2022.07.01-17.07.06:893][  0]LogModuleManager: Shutting down and abandoning module PerforceSourceControl (462)
[2022.07.01-17.07.06:893][  0]LogModuleManager: Shutting down and abandoning module GitSourceControl (460)
[2022.07.01-17.07.06:893][  0]LogModuleManager: Shutting down and abandoning module SourceControl (459)
[2022.07.01-17.07.06:893][  0]LogModuleManager: Shutting down and abandoning module CLionSourceCodeAccess (456)
[2022.07.01-17.07.06:893][  0]LogModuleManager: Shutting down and abandoning module AnimationSharingEd (454)
[2022.07.01-17.07.06:893][  0]LogModuleManager: Shutting down and abandoning module SpeedTreeImporter (452)
[2022.07.01-17.07.06:893][  0]LogModuleManager: Shutting down and abandoning module MobileLauncherProfileWizard (450)
[2022.07.01-17.07.06:893][  0]LogModuleManager: Shutting down and abandoning module PluginBrowser (448)
[2022.07.01-17.07.06:893][  0]LogModuleManager: Shutting down and abandoning module MaterialAnalyzer (446)
[2022.07.01-17.07.06:893][  0]LogModuleManager: Shutting down and abandoning module CurveEditorTools (444)
[2022.07.01-17.07.06:894][  0]LogModuleManager: Shutting down and abandoning module CryptoKeysOpenSSL (442)
[2022.07.01-17.07.06:894][  0]LogModuleManager: Shutting down and abandoning module CryptoKeys (440)
[2022.07.01-17.07.06:894][  0]LogModuleManager: Shutting down and abandoning module LightPropagationVolumeEditor (438)
[2022.07.01-17.07.06:894][  0]LogModuleManager: Shutting down and abandoning module LiveLinkSequencer (436)
[2022.07.01-17.07.06:894][  0]LogModuleManager: Shutting down and abandoning module LiveLinkMovieScene (434)
[2022.07.01-17.07.06:894][  0]LogModuleManager: Shutting down and abandoning module LiveLinkGraphNode (432)
[2022.07.01-17.07.06:894][  0]LogModuleManager: Shutting down and abandoning module LiveLinkEditor (430)
[2022.07.01-17.07.06:894][  0]LogModuleManager: Shutting down and abandoning module LiveLinkComponents (428)
[2022.07.01-17.07.06:894][  0]LogModuleManager: Shutting down and abandoning module LiveLink (426)
[2022.07.01-17.07.07:636][  0]LogModuleManager: Shutting down and abandoning module PaperTiledImporter (424)
[2022.07.01-17.07.07:636][  0]LogModuleManager: Shutting down and abandoning module PaperSpriteSheetImporter (422)
[2022.07.01-17.07.07:636][  0]LogModuleManager: Shutting down and abandoning module Paper2DEditor (420)
[2022.07.01-17.07.07:636][  0]LogModuleManager: Shutting down and abandoning module MeshPaintingToolset (418)
[2022.07.01-17.07.07:636][  0]LogModuleManager: Shutting down and abandoning module MeshPaintEditorMode (416)
[2022.07.01-17.07.07:636][  0]LogModuleManager: Shutting down and abandoning module ConcertSyncCore (414)
[2022.07.01-17.07.07:636][  0]LogModuleManager: Shutting down and abandoning module SQLiteCore (412)
[2022.07.01-17.07.07:637][  0]LogModuleManager: Shutting down and abandoning module Concert (410)
[2022.07.01-17.07.07:637][  0]LogModuleManager: Shutting down and abandoning module ConcertTransport (409)
[2022.07.01-17.07.07:637][  0]LogModuleManager: Shutting down and abandoning module GameplayCameras (406)
[2022.07.01-17.07.07:637][  0]LogModuleManager: Shutting down and abandoning module SoundFields (404)
[2022.07.01-17.07.07:637][  0]LogModuleManager: Shutting down and abandoning module SignificanceManager (402)
[2022.07.01-17.07.07:637][  0]LogModuleManager: Shutting down and abandoning module RuntimePhysXCooking (400)
[2022.07.01-17.07.07:637][  0]LogModuleManager: Shutting down and abandoning module PropertyAccessEditor (398)
[2022.07.01-17.07.07:637][  0]LogModuleManager: Shutting down and abandoning module PhysXVehiclesEditor (396)
[2022.07.01-17.07.07:637][  0]LogModuleManager: Shutting down and abandoning module LocationServicesBPLibrary (392)
[2022.07.01-17.07.07:637][  0]LogModuleManager: Shutting down and abandoning module AudioSynesthesia (390)
[2022.07.01-17.07.07:637][  0]LogModuleManager: Shutting down and abandoning module AudioSynesthesiaCore (388)
[2022.07.01-17.07.07:637][  0]LogModuleManager: Shutting down and abandoning module MagicLeapARPin (386)
[2022.07.01-17.07.07:637][  0]LogModuleManager: Shutting down and abandoning module UdpMessaging (384)
[2022.07.01-17.07.07:637][  0]LogModuleManager: Shutting down and abandoning module PythonScriptPlugin (382)
[2022.07.01-17.07.07:637][  0]LogModuleManager: Shutting down and abandoning module MagicLeapHandMeshing (380)
[2022.07.01-17.07.07:637][  0]LogModuleManager: Shutting down and abandoning module MagicLeapSecureStorage (378)
[2022.07.01-17.07.07:637][  0]LogModuleManager: Shutting down and abandoning module MagicLeapPrivileges (376)
[2022.07.01-17.07.07:637][  0]LogModuleManager: Shutting down and abandoning module MagicLeapPlanes (374)
[2022.07.01-17.07.07:637][  0]LogMagicLeapPlanes: Planes tracker already destroyed.
[2022.07.01-17.07.07:637][  0]LogModuleManager: Shutting down and abandoning module MagicLeapImageTracker (372)
[2022.07.01-17.07.07:637][  0]LogModuleManager: Shutting down and abandoning module MagicLeapIdentity (370)
[2022.07.01-17.07.07:637][  0]LogModuleManager: Shutting down and abandoning module MagicLeapHandTracking (368)
[2022.07.01-17.07.07:637][  0]LogModuleManager: Shutting down and abandoning module MagicLeapEyeTracker (366)
[2022.07.01-17.07.07:637][  0]LogModuleManager: Shutting down and abandoning module MagicLeapController (364)
[2022.07.01-17.07.07:637][  0]LogModuleManager: Shutting down and abandoning module MagicLeapARPinImpl (362)
[2022.07.01-17.07.07:637][  0]LogModuleManager: Shutting down and abandoning module MagicLeapAR (360)
[2022.07.01-17.07.07:637][  0]LogModuleManager: Shutting down and abandoning module TcpMessaging (358)
[2022.07.01-17.07.07:637][  0]LogModuleManager: Shutting down and abandoning module ActorSequence (356)
[2022.07.01-17.07.07:637][  0]LogModuleManager: Shutting down and abandoning module NiagaraAnimNotifies (354)
[2022.07.01-17.07.07:637][  0]LogModuleManager: Shutting down and abandoning module Niagara (352)
[2022.07.01-17.07.07:637][  0]LogModuleManager: Shutting down and abandoning module SignalProcessing (351)
[2022.07.01-17.07.07:637][  0]LogModuleManager: Shutting down and abandoning module NiagaraEditor (349)
[2022.07.01-17.07.07:637][  0]LogModuleManager: Shutting down and abandoning module NiagaraCore (346)
[2022.07.01-17.07.07:637][  0]LogModuleManager: Shutting down and abandoning module PropertyAccessNode (344)
[2022.07.01-17.07.07:637][  0]LogModuleManager: Shutting down and abandoning module AnimationSharing (342)
[2022.07.01-17.07.07:637][  0]LogModuleManager: Shutting down and abandoning module GameplayTagsEditor (340)
[2022.07.01-17.07.07:637][  0]LogModuleManager: Shutting down and abandoning module FacialAnimationEditor (338)
[2022.07.01-17.07.07:637][  0]LogModuleManager: Shutting down and abandoning module FacialAnimation (336)
[2022.07.01-17.07.07:637][  0]LogModuleManager: Shutting down and abandoning module DataValidation (334)
[2022.07.01-17.07.07:637][  0]LogModuleManager: Shutting down and abandoning module AssetManagerEditor (332)
[2022.07.01-17.07.07:637][  0]LogModuleManager: Shutting down and abandoning module TreeMap (331)
[2022.07.01-17.07.07:637][  0]LogModuleManager: Shutting down and abandoning module LightPropagationVolumeRuntime (328)
[2022.07.01-17.07.07:637][  0]LogModuleManager: Shutting down and abandoning module EnvironmentQueryEditor (326)
[2022.07.01-17.07.07:637][  0]LogModuleManager: Shutting down and abandoning module Paper2D (324)
[2022.07.01-17.07.07:637][  0]LogModuleManager: Shutting down and abandoning module NetworkReplayStreaming (322)
[2022.07.01-17.07.07:637][  0]LogModuleManager: Shutting down and abandoning module PacketHandler (320)
[2022.07.01-17.07.07:637][  0]LogModuleManager: Shutting down and abandoning module ClothingSystemEditor (318)
[2022.07.01-17.07.07:637][  0]LogModuleManager: Shutting down and abandoning module ClothingSystemRuntimeNv (316)
[2022.07.01-17.07.07:638][  0]LogModuleManager: Shutting down and abandoning module MediaAssets (314)
[2022.07.01-17.07.07:638][  0]LogModuleManager: Shutting down and abandoning module Overlay (312)
[2022.07.01-17.07.07:638][  0]LogModuleManager: Shutting down and abandoning module OverlayEditor (311)
[2022.07.01-17.07.07:638][  0]LogModuleManager: Shutting down and abandoning module Blutility (308)
[2022.07.01-17.07.07:638][  0]LogModuleManager: Shutting down and abandoning module LevelEditor (307)
[2022.07.01-17.07.07:638][  0]LogModuleManager: Shutting down and abandoning module PixelInspectorModule (306)
[2022.07.01-17.07.07:639][  0]LogModuleManager: Shutting down and abandoning module CommonMenuExtensions (304)
[2022.07.01-17.07.07:639][  0]LogModuleManager: Shutting down and abandoning module MainFrame (302)
[2022.07.01-17.07.07:639][  0]LogModuleManager: Shutting down and abandoning module HotReload (301)
[2022.07.01-17.07.07:639][  0]LogModuleManager: Shutting down and abandoning module ContentBrowser (297)
[2022.07.01-17.07.07:639][  0]LogModuleManager: Shutting down and abandoning module CollectionManager (296)
[2022.07.01-17.07.07:639][  0]LogModuleManager: Shutting down and abandoning module ContentBrowserData (294)
[2022.07.01-17.07.07:639][  0]LogModuleManager: Shutting down and abandoning module IntroTutorials (290)
[2022.07.01-17.07.07:639][  0]LogModuleManager: Shutting down and abandoning module VREditor (288)
[2022.07.01-17.07.07:639][  0]LogModuleManager: Shutting down and abandoning module StringTableEditor (286)
[2022.07.01-17.07.07:639][  0]LogModuleManager: Shutting down and abandoning module GameplayTasksEditor (284)
[2022.07.01-17.07.07:639][  0]LogModuleManager: Shutting down and abandoning module BehaviorTreeEditor (282)
[2022.07.01-17.07.07:639][  0]LogModuleManager: Shutting down and abandoning module FunctionalTesting (280)
[2022.07.01-17.07.07:639][  0]LogModuleManager: Shutting down and abandoning module CollisionAnalyzer (278)
[2022.07.01-17.07.07:639][  0]LogModuleManager: Shutting down and abandoning module WorkspaceMenuStructure (277)
[2022.07.01-17.07.07:639][  0]LogModuleManager: Shutting down and abandoning module UMG (274)
[2022.07.01-17.07.07:639][  0]LogModuleManager: Shutting down and abandoning module UMGEditor (273)
[2022.07.01-17.07.07:640][  0]LogModuleManager: Shutting down and abandoning module MessageLog (271)
[2022.07.01-17.07.07:640][  0]LogModuleManager: Shutting down and abandoning module SlateReflector (266)
[2022.07.01-17.07.07:640][  0]LogModuleManager: Shutting down and abandoning module Slate (264)
[2022.07.01-17.07.07:640][  0]LogModuleManager: Shutting down and abandoning module SlateCore (262)
[2022.07.01-17.07.07:640][  0]LogModuleManager: Shutting down and abandoning module LandscapeEditorUtilities (260)
[2022.07.01-17.07.07:640][  0]LogModuleManager: Shutting down and abandoning module UnrealEd (258)
[2022.07.01-17.07.07:640][  0]LogModuleManager: Shutting down and abandoning module MRMesh (256)
[2022.07.01-17.07.07:640][  0]LogModuleManager: Shutting down and abandoning module SourceCodeAccess (254)
[2022.07.01-17.07.07:640][  0]LogModuleManager: Shutting down and abandoning module HeadMountedDisplay (252)
[2022.07.01-17.07.07:640][  0]LogModuleManager: Shutting down and abandoning module XAudio2 (250)
[2022.07.01-17.07.07:640][  0]LogModuleManager: Shutting down and abandoning module Networking (248)
[2022.07.01-17.07.07:640][  0]LogModuleManager: Shutting down and abandoning module Core (246)
[2022.07.01-17.07.07:640][  0]LogModuleManager: Shutting down and abandoning module MaterialEditor (244)
[2022.07.01-17.07.07:640][  0]LogModuleManager: Shutting down and abandoning module Settings (243)
[2022.07.01-17.07.07:641][  0]LogModuleManager: Shutting down and abandoning module MovieSceneTools (240)
[2022.07.01-17.07.07:641][  0]LogModuleManager: Shutting down and abandoning module CurveEditor (239)
[2022.07.01-17.07.07:641][  0]LogModuleManager: Shutting down and abandoning module Sequencer (237)
[2022.07.01-17.07.07:641][  0]LogModuleManager: Shutting down and abandoning module EditorStyle (236)
[2022.07.01-17.07.07:641][  0]LogModuleManager: Shutting down and abandoning module KismetCompiler (232)
[2022.07.01-17.07.07:641][  0]LogModuleManager: Shutting down and abandoning module MeshBuilder (230)
[2022.07.01-17.07.07:641][  0]LogModuleManager: Shutting down and abandoning module MeshUtilities (228)
[2022.07.01-17.07.07:642][  0]LogModuleManager: Shutting down and abandoning module MeshMergeUtilities (227)
[2022.07.01-17.07.07:642][  0]LogModuleManager: Shutting down and abandoning module MeshReductionInterface (226)
[2022.07.01-17.07.07:642][  0]LogModuleManager: Shutting down and abandoning module MeshBoneReduction (225)
[2022.07.01-17.07.07:642][  0]LogModuleManager: Shutting down and abandoning module SkeletalMeshReduction (223)
[2022.07.01-17.07.07:642][  0]LogModuleManager: Shutting down and abandoning module ProxyLODMeshReduction (221)
[2022.07.01-17.07.07:642][  0]LogModuleManager: Shutting down and abandoning module QuadricMeshReduction (219)
[2022.07.01-17.07.07:642][  0]LogModuleManager: Shutting down and abandoning module MaterialBaking (215)
[2022.07.01-17.07.07:642][  0]LogModuleManager: Shutting down and abandoning module DirectoryWatcher (211)
[2022.07.01-17.07.07:642][  0]LogModuleManager: Shutting down and abandoning module NullInstallBundleManager (208)
[2022.07.01-17.07.07:642][  0]LogModuleManager: Shutting down and abandoning module DerivedDataCache (206)
[2022.07.01-17.07.07:642][  0]LogModuleManager: Shutting down and abandoning module TargetPlatform (204)
[2022.07.01-17.07.07:642][  0]LogModuleManager: Shutting down and abandoning module VulkanShaderFormat (203)
[2022.07.01-17.07.07:642][  0]LogModuleManager: Shutting down and abandoning module ShaderFormatVectorVM (201)
[2022.07.01-17.07.07:642][  0]LogModuleManager: Shutting down and abandoning module ShaderFormatOpenGL (199)
[2022.07.01-17.07.07:642][  0]LogModuleManager: Shutting down and abandoning module ShaderFormatD3D (197)
[2022.07.01-17.07.07:642][  0]LogModuleManager: Shutting down and abandoning module MetalShaderFormat (195)
[2022.07.01-17.07.07:642][  0]LogModuleManager: Shutting down and abandoning module TextureFormatOodle (193)
[2022.07.01-17.07.07:642][  0]LogModuleManager: Shutting down and abandoning module TextureFormatUncompressed (191)
[2022.07.01-17.07.07:642][  0]LogModuleManager: Shutting down and abandoning module TextureFormatPVR (189)
[2022.07.01-17.07.07:642][  0]LogModuleManager: Shutting down and abandoning module TextureFormatETC2 (187)
[2022.07.01-17.07.07:642][  0]LogModuleManager: Shutting down and abandoning module TextureFormatDXT (185)
[2022.07.01-17.07.07:642][  0]LogModuleManager: Shutting down and abandoning module TextureFormatIntelISPCTexComp (183)
[2022.07.01-17.07.07:642][  0]LogModuleManager: Shutting down and abandoning module TextureFormatASTC (181)
[2022.07.01-17.07.07:642][  0]LogModuleManager: Shutting down and abandoning module ImageWrapper (180)
[2022.07.01-17.07.07:642][  0]LogModuleManager: Shutting down and abandoning module AudioFormatOpus (177)
[2022.07.01-17.07.07:642][  0]LogModuleManager: Shutting down and abandoning module AudioFormatOgg (175)
[2022.07.01-17.07.07:642][  0]LogModuleManager: Shutting down and abandoning module AudioFormatADPCM (173)
[2022.07.01-17.07.07:642][  0]LogModuleManager: Shutting down and abandoning module WindowsServerTargetPlatform (171)
[2022.07.01-17.07.07:642][  0]LogModuleManager: Shutting down and abandoning module WindowsClientTargetPlatform (169)
[2022.07.01-17.07.07:642][  0]LogModuleManager: Shutting down and abandoning module WindowsTargetPlatform (167)
[2022.07.01-17.07.07:642][  0]LogModuleManager: Shutting down and abandoning module WindowsNoEditorTargetPlatform (165)
[2022.07.01-17.07.07:642][  0]LogModuleManager: Shutting down and abandoning module TVOSTargetPlatform (163)
[2022.07.01-17.07.07:643][  0]LogModuleManager: Shutting down and abandoning module MacServerTargetPlatform (161)
[2022.07.01-17.07.07:643][  0]LogModuleManager: Shutting down and abandoning module MacClientTargetPlatform (159)
[2022.07.01-17.07.07:643][  0]LogModuleManager: Shutting down and abandoning module MacTargetPlatform (157)
[2022.07.01-17.07.07:643][  0]LogModuleManager: Shutting down and abandoning module MacNoEditorTargetPlatform (155)
[2022.07.01-17.07.07:643][  0]LogModuleManager: Shutting down and abandoning module LuminTargetPlatform (153)
[2022.07.01-17.07.07:644][  0]LogModuleManager: Shutting down and abandoning module LinuxAArch64ServerTargetPlatform (151)
[2022.07.01-17.07.07:644][  0]LogModuleManager: Shutting down and abandoning module LinuxAArch64ClientTargetPlatform (149)
[2022.07.01-17.07.07:644][  0]LogModuleManager: Shutting down and abandoning module LinuxAArch64NoEditorTargetPlatform (147)
[2022.07.01-17.07.07:644][  0]LogModuleManager: Shutting down and abandoning module LinuxServerTargetPlatform (145)
[2022.07.01-17.07.07:644][  0]LogModuleManager: Shutting down and abandoning module LinuxClientTargetPlatform (143)
[2022.07.01-17.07.07:644][  0]LogModuleManager: Shutting down and abandoning module LinuxNoEditorTargetPlatform (141)
[2022.07.01-17.07.07:644][  0]LogModuleManager: Shutting down and abandoning module LinuxTargetPlatform (139)
[2022.07.01-17.07.07:644][  0]LogModuleManager: Shutting down and abandoning module Messaging (137)
[2022.07.01-17.07.07:644][  0]LogModuleManager: Shutting down and abandoning module IOSTargetPlatform (135)
[2022.07.01-17.07.07:644][  0]LogModuleManager: Shutting down and abandoning module AndroidTargetPlatform (133)
[2022.07.01-17.07.07:646][  0]LogModuleManager: Shutting down and abandoning module AllDesktopTargetPlatform (131)
[2022.07.01-17.07.07:646][  0]LogModuleManager: Shutting down and abandoning module NullDrv (128)
[2022.07.01-17.07.07:646][  0]LogModuleManager: Shutting down and abandoning module PhysXCooking (126)
[2022.07.01-17.07.07:646][  0]LogModuleManager: Shutting down and abandoning module Chaos (124)
[2022.07.01-17.07.07:646][  0]LogModuleManager: Shutting down and abandoning module WindowsPlatformFeatures (122)
[2022.07.01-17.07.07:646][  0]LogModuleManager: Shutting down and abandoning module GameplayMediaEncoder (121)
[2022.07.01-17.07.07:646][  0]LogModuleManager: Shutting down and abandoning module AVEncoder (120)
[2022.07.01-17.07.07:646][  0]LogModuleManager: Shutting down and abandoning module ExampleDeviceProfileSelector (116)
[2022.07.01-17.07.07:646][  0]LogModuleManager: Shutting down and abandoning module SteamVRInputDevice (114)
[2022.07.01-17.07.07:646][  0]LogModuleManager: Shutting down and abandoning module SteamVRInput (112)
[2022.07.01-17.07.07:646][  0]LogModuleManager: Shutting down and abandoning module SteamVR (110)
[2022.07.01-17.07.07:646][  0]LogHMD: Freeing OpenVRDLLHandle.
[2022.07.01-17.07.07:646][  0]LogModuleManager: Shutting down and abandoning module OculusHMD (108)
[2022.07.01-17.07.07:646][  0]LogModuleManager: Shutting down and abandoning module OpenXRHandTracking (106)
[2022.07.01-17.07.07:646][  0]LogModuleManager: Shutting down and abandoning module OpenXREyeTracker (104)
[2022.07.01-17.07.07:646][  0]LogModuleManager: Shutting down and abandoning module OpenXRAR (102)
[2022.07.01-17.07.07:646][  0]LogModuleManager: Shutting down and abandoning module AugmentedReality (101)
[2022.07.01-17.07.07:647][  0]LogModuleManager: Shutting down and abandoning module OpenXRHMD (98)
[2022.07.01-17.07.07:647][  0]LogModuleManager: Shutting down and abandoning module ChunkDownloader (96)
[2022.07.01-17.07.07:647][  0]LogModuleManager: Shutting down and abandoning module LauncherChunkInstaller (94)
[2022.07.01-17.07.07:647][  0]LogModuleManager: Shutting down and abandoning module OnlineBlueprintSupport (92)
[2022.07.01-17.07.07:647][  0]LogModuleManager: Shutting down and abandoning module OnlineSubsystem (88)
[2022.07.01-17.07.07:647][  0]LogModuleManager: Shutting down and abandoning module XMPP (83)
[2022.07.01-17.07.07:647][  0]LogModuleManager: Shutting down and abandoning module WebSockets (82)
[2022.07.01-17.07.07:655][  0]LogModuleManager: Shutting down and abandoning module HTTP (79)
[2022.07.01-17.07.07:656][  0]LogHttp: Display: cleaning up 0 outstanding Http requests.
[2022.07.01-17.07.07:672][  0]LogModuleManager: Shutting down and abandoning module SSL (78)
[2022.07.01-17.07.07:673][  0]LogModuleManager: Shutting down and abandoning module WmfMedia (74)
[2022.07.01-17.07.07:675][  0]LogModuleManager: Shutting down and abandoning module Media (73)
[2022.07.01-17.07.07:676][  0]LogModuleManager: Shutting down and abandoning module MediaInfo (72)
[2022.07.01-17.07.07:676][  0]LogModuleManager: Shutting down and abandoning module ExrReaderGpu (68)
[2022.07.01-17.07.07:676][  0]LogModuleManager: Shutting down and abandoning module MLSDK (66)
[2022.07.01-17.07.07:676][  0]LogModuleManager: Shutting down and abandoning module MagicLeap (64)
[2022.07.01-17.07.07:676][  0]LogModuleManager: Shutting down and abandoning module NiagaraVertexFactories (62)
[2022.07.01-17.07.07:676][  0]LogModuleManager: Shutting down and abandoning module NiagaraShader (60)
[2022.07.01-17.07.07:676][  0]LogModuleManager: Shutting down and abandoning module ChaosCloth (58)
[2022.07.01-17.07.07:676][  0]LogModuleManager: Shutting down and abandoning module VariantManagerContent (56)
[2022.07.01-17.07.07:676][  0]LogModuleManager: Shutting down and abandoning module DatasmithContent (54)
[2022.07.01-17.07.07:676][  0]LogModuleManager: Shutting down and abandoning module PixWinPlugin (52)
[2022.07.01-17.07.07:676][  0]LogModuleManager: Shutting down and abandoning module AISupportModule (50)
[2022.07.01-17.07.07:676][  0]LogModuleManager: Shutting down and abandoning module DesktopPlatform (48)
[2022.07.01-17.07.07:676][  0]LogModuleManager: Shutting down and abandoning module PythonScriptPluginPreload (46)
[2022.07.01-17.07.07:676][  0]LogModuleManager: Shutting down and abandoning module PlatformCryptoOpenSSL (44)
[2022.07.01-17.07.07:676][  0]LogModuleManager: Shutting down and abandoning module PlatformCryptoTypes (42)
[2022.07.01-17.07.07:676][  0]LogModuleManager: Shutting down and abandoning module PlatformCrypto (40)
[2022.07.01-17.07.07:676][  0]LogModuleManager: Shutting down and abandoning module OodleDataCompressionFormat (38)
[2022.07.01-17.07.07:676][  0]LogModuleManager: Shutting down and abandoning module XGEController (36)
[2022.07.01-17.07.07:676][  0]LogModuleManager: Shutting down and abandoning module AnimationModifiers (34)
[2022.07.01-17.07.07:676][  0]LogModuleManager: Shutting down and abandoning module AudioEditor (32)
[2022.07.01-17.07.07:676][  0]LogModuleManager: Shutting down and abandoning module PropertyEditor (31)
[2022.07.01-17.07.07:677][  0]LogModuleManager: Shutting down and abandoning module TextureCompressor (28)
[2022.07.01-17.07.07:677][  0]LogModuleManager: Shutting down and abandoning module RenderCore (26)
[2022.07.01-17.07.07:677][  0]LogModuleManager: Shutting down and abandoning module Landscape (24)
[2022.07.01-17.07.07:677][  0]LogModuleManager: Shutting down and abandoning module SlateRHIRenderer (22)
[2022.07.01-17.07.07:677][  0]LogModuleManager: Shutting down and abandoning module AnimGraphRuntime (20)
[2022.07.01-17.07.07:677][  0]LogModuleManager: Shutting down and abandoning module Renderer (18)
[2022.07.01-17.07.07:677][  0]LogModuleManager: Shutting down and abandoning module Engine (16)
[2022.07.01-17.07.07:677][  0]LogModuleManager: Shutting down and abandoning module CoreUObject (14)
[2022.07.01-17.07.07:677][  0]LogModuleManager: Shutting down and abandoning module NetworkFile (12)
[2022.07.01-17.07.07:677][  0]LogModuleManager: Shutting down and abandoning module CookedIterativeFile (10)
[2022.07.01-17.07.07:677][  0]LogModuleManager: Shutting down and abandoning module StreamingFile (8)
[2022.07.01-17.07.07:677][  0]LogModuleManager: Shutting down and abandoning module SandboxFile (6)
[2022.07.01-17.07.07:677][  0]LogModuleManager: Shutting down and abandoning module PakFile (4)
[2022.07.01-17.07.07:677][  0]LogModuleManager: Shutting down and abandoning module RSA (3)
[2022.07.01-17.07.07:841][  0]LogContentStreaming: Display: There are 1 unreleased StreamingManagers
[2022.07.01-17.07.07:854][  0]LogExit: Exiting.
[2022.07.01-17.07.07:862][  0]Log file closed, 07/01/22 21:07:07
