Log file open, 07/01/22 21:14:25
LogWindows: Failed to load 'aqProf.dll' (GetLastError=126)
LogWindows: File 'aqProf.dll' does not exist
LogWindows: Failed to load 'VtuneApi.dll' (GetLastError=126)
LogWindows: File 'VtuneApi.dll' does not exist
LogWindows: Failed to load 'VtuneApi32e.dll' (GetLastError=126)
LogWindows: File 'VtuneApi32e.dll' does not exist
LogConsoleResponse: Display: Failed to find resolution value strings in scalability ini. Falling back to default.
LogConsoleResponse: Display: Failed to find resolution value strings in scalability ini. Falling back to default.
LogInit: Display: Running engine for game: MarvinAttack
LogPlatformFile: Not using cached read wrapper
LogTaskGraph: Started task graph with 5 named threads and 35 total threads with 3 sets of task threads.
LogStats: Stats thread started at 0.305550
LogICUInternationalization: ICU TimeZone Detection - Raw Offset: +4:00, Platform Override: ''
LogInit: Display: Loading text-based GConfig....
LogPluginManager: Mounting plugin MeshPainting
LogPluginManager: Mounting plugin XGEController
LogPluginManager: Mounting plugin Paper2D
LogPluginManager: Mounting plugin LiveLink
LogPluginManager: Mounting plugin AISupport
LogPluginManager: Mounting plugin EnvironmentQueryEditor
LogPluginManager: Mounting plugin LightPropagationVolume
LogPluginManager: Mounting plugin CameraShakePreviewer
LogPluginManager: Mounting plugin OodleData
LogPluginManager: Mounting plugin GameplayCameras
LogPluginManager: Mounting plugin OodleNetwork
LogPluginManager: Mounting plugin AssetManagerEditor
LogPluginManager: Mounting plugin CryptoKeys
LogPluginManager: Mounting plugin CurveEditorTools
LogPluginManager: Mounting plugin DataValidation
LogPluginManager: Mounting plugin FacialAnimation
LogPluginManager: Mounting plugin GameplayTagsEditor
LogPluginManager: Mounting plugin MaterialAnalyzer
LogPluginManager: Mounting plugin MacGraphicsSwitching
LogPluginManager: Mounting plugin MobileLauncherProfileWizard
LogPluginManager: Mounting plugin PluginBrowser
LogPluginManager: Mounting plugin SpeedTreeImporter
LogPluginManager: Mounting plugin GeometryMode
LogPluginManager: Mounting plugin AndroidMedia
LogPluginManager: Mounting plugin AvfMedia
LogPluginManager: Mounting plugin MediaCompositing
LogPluginManager: Mounting plugin AlembicImporter
LogPluginManager: Mounting plugin AutomationUtils
LogPluginManager: Mounting plugin BackChannel
LogPluginManager: Mounting plugin ImgMedia
LogPluginManager: Mounting plugin ChaosClothEditor
LogPluginManager: Mounting plugin ChaosCloth
LogPluginManager: Mounting plugin ChaosEditor
LogPluginManager: Mounting plugin ChaosNiagara
LogPluginManager: Mounting plugin ChaosSolverPlugin
LogPluginManager: Mounting plugin MediaPlayerEditor
LogPluginManager: Mounting plugin CharacterAI
LogPluginManager: Mounting plugin GeometryCache
LogPluginManager: Mounting plugin GeometryCollectionPlugin
LogPluginManager: Mounting plugin WebMMedia
LogPluginManager: Mounting plugin WmfMedia
LogPluginManager: Mounting plugin Niagara
LogPluginManager: Mounting plugin GeometryProcessing
LogPluginManager: Mounting plugin OpenImageDenoise
LogPluginManager: Mounting plugin MotoSynth
LogPluginManager: Mounting plugin PlatformCrypto
LogPluginManager: Mounting plugin TcpMessaging
LogPluginManager: Mounting plugin PlanarCut
LogPluginManager: Mounting plugin ProxyLODPlugin
LogPluginManager: Mounting plugin UdpMessaging
LogPluginManager: Mounting plugin PythonScriptPlugin
LogPluginManager: Mounting plugin SkeletalReduction
LogPluginManager: Mounting plugin LuminPlatformFeatures
LogPluginManager: Mounting plugin MagicLeap
LogPluginManager: Mounting plugin MagicLeapLightEstimation
LogPluginManager: Mounting plugin MagicLeapMedia
LogPluginManager: Mounting plugin MagicLeapPassableWorld
LogPluginManager: Mounting plugin MLSDK
LogPluginManager: Mounting plugin OnlineSubsystem
LogPluginManager: Mounting plugin LauncherChunkInstaller
LogPluginManager: Mounting plugin ActorLayerUtilities
LogPluginManager: Mounting plugin AndroidMoviePlayer
LogPluginManager: Mounting plugin AndroidDeviceProfileSelector
LogPluginManager: Mounting plugin AndroidPermission
LogPluginManager: Mounting plugin AppleMoviePlayer
LogPluginManager: Mounting plugin AppleImageUtils
LogPluginManager: Mounting plugin OnlineSubsystemNull
LogPluginManager: Mounting plugin ArchVisCharacter
LogPluginManager: Mounting plugin AssetTags
LogPluginManager: Mounting plugin AudioSynesthesia
LogPluginManager: Mounting plugin AudioCapture
LogPluginManager: Mounting plugin ChunkDownloader
LogPluginManager: Mounting plugin CustomMeshComponent
LogPluginManager: Mounting plugin CableComponent
LogPluginManager: Mounting plugin EditableMesh
LogPluginManager: Mounting plugin ExampleDeviceProfileSelector
LogPluginManager: Mounting plugin GoogleCloudMessaging
LogPluginManager: Mounting plugin GooglePAD
LogPluginManager: Mounting plugin OnlineSubsystemUtils
LogPluginManager: Mounting plugin IOSDeviceProfileSelector
LogPluginManager: Mounting plugin LocationServicesBPLibrary
LogPluginManager: Mounting plugin LinuxDeviceProfileSelector
LogPluginManager: Mounting plugin MobilePatchingUtils
LogPluginManager: Mounting plugin OpenXR
LogPluginManager: Mounting plugin OpenXREyeTracker
LogPluginManager: Mounting plugin OpenXRHandTracking
LogPluginManager: Mounting plugin PhysXVehicles
LogPluginManager: Mounting plugin ScreenshotTools
LogPluginManager: Mounting plugin ProceduralMeshComponent
LogPluginManager: Mounting plugin PostSplashScreen
LogPluginManager: Mounting plugin PropertyAccessEditor
LogPluginManager: Mounting plugin RuntimePhysXCooking
LogPluginManager: Mounting plugin SignificanceManager
LogPluginManager: Mounting plugin SoundFields
LogPluginManager: Mounting plugin Synthesis
LogPluginManager: Mounting plugin WebMMoviePlayer
LogPluginManager: Mounting plugin WindowsMoviePlayer
LogPluginManager: Mounting plugin MultiUserTakes
LogPluginManager: Mounting plugin Takes
LogPluginManager: Mounting plugin ActorSequence
LogPluginManager: Mounting plugin LevelSequenceEditor
LogPluginManager: Mounting plugin MatineeToLevelSequence
LogPluginManager: Mounting plugin AnimationSharing
LogPluginManager: Mounting plugin TemplateSequence
LogPluginManager: Mounting plugin CLionSourceCodeAccess
LogPluginManager: Mounting plugin CodeLiteSourceCodeAccess
LogPluginManager: Mounting plugin GitSourceControl
LogPluginManager: Mounting plugin KDevelopSourceCodeAccess
LogPluginManager: Mounting plugin NullSourceCodeAccess
LogPluginManager: Mounting plugin PixWinPlugin
LogPluginManager: Mounting plugin PluginUtils
LogPluginManager: Mounting plugin PropertyAccessNode
LogPluginManager: Mounting plugin PlasticSourceControl
LogPluginManager: Mounting plugin PerforceSourceControl
LogPluginManager: Mounting plugin RiderSourceCodeAccess
LogPluginManager: Mounting plugin SubversionSourceControl
LogPluginManager: Mounting plugin TextureFormatOodle
LogPluginManager: Mounting plugin DatasmithContent
LogPluginManager: Mounting plugin UObjectPlugin
LogPluginManager: Mounting plugin VisualStudioCodeSourceCodeAccess
LogPluginManager: Mounting plugin VariantManagerContent
LogPluginManager: Mounting plugin XCodeSourceCodeAccess
LogPluginManager: Mounting plugin VisualStudioSourceCodeAccess
LogPluginManager: Mounting plugin ContentBrowserClassDataSource
LogPluginManager: Mounting plugin ContentBrowserAssetDataSource
LogPluginManager: Mounting plugin ContentBrowserFileDataSource
LogPluginManager: Mounting plugin OnlineSubsystemGooglePlay
LogPluginManager: Mounting plugin OnlineSubsystemIOS
LogPluginManager: Mounting plugin SQLiteCore
LogPluginManager: Mounting plugin OculusVR
LogPluginManager: Mounting plugin SteamVR
LogPluginManager: Mounting plugin ConcertMain
LogPluginManager: Mounting plugin MultiUserClient
LogPluginManager: Mounting plugin ConcertSyncClient
LogPluginManager: Mounting plugin ConcertSyncCore
LogInit: Using libcurl 7.55.1-DEV
LogInit:  - built for x86_64-pc-win32
LogInit:  - supports SSL with OpenSSL/1.1.1
LogInit:  - supports HTTP deflate (compression) using libz 1.2.8
LogInit:  - other features:
LogInit:      CURL_VERSION_SSL
LogInit:      CURL_VERSION_LIBZ
LogInit:      CURL_VERSION_IPV6
LogInit:      CURL_VERSION_ASYNCHDNS
LogInit:      CURL_VERSION_LARGEFILE
LogInit:      CURL_VERSION_IDN
LogInit:  CurlRequestOptions (configurable via config and command line):
LogInit:  - bVerifyPeer = true  - Libcurl will verify peer certificate
LogInit:  - bUseHttpProxy = false  - Libcurl will NOT use HTTP proxy
LogInit:  - bDontReuseConnections = false  - Libcurl will reuse connections
LogInit:  - MaxHostConnections = 16  - Libcurl will limit the number of connections to a host
LogInit:  - LocalHostAddr = Default
LogInit:  - BufferSize = 65536
LogOnline: OSS: Creating online subsystem instance for: NULL
LogInit: WinSock: version 1.1 (2.2), MaxSocks=32767, MaxUdp=65467
LogOnline: OSS: TryLoadSubsystemAndSetDefault: Loaded subsystem for module [NULL]
PixWinPlugin: PIX capture plugin failed to initialize! Check that the process is launched from PIX.
LogInit: Build: ++UE4+Release-4.27-CL-18319896
LogInit: Engine Version: 4.27.2-18319896+++UE4+Release-4.27
LogInit: Compatible Engine Version: 4.27.0-17155196+++UE4+Release-4.27
LogInit: Net CL: 17155196
LogInit: OS: Windows 10 (Release 2009) (), CPU: Intel(R) Core(TM) i7-9750H CPU @ 2.60GHz, GPU: Intel(R) UHD Graphics 630
LogInit: Compiled (64-bit): Nov 30 2021 07:12:08
LogInit: Compiled with Visual C++: 19.24.28315.00
LogInit: Build Configuration: Development
LogInit: Branch Name: ++UE4+Release-4.27
LogInit: Command Line:  C:/Users/fazan/Games/marvin-attack/MarvinAttack/MarvinAttack.uproject -run=GatherText -config=Config/Localization/Game_Compile_enF370F28C4C08FEC656D83E84CC59AF1B.ini -EnableSCC -DisableSCCSubmit
LogInit: Base Directory: C:/Program Files/Epic Games/UE_4.27/Engine/Binaries/Win64/
LogInit: Allocator: TBB
LogInit: Installed Engine Build: 1
LogDevObjectVersion: Number of dev versions registered: 29
LogDevObjectVersion:   Dev-Blueprints (B0D832E4-1F89-4F0D-ACCF-7EB736FD4AA2): 10
LogDevObjectVersion:   Dev-Build (E1C64328-A22C-4D53-A36C-8E866417BD8C): 0
LogDevObjectVersion:   Dev-Core (375EC13C-06E4-48FB-B500-84F0262A717E): 4
LogDevObjectVersion:   Dev-Editor (E4B068ED-F494-42E9-A231-DA0B2E46BB41): 40
LogDevObjectVersion:   Dev-Framework (CFFC743F-43B0-4480-9391-14DF171D2073): 37
LogDevObjectVersion:   Dev-Mobile (B02B49B5-BB20-44E9-A304-32B752E40360): 3
LogDevObjectVersion:   Dev-Networking (A4E4105C-59A1-49B5-A7C5-40C4547EDFEE): 0
LogDevObjectVersion:   Dev-Online (39C831C9-5AE6-47DC-9A44-9C173E1C8E7C): 0
LogDevObjectVersion:   Dev-Physics (78F01B33-EBEA-4F98-B9B4-84EACCB95AA2): 14
LogDevObjectVersion:   Dev-Platform (6631380F-2D4D-43E0-8009-CF276956A95A): 0
LogDevObjectVersion:   Dev-Rendering (12F88B9F-8875-4AFC-A67C-D90C383ABD29): 45
LogDevObjectVersion:   Dev-Sequencer (7B5AE74C-D270-4C10-A958-57980B212A5A): 13
LogDevObjectVersion:   Dev-VR (D7296918-1DD6-4BDD-9DE2-64A83CC13884): 3
LogDevObjectVersion:   Dev-LoadTimes (C2A15278-BFE7-4AFE-6C17-90FF531DF755): 1
LogDevObjectVersion:   Private-Geometry (6EACA3D4-40EC-4CC1-B786-8BED09428FC5): 3
LogDevObjectVersion:   Dev-AnimPhys (29E575DD-E0A3-4627-9D10-D276232CDCEA): 17
LogDevObjectVersion:   Dev-Anim (AF43A65D-7FD3-4947-9873-3E8ED9C1BB05): 15
LogDevObjectVersion:   Dev-ReflectionCapture (6B266CEC-1EC7-4B8F-A30B-E4D90942FC07): 1
LogDevObjectVersion:   Dev-Automation (0DF73D61-A23F-47EA-B727-89E90C41499A): 1
LogDevObjectVersion:   FortniteMain (601D1886-AC64-4F84-AA16-D3DE0DEAC7D6): 47
LogDevObjectVersion:   FortniteRelease (E7086368-6B23-4C58-8439-1B7016265E91): 1
LogDevObjectVersion:   Dev-Enterprise (9DFFBCD6-494F-0158-E221-12823C92A888): 10
LogDevObjectVersion:   Dev-Niagara (F2AED0AC-9AFE-416F-8664-AA7FFA26D6FC): 1
LogDevObjectVersion:   Dev-Destruction (174F1F0B-B4C6-45A5-B13F-2EE8D0FB917D): 10
LogDevObjectVersion:   Dev-Physics-Ext (35F94A83-E258-406C-A318-09F59610247C): 41
LogDevObjectVersion:   Dev-PhysicsMaterial-Chaos (B68FC16E-8B1B-42E2-B453-215C058844FE): 1
LogDevObjectVersion:   Dev-CineCamera (B2E18506-4273-CFC2-A54E-F4BB758BBA07): 1
LogDevObjectVersion:   Dev-VirtualProduction (64F58936-FD1B-42BA-BA96-7289D5D0FA4E): 1
LogDevObjectVersion:   Dev-MediaFramework (6F0ED827-A609-4895-9C91-998D90180EA4): 2
LogInit: Presizing for max 25165824 objects, including 0 objects not considered by GC, pre-allocating 0 bytes for permanent pool.
LogConfig: Applying CVar settings from Section [/Script/Engine.StreamingSettings] File [C:/Users/fazan/Games/marvin-attack/MarvinAttack/Saved/Config/Windows/Engine.ini]
LogConfig: Setting CVar [[s.MinBulkDataSizeForAsyncLoading:131072]]
LogConfig: Setting CVar [[s.AsyncLoadingThreadEnabled:0]]
LogConfig: Setting CVar [[s.EventDrivenLoaderEnabled:1]]
LogConfig: Setting CVar [[s.WarnIfTimeLimitExceeded:0]]
LogConfig: Setting CVar [[s.TimeLimitExceededMultiplier:1.5]]
LogConfig: Setting CVar [[s.TimeLimitExceededMinTime:0.005]]
LogConfig: Setting CVar [[s.UseBackgroundLevelStreaming:1]]
LogConfig: Setting CVar [[s.PriorityAsyncLoadingExtraTime:15.0]]
LogConfig: Setting CVar [[s.LevelStreamingActorsUpdateTimeLimit:5.0]]
LogConfig: Setting CVar [[s.PriorityLevelStreamingActorsUpdateExtraTime:5.0]]
LogConfig: Setting CVar [[s.LevelStreamingComponentsRegistrationGranularity:10]]
LogConfig: Setting CVar [[s.UnregisterComponentsTimeLimit:1.0]]
LogConfig: Setting CVar [[s.LevelStreamingComponentsUnregistrationGranularity:5]]
LogConfig: Setting CVar [[s.FlushStreamingOnExit:1]]
LogInit: Object subsystem initialized
LogConfig: Setting CVar [[con.DebugEarlyDefault:1]]
LogConfig: Setting CVar [[r.setres:1280x720]]
[2022.07.01-17.14.25:869][  0]LogConfig: Setting CVar [[con.DebugEarlyDefault:1]]
[2022.07.01-17.14.25:869][  0]LogConfig: Setting CVar [[r.setres:1280x720]]
[2022.07.01-17.14.25:869][  0]LogConfig: Applying CVar settings from Section [/Script/Engine.RendererSettings] File [C:/Users/fazan/Games/marvin-attack/MarvinAttack/Saved/Config/Windows/Engine.ini]
[2022.07.01-17.14.25:869][  0]LogConfig: Setting CVar [[r.GPUCrashDebugging:0]]
[2022.07.01-17.14.25:869][  0]LogConfig: Applying CVar settings from Section [/Script/Engine.RendererOverrideSettings] File [C:/Users/fazan/Games/marvin-attack/MarvinAttack/Saved/Config/Windows/Engine.ini]
[2022.07.01-17.14.25:869][  0]LogConfig: Applying CVar settings from Section [/Script/Engine.StreamingSettings] File [C:/Users/fazan/Games/marvin-attack/MarvinAttack/Saved/Config/Windows/Engine.ini]
[2022.07.01-17.14.25:869][  0]LogConfig: Setting CVar [[s.MinBulkDataSizeForAsyncLoading:131072]]
[2022.07.01-17.14.25:869][  0]LogConfig: Setting CVar [[s.AsyncLoadingThreadEnabled:0]]
[2022.07.01-17.14.25:869][  0]LogConfig: Setting CVar [[s.EventDrivenLoaderEnabled:1]]
[2022.07.01-17.14.25:869][  0]LogConfig: Setting CVar [[s.WarnIfTimeLimitExceeded:0]]
[2022.07.01-17.14.25:869][  0]LogConfig: Setting CVar [[s.TimeLimitExceededMultiplier:1.5]]
[2022.07.01-17.14.25:869][  0]LogConfig: Setting CVar [[s.TimeLimitExceededMinTime:0.005]]
[2022.07.01-17.14.25:869][  0]LogConfig: Setting CVar [[s.UseBackgroundLevelStreaming:1]]
[2022.07.01-17.14.25:869][  0]LogConfig: Setting CVar [[s.PriorityAsyncLoadingExtraTime:15.0]]
[2022.07.01-17.14.25:869][  0]LogConfig: Setting CVar [[s.LevelStreamingActorsUpdateTimeLimit:5.0]]
[2022.07.01-17.14.25:869][  0]LogConfig: Setting CVar [[s.PriorityLevelStreamingActorsUpdateExtraTime:5.0]]
[2022.07.01-17.14.25:869][  0]LogConfig: Setting CVar [[s.LevelStreamingComponentsRegistrationGranularity:10]]
[2022.07.01-17.14.25:869][  0]LogConfig: Setting CVar [[s.UnregisterComponentsTimeLimit:1.0]]
[2022.07.01-17.14.25:869][  0]LogConfig: Setting CVar [[s.LevelStreamingComponentsUnregistrationGranularity:5]]
[2022.07.01-17.14.25:869][  0]LogConfig: Setting CVar [[s.FlushStreamingOnExit:1]]
[2022.07.01-17.14.25:869][  0]LogConfig: Applying CVar settings from Section [/Script/Engine.GarbageCollectionSettings] File [C:/Users/fazan/Games/marvin-attack/MarvinAttack/Saved/Config/Windows/Engine.ini]
[2022.07.01-17.14.25:869][  0]LogConfig: Setting CVar [[gc.MaxObjectsNotConsideredByGC:1]]
[2022.07.01-17.14.25:869][  0]LogConfig: Setting CVar [[gc.SizeOfPermanentObjectPool:0]]
[2022.07.01-17.14.25:869][  0]LogConfig: Setting CVar [[gc.FlushStreamingOnGC:0]]
[2022.07.01-17.14.25:869][  0]LogConfig: Setting CVar [[gc.NumRetriesBeforeForcingGC:10]]
[2022.07.01-17.14.25:869][  0]LogConfig: Setting CVar [[gc.AllowParallelGC:1]]
[2022.07.01-17.14.25:869][  0]LogConfig: Setting CVar [[gc.TimeBetweenPurgingPendingKillObjects:61.1]]
[2022.07.01-17.14.25:869][  0]LogConfig: Setting CVar [[gc.MaxObjectsInEditor:25165824]]
[2022.07.01-17.14.25:869][  0]LogConfig: Setting CVar [[gc.IncrementalBeginDestroyEnabled:1]]
[2022.07.01-17.14.25:869][  0]LogConfig: Setting CVar [[gc.CreateGCClusters:1]]
[2022.07.01-17.14.25:869][  0]LogConfig: Setting CVar [[gc.MinGCClusterSize:5]]
[2022.07.01-17.14.25:869][  0]LogConfig: Setting CVar [[gc.ActorClusteringEnabled:0]]
[2022.07.01-17.14.25:869][  0]LogConfig: Setting CVar [[gc.BlueprintClusteringEnabled:0]]
[2022.07.01-17.14.25:870][  0]LogConfig: Setting CVar [[gc.UseDisregardForGCOnDedicatedServers:0]]
[2022.07.01-17.14.25:870][  0]LogConfig: Setting CVar [[gc.MultithreadedDestructionEnabled:1]]
[2022.07.01-17.14.25:870][  0]LogConfig: Applying CVar settings from Section [/Script/Engine.NetworkSettings] File [C:/Users/fazan/Games/marvin-attack/MarvinAttack/Saved/Config/Windows/Engine.ini]
[2022.07.01-17.14.25:870][  0]LogConfig: Applying CVar settings from Section [/Script/UnrealEd.CookerSettings] File [C:/Users/fazan/Games/marvin-attack/MarvinAttack/Saved/Config/Windows/Engine.ini]
[2022.07.01-17.14.25:870][  0]LogConfig: Applying CVar settings from Section [ViewDistanceQuality@3] File [C:/Users/fazan/Games/marvin-attack/MarvinAttack/Saved/Config/Windows/Scalability.ini]
[2022.07.01-17.14.25:870][  0]LogConfig: Setting CVar [[r.SkeletalMeshLODBias:0]]
[2022.07.01-17.14.25:870][  0]LogConfig: Setting CVar [[r.ViewDistanceScale:1.0]]
[2022.07.01-17.14.25:870][  0]LogConfig: Applying CVar settings from Section [AntiAliasingQuality@3] File [C:/Users/fazan/Games/marvin-attack/MarvinAttack/Saved/Config/Windows/Scalability.ini]
[2022.07.01-17.14.25:870][  0]LogConfig: Setting CVar [[r.PostProcessAAQuality:4]]
[2022.07.01-17.14.25:870][  0]LogConfig: Applying CVar settings from Section [ShadowQuality@3] File [C:/Users/fazan/Games/marvin-attack/MarvinAttack/Saved/Config/Windows/Scalability.ini]
[2022.07.01-17.14.25:870][  0]LogConfig: Setting CVar [[r.LightFunctionQuality:1]]
[2022.07.01-17.14.25:870][  0]LogConfig: Setting CVar [[r.ShadowQuality:5]]
[2022.07.01-17.14.25:870][  0]LogConfig: Setting CVar [[r.Shadow.CSM.MaxCascades:10]]
[2022.07.01-17.14.25:870][  0]LogConfig: Setting CVar [[r.Shadow.MaxResolution:2048]]
[2022.07.01-17.14.25:870][  0]LogConfig: Setting CVar [[r.Shadow.MaxCSMResolution:2048]]
[2022.07.01-17.14.25:870][  0]LogConfig: Setting CVar [[r.Shadow.RadiusThreshold:0.01]]
[2022.07.01-17.14.25:870][  0]LogConfig: Setting CVar [[r.Shadow.DistanceScale:1.0]]
[2022.07.01-17.14.25:870][  0]LogConfig: Setting CVar [[r.Shadow.CSM.TransitionScale:1.0]]
[2022.07.01-17.14.25:870][  0]LogConfig: Setting CVar [[r.Shadow.PreShadowResolutionFactor:1.0]]
[2022.07.01-17.14.25:870][  0]LogConfig: Setting CVar [[r.DistanceFieldShadowing:1]]
[2022.07.01-17.14.25:870][  0]LogConfig: Setting CVar [[r.DistanceFieldAO:1]]
[2022.07.01-17.14.25:870][  0]LogConfig: Setting CVar [[r.AOQuality:2]]
[2022.07.01-17.14.25:870][  0]LogConfig: Setting CVar [[r.VolumetricFog:1]]
[2022.07.01-17.14.25:870][  0]LogConfig: Setting CVar [[r.VolumetricFog.GridPixelSize:8]]
[2022.07.01-17.14.25:870][  0]LogConfig: Setting CVar [[r.VolumetricFog.GridSizeZ:128]]
[2022.07.01-17.14.25:870][  0]LogConfig: Setting CVar [[r.VolumetricFog.HistoryMissSupersampleCount:4]]
[2022.07.01-17.14.25:870][  0]LogConfig: Setting CVar [[r.LightMaxDrawDistanceScale:1]]
[2022.07.01-17.14.25:870][  0]LogConfig: Setting CVar [[r.CapsuleShadows:1]]
[2022.07.01-17.14.25:870][  0]LogConfig: Applying CVar settings from Section [PostProcessQuality@3] File [C:/Users/fazan/Games/marvin-attack/MarvinAttack/Saved/Config/Windows/Scalability.ini]
[2022.07.01-17.14.25:870][  0]LogConfig: Setting CVar [[r.MotionBlurQuality:4]]
[2022.07.01-17.14.25:870][  0]LogConfig: Setting CVar [[r.AmbientOcclusionMipLevelFactor:0.4]]
[2022.07.01-17.14.25:870][  0]LogConfig: Setting CVar [[r.AmbientOcclusionMaxQuality:100]]
[2022.07.01-17.14.25:870][  0]LogConfig: Setting CVar [[r.AmbientOcclusionLevels:-1]]
[2022.07.01-17.14.25:870][  0]LogConfig: Setting CVar [[r.AmbientOcclusionRadiusScale:1.0]]
[2022.07.01-17.14.25:870][  0]LogConfig: Setting CVar [[r.DepthOfFieldQuality:2]]
[2022.07.01-17.14.25:870][  0]LogConfig: Setting CVar [[r.RenderTargetPoolMin:400]]
[2022.07.01-17.14.25:870][  0]LogConfig: Setting CVar [[r.LensFlareQuality:2]]
[2022.07.01-17.14.25:870][  0]LogConfig: Setting CVar [[r.SceneColorFringeQuality:1]]
[2022.07.01-17.14.25:870][  0]LogConfig: Setting CVar [[r.EyeAdaptationQuality:2]]
[2022.07.01-17.14.25:870][  0]LogConfig: Setting CVar [[r.BloomQuality:5]]
[2022.07.01-17.14.25:870][  0]LogConfig: Setting CVar [[r.FastBlurThreshold:100]]
[2022.07.01-17.14.25:870][  0]LogConfig: Setting CVar [[r.Upscale.Quality:3]]
[2022.07.01-17.14.25:870][  0]LogConfig: Setting CVar [[r.Tonemapper.GrainQuantization:1]]
[2022.07.01-17.14.25:870][  0]LogConfig: Setting CVar [[r.LightShaftQuality:1]]
[2022.07.01-17.14.25:870][  0]LogConfig: Setting CVar [[r.Filter.SizeScale:1]]
[2022.07.01-17.14.25:870][  0]LogConfig: Setting CVar [[r.Tonemapper.Quality:5]]
[2022.07.01-17.14.25:870][  0]LogConfig: Setting CVar [[r.DOF.Gather.AccumulatorQuality:1        ; higher gathering accumulator quality]]
[2022.07.01-17.14.25:870][  0]LogConfig: Setting CVar [[r.DOF.Gather.PostfilterMethod:1          ; Median3x3 postfilering method]]
[2022.07.01-17.14.25:870][  0]LogConfig: Setting CVar [[r.DOF.Gather.EnableBokehSettings:0       ; no bokeh simulation when gathering]]
[2022.07.01-17.14.25:870][  0]LogConfig: Setting CVar [[r.DOF.Gather.RingCount:4                 ; medium number of samples when gathering]]
[2022.07.01-17.14.25:870][  0]LogConfig: Setting CVar [[r.DOF.Scatter.ForegroundCompositing:1    ; additive foreground scattering]]
[2022.07.01-17.14.25:870][  0]LogConfig: Setting CVar [[r.DOF.Scatter.BackgroundCompositing:2    ; additive background scattering]]
[2022.07.01-17.14.25:870][  0]LogConfig: Setting CVar [[r.DOF.Scatter.EnableBokehSettings:1      ; bokeh simulation when scattering]]
[2022.07.01-17.14.25:870][  0]LogConfig: Setting CVar [[r.DOF.Scatter.MaxSpriteRatio:0.1         ; only a maximum of 10% of scattered bokeh]]
[2022.07.01-17.14.25:870][  0]LogConfig: Setting CVar [[r.DOF.Recombine.Quality:1                ; cheap slight out of focus]]
[2022.07.01-17.14.25:870][  0]LogConfig: Setting CVar [[r.DOF.Recombine.EnableBokehSettings:0    ; no bokeh simulation on slight out of focus]]
[2022.07.01-17.14.25:870][  0]LogConfig: Setting CVar [[r.DOF.TemporalAAQuality:1                ; more stable temporal accumulation]]
[2022.07.01-17.14.25:870][  0]LogConfig: Setting CVar [[r.DOF.Kernel.MaxForegroundRadius:0.025]]
[2022.07.01-17.14.25:870][  0]LogConfig: Setting CVar [[r.DOF.Kernel.MaxBackgroundRadius:0.025]]
[2022.07.01-17.14.25:870][  0]LogConfig: Applying CVar settings from Section [TextureQuality@3] File [C:/Users/fazan/Games/marvin-attack/MarvinAttack/Saved/Config/Windows/Scalability.ini]
[2022.07.01-17.14.25:870][  0]LogConfig: Setting CVar [[r.Streaming.MipBias:0]]
[2022.07.01-17.14.25:870][  0]LogConfig: Setting CVar [[r.Streaming.AmortizeCPUToGPUCopy:0]]
[2022.07.01-17.14.25:870][  0]LogConfig: Setting CVar [[r.Streaming.MaxNumTexturesToStreamPerFrame:0]]
[2022.07.01-17.14.25:870][  0]LogConfig: Setting CVar [[r.Streaming.Boost:1]]
[2022.07.01-17.14.25:870][  0]LogConfig: Setting CVar [[r.MaxAnisotropy:8]]
[2022.07.01-17.14.25:870][  0]LogConfig: Setting CVar [[r.VT.MaxAnisotropy:8]]
[2022.07.01-17.14.25:870][  0]LogConfig: Setting CVar [[r.Streaming.LimitPoolSizeToVRAM:0]]
[2022.07.01-17.14.25:870][  0]LogConfig: Setting CVar [[r.Streaming.PoolSize:1000]]
[2022.07.01-17.14.25:870][  0]LogConfig: Setting CVar [[r.Streaming.MaxEffectiveScreenSize:0]]
[2022.07.01-17.14.25:870][  0]LogConfig: Applying CVar settings from Section [EffectsQuality@3] File [C:/Users/fazan/Games/marvin-attack/MarvinAttack/Saved/Config/Windows/Scalability.ini]
[2022.07.01-17.14.25:871][  0]LogConfig: Setting CVar [[r.TranslucencyLightingVolumeDim:64]]
[2022.07.01-17.14.25:871][  0]LogConfig: Setting CVar [[r.RefractionQuality:2]]
[2022.07.01-17.14.25:871][  0]LogConfig: Setting CVar [[r.SSR.Quality:3]]
[2022.07.01-17.14.25:871][  0]LogConfig: Setting CVar [[r.SSR.HalfResSceneColor:0]]
[2022.07.01-17.14.25:871][  0]LogConfig: Setting CVar [[r.SceneColorFormat:4]]
[2022.07.01-17.14.25:871][  0]LogConfig: Setting CVar [[r.DetailMode:2]]
[2022.07.01-17.14.25:871][  0]LogConfig: Setting CVar [[r.TranslucencyVolumeBlur:1]]
[2022.07.01-17.14.25:871][  0]LogConfig: Setting CVar [[r.MaterialQualityLevel:1 ; High quality]]
[2022.07.01-17.14.25:871][  0]LogConfig: Setting CVar [[r.AnisotropicMaterials:1]]
[2022.07.01-17.14.25:871][  0]LogConfig: Setting CVar [[r.SSS.Scale:1]]
[2022.07.01-17.14.25:871][  0]LogConfig: Setting CVar [[r.SSS.SampleSet:2]]
[2022.07.01-17.14.25:871][  0]LogConfig: Setting CVar [[r.SSS.Quality:1]]
[2022.07.01-17.14.25:871][  0]LogConfig: Setting CVar [[r.SSS.HalfRes:0]]
[2022.07.01-17.14.25:871][  0]LogConfig: Setting CVar [[r.SSGI.Quality:3]]
[2022.07.01-17.14.25:871][  0]LogConfig: Setting CVar [[r.EmitterSpawnRateScale:1.0]]
[2022.07.01-17.14.25:871][  0]LogConfig: Setting CVar [[r.ParticleLightQuality:2]]
[2022.07.01-17.14.25:871][  0]LogConfig: Setting CVar [[r.SkyAtmosphere.AerialPerspectiveLUT.FastApplyOnOpaque:1 ; Always have FastSkyLUT 1 in this case to avoid wrong sky]]
[2022.07.01-17.14.25:871][  0]LogConfig: Setting CVar [[r.SkyAtmosphere.AerialPerspectiveLUT.SampleCountMaxPerSlice:4]]
[2022.07.01-17.14.25:871][  0]LogConfig: Setting CVar [[r.SkyAtmosphere.AerialPerspectiveLUT.DepthResolution:16.0]]
[2022.07.01-17.14.25:871][  0]LogConfig: Setting CVar [[r.SkyAtmosphere.FastSkyLUT:1]]
[2022.07.01-17.14.25:871][  0]LogConfig: Setting CVar [[r.SkyAtmosphere.FastSkyLUT.SampleCountMin:4.0]]
[2022.07.01-17.14.25:871][  0]LogConfig: Setting CVar [[r.SkyAtmosphere.FastSkyLUT.SampleCountMax:128.0]]
[2022.07.01-17.14.25:871][  0]LogConfig: Setting CVar [[r.SkyAtmosphere.SampleCountMin:4.0]]
[2022.07.01-17.14.25:871][  0]LogConfig: Setting CVar [[r.SkyAtmosphere.SampleCountMax:128.0]]
[2022.07.01-17.14.25:871][  0]LogConfig: Setting CVar [[r.SkyAtmosphere.TransmittanceLUT.UseSmallFormat:0]]
[2022.07.01-17.14.25:871][  0]LogConfig: Setting CVar [[r.SkyAtmosphere.TransmittanceLUT.SampleCount:10.0]]
[2022.07.01-17.14.25:871][  0]LogConfig: Setting CVar [[r.SkyAtmosphere.MultiScatteringLUT.SampleCount:15.0]]
[2022.07.01-17.14.25:871][  0]LogConfig: Setting CVar [[r.SkyLight.RealTimeReflectionCapture:1]]
[2022.07.01-17.14.25:871][  0]LogConfig: Applying CVar settings from Section [FoliageQuality@3] File [C:/Users/fazan/Games/marvin-attack/MarvinAttack/Saved/Config/Windows/Scalability.ini]
[2022.07.01-17.14.25:871][  0]LogConfig: Setting CVar [[foliage.DensityScale:1.0]]
[2022.07.01-17.14.25:871][  0]LogConfig: Setting CVar [[grass.DensityScale:1.0]]
[2022.07.01-17.14.25:871][  0]LogConfig: Applying CVar settings from Section [ShadingQuality@3] File [C:/Users/fazan/Games/marvin-attack/MarvinAttack/Saved/Config/Windows/Scalability.ini]
[2022.07.01-17.14.25:871][  0]LogConfig: Setting CVar [[r.HairStrands.SkyLighting.IntegrationType:2]]
[2022.07.01-17.14.25:871][  0]LogConfig: Setting CVar [[r.HairStrands.SkyAO.SampleCount:4]]
[2022.07.01-17.14.25:871][  0]LogConfig: Setting CVar [[r.HairStrands.Visibility.MSAA.SamplePerPixel:4]]
[2022.07.01-17.14.25:875][  0]LogInit: Selected Device Profile: [Windows]
[2022.07.01-17.14.25:875][  0]LogInit: Applying CVar settings loaded from the selected device profile: [Windows]
[2022.07.01-17.14.25:875][  0]LogHAL: Display: Platform has ~ 8 GB [8432324608 / 8589934592 / 8], which maps to Default [LargestMinGB=32, LargerMinGB=12, DefaultMinGB=8, SmallerMinGB=6, SmallestMinGB=0)
[2022.07.01-17.14.25:875][  0]LogInit: Going up to parent DeviceProfile []
[2022.07.01-17.14.25:875][  0]LogConfig: Applying CVar settings from Section [ViewDistanceQuality@3] File [C:/Users/fazan/Games/marvin-attack/MarvinAttack/Saved/Config/Windows/Scalability.ini]
[2022.07.01-17.14.25:875][  0]LogConfig: Setting CVar [[r.SkeletalMeshLODBias:0]]
[2022.07.01-17.14.25:875][  0]LogConfig: Setting CVar [[r.ViewDistanceScale:1.0]]
[2022.07.01-17.14.25:875][  0]LogConfig: Applying CVar settings from Section [AntiAliasingQuality@3] File [C:/Users/fazan/Games/marvin-attack/MarvinAttack/Saved/Config/Windows/Scalability.ini]
[2022.07.01-17.14.25:875][  0]LogConfig: Setting CVar [[r.PostProcessAAQuality:4]]
[2022.07.01-17.14.25:875][  0]LogConfig: Applying CVar settings from Section [ShadowQuality@3] File [C:/Users/fazan/Games/marvin-attack/MarvinAttack/Saved/Config/Windows/Scalability.ini]
[2022.07.01-17.14.25:875][  0]LogConfig: Setting CVar [[r.LightFunctionQuality:1]]
[2022.07.01-17.14.25:875][  0]LogConfig: Setting CVar [[r.ShadowQuality:5]]
[2022.07.01-17.14.25:875][  0]LogConfig: Setting CVar [[r.Shadow.CSM.MaxCascades:10]]
[2022.07.01-17.14.25:875][  0]LogConfig: Setting CVar [[r.Shadow.MaxResolution:2048]]
[2022.07.01-17.14.25:875][  0]LogConfig: Setting CVar [[r.Shadow.MaxCSMResolution:2048]]
[2022.07.01-17.14.25:875][  0]LogConfig: Setting CVar [[r.Shadow.RadiusThreshold:0.01]]
[2022.07.01-17.14.25:875][  0]LogConfig: Setting CVar [[r.Shadow.DistanceScale:1.0]]
[2022.07.01-17.14.25:875][  0]LogConfig: Setting CVar [[r.Shadow.CSM.TransitionScale:1.0]]
[2022.07.01-17.14.25:875][  0]LogConfig: Setting CVar [[r.Shadow.PreShadowResolutionFactor:1.0]]
[2022.07.01-17.14.25:875][  0]LogConfig: Setting CVar [[r.DistanceFieldShadowing:1]]
[2022.07.01-17.14.25:875][  0]LogConfig: Setting CVar [[r.DistanceFieldAO:1]]
[2022.07.01-17.14.25:875][  0]LogConfig: Setting CVar [[r.AOQuality:2]]
[2022.07.01-17.14.25:875][  0]LogConfig: Setting CVar [[r.VolumetricFog:1]]
[2022.07.01-17.14.25:875][  0]LogConfig: Setting CVar [[r.VolumetricFog.GridPixelSize:8]]
[2022.07.01-17.14.25:875][  0]LogConfig: Setting CVar [[r.VolumetricFog.GridSizeZ:128]]
[2022.07.01-17.14.25:875][  0]LogConfig: Setting CVar [[r.VolumetricFog.HistoryMissSupersampleCount:4]]
[2022.07.01-17.14.25:875][  0]LogConfig: Setting CVar [[r.LightMaxDrawDistanceScale:1]]
[2022.07.01-17.14.25:875][  0]LogConfig: Setting CVar [[r.CapsuleShadows:1]]
[2022.07.01-17.14.25:875][  0]LogConfig: Applying CVar settings from Section [PostProcessQuality@3] File [C:/Users/fazan/Games/marvin-attack/MarvinAttack/Saved/Config/Windows/Scalability.ini]
[2022.07.01-17.14.25:875][  0]LogConfig: Setting CVar [[r.MotionBlurQuality:4]]
[2022.07.01-17.14.25:875][  0]LogConfig: Setting CVar [[r.AmbientOcclusionMipLevelFactor:0.4]]
[2022.07.01-17.14.25:875][  0]LogConfig: Setting CVar [[r.AmbientOcclusionMaxQuality:100]]
[2022.07.01-17.14.25:875][  0]LogConfig: Setting CVar [[r.AmbientOcclusionLevels:-1]]
[2022.07.01-17.14.25:875][  0]LogConfig: Setting CVar [[r.AmbientOcclusionRadiusScale:1.0]]
[2022.07.01-17.14.25:875][  0]LogConfig: Setting CVar [[r.DepthOfFieldQuality:2]]
[2022.07.01-17.14.25:875][  0]LogConfig: Setting CVar [[r.RenderTargetPoolMin:400]]
[2022.07.01-17.14.25:875][  0]LogConfig: Setting CVar [[r.LensFlareQuality:2]]
[2022.07.01-17.14.25:875][  0]LogConfig: Setting CVar [[r.SceneColorFringeQuality:1]]
[2022.07.01-17.14.25:875][  0]LogConfig: Setting CVar [[r.EyeAdaptationQuality:2]]
[2022.07.01-17.14.25:875][  0]LogConfig: Setting CVar [[r.BloomQuality:5]]
[2022.07.01-17.14.25:875][  0]LogConfig: Setting CVar [[r.FastBlurThreshold:100]]
[2022.07.01-17.14.25:875][  0]LogConfig: Setting CVar [[r.Upscale.Quality:3]]
[2022.07.01-17.14.25:875][  0]LogConfig: Setting CVar [[r.Tonemapper.GrainQuantization:1]]
[2022.07.01-17.14.25:875][  0]LogConfig: Setting CVar [[r.LightShaftQuality:1]]
[2022.07.01-17.14.25:875][  0]LogConfig: Setting CVar [[r.Filter.SizeScale:1]]
[2022.07.01-17.14.25:875][  0]LogConfig: Setting CVar [[r.Tonemapper.Quality:5]]
[2022.07.01-17.14.25:875][  0]LogConfig: Setting CVar [[r.DOF.Gather.AccumulatorQuality:1        ; higher gathering accumulator quality]]
[2022.07.01-17.14.25:875][  0]LogConfig: Setting CVar [[r.DOF.Gather.PostfilterMethod:1          ; Median3x3 postfilering method]]
[2022.07.01-17.14.25:875][  0]LogConfig: Setting CVar [[r.DOF.Gather.EnableBokehSettings:0       ; no bokeh simulation when gathering]]
[2022.07.01-17.14.25:876][  0]LogConfig: Setting CVar [[r.DOF.Gather.RingCount:4                 ; medium number of samples when gathering]]
[2022.07.01-17.14.25:876][  0]LogConfig: Setting CVar [[r.DOF.Scatter.ForegroundCompositing:1    ; additive foreground scattering]]
[2022.07.01-17.14.25:876][  0]LogConfig: Setting CVar [[r.DOF.Scatter.BackgroundCompositing:2    ; additive background scattering]]
[2022.07.01-17.14.25:876][  0]LogConfig: Setting CVar [[r.DOF.Scatter.EnableBokehSettings:1      ; bokeh simulation when scattering]]
[2022.07.01-17.14.25:876][  0]LogConfig: Setting CVar [[r.DOF.Scatter.MaxSpriteRatio:0.1         ; only a maximum of 10% of scattered bokeh]]
[2022.07.01-17.14.25:876][  0]LogConfig: Setting CVar [[r.DOF.Recombine.Quality:1                ; cheap slight out of focus]]
[2022.07.01-17.14.25:876][  0]LogConfig: Setting CVar [[r.DOF.Recombine.EnableBokehSettings:0    ; no bokeh simulation on slight out of focus]]
[2022.07.01-17.14.25:876][  0]LogConfig: Setting CVar [[r.DOF.TemporalAAQuality:1                ; more stable temporal accumulation]]
[2022.07.01-17.14.25:876][  0]LogConfig: Setting CVar [[r.DOF.Kernel.MaxForegroundRadius:0.025]]
[2022.07.01-17.14.25:876][  0]LogConfig: Setting CVar [[r.DOF.Kernel.MaxBackgroundRadius:0.025]]
[2022.07.01-17.14.25:876][  0]LogConfig: Applying CVar settings from Section [TextureQuality@3] File [C:/Users/fazan/Games/marvin-attack/MarvinAttack/Saved/Config/Windows/Scalability.ini]
[2022.07.01-17.14.25:876][  0]LogConfig: Setting CVar [[r.Streaming.MipBias:0]]
[2022.07.01-17.14.25:876][  0]LogConfig: Setting CVar [[r.Streaming.AmortizeCPUToGPUCopy:0]]
[2022.07.01-17.14.25:876][  0]LogConfig: Setting CVar [[r.Streaming.MaxNumTexturesToStreamPerFrame:0]]
[2022.07.01-17.14.25:876][  0]LogConfig: Setting CVar [[r.Streaming.Boost:1]]
[2022.07.01-17.14.25:876][  0]LogConfig: Setting CVar [[r.MaxAnisotropy:8]]
[2022.07.01-17.14.25:876][  0]LogConfig: Setting CVar [[r.VT.MaxAnisotropy:8]]
[2022.07.01-17.14.25:876][  0]LogConfig: Setting CVar [[r.Streaming.LimitPoolSizeToVRAM:0]]
[2022.07.01-17.14.25:876][  0]LogConfig: Setting CVar [[r.Streaming.PoolSize:1000]]
[2022.07.01-17.14.25:876][  0]LogConfig: Setting CVar [[r.Streaming.MaxEffectiveScreenSize:0]]
[2022.07.01-17.14.25:876][  0]LogConfig: Applying CVar settings from Section [EffectsQuality@3] File [C:/Users/fazan/Games/marvin-attack/MarvinAttack/Saved/Config/Windows/Scalability.ini]
[2022.07.01-17.14.25:876][  0]LogConfig: Setting CVar [[r.TranslucencyLightingVolumeDim:64]]
[2022.07.01-17.14.25:876][  0]LogConfig: Setting CVar [[r.RefractionQuality:2]]
[2022.07.01-17.14.25:876][  0]LogConfig: Setting CVar [[r.SSR.Quality:3]]
[2022.07.01-17.14.25:876][  0]LogConfig: Setting CVar [[r.SSR.HalfResSceneColor:0]]
[2022.07.01-17.14.25:876][  0]LogConfig: Setting CVar [[r.SceneColorFormat:4]]
[2022.07.01-17.14.25:876][  0]LogConfig: Setting CVar [[r.DetailMode:2]]
[2022.07.01-17.14.25:876][  0]LogConfig: Setting CVar [[r.TranslucencyVolumeBlur:1]]
[2022.07.01-17.14.25:876][  0]LogConfig: Setting CVar [[r.MaterialQualityLevel:1 ; High quality]]
[2022.07.01-17.14.25:876][  0]LogConfig: Setting CVar [[r.AnisotropicMaterials:1]]
[2022.07.01-17.14.25:876][  0]LogConfig: Setting CVar [[r.SSS.Scale:1]]
[2022.07.01-17.14.25:876][  0]LogConfig: Setting CVar [[r.SSS.SampleSet:2]]
[2022.07.01-17.14.25:876][  0]LogConfig: Setting CVar [[r.SSS.Quality:1]]
[2022.07.01-17.14.25:876][  0]LogConfig: Setting CVar [[r.SSS.HalfRes:0]]
[2022.07.01-17.14.25:876][  0]LogConfig: Setting CVar [[r.SSGI.Quality:3]]
[2022.07.01-17.14.25:876][  0]LogConfig: Setting CVar [[r.EmitterSpawnRateScale:1.0]]
[2022.07.01-17.14.25:876][  0]LogConfig: Setting CVar [[r.ParticleLightQuality:2]]
[2022.07.01-17.14.25:876][  0]LogConfig: Setting CVar [[r.SkyAtmosphere.AerialPerspectiveLUT.FastApplyOnOpaque:1 ; Always have FastSkyLUT 1 in this case to avoid wrong sky]]
[2022.07.01-17.14.25:876][  0]LogConfig: Setting CVar [[r.SkyAtmosphere.AerialPerspectiveLUT.SampleCountMaxPerSlice:4]]
[2022.07.01-17.14.25:876][  0]LogConfig: Setting CVar [[r.SkyAtmosphere.AerialPerspectiveLUT.DepthResolution:16.0]]
[2022.07.01-17.14.25:876][  0]LogConfig: Setting CVar [[r.SkyAtmosphere.FastSkyLUT:1]]
[2022.07.01-17.14.25:876][  0]LogConfig: Setting CVar [[r.SkyAtmosphere.FastSkyLUT.SampleCountMin:4.0]]
[2022.07.01-17.14.25:876][  0]LogConfig: Setting CVar [[r.SkyAtmosphere.FastSkyLUT.SampleCountMax:128.0]]
[2022.07.01-17.14.25:876][  0]LogConfig: Setting CVar [[r.SkyAtmosphere.SampleCountMin:4.0]]
[2022.07.01-17.14.25:876][  0]LogConfig: Setting CVar [[r.SkyAtmosphere.SampleCountMax:128.0]]
[2022.07.01-17.14.25:876][  0]LogConfig: Setting CVar [[r.SkyAtmosphere.TransmittanceLUT.UseSmallFormat:0]]
[2022.07.01-17.14.25:876][  0]LogConfig: Setting CVar [[r.SkyAtmosphere.TransmittanceLUT.SampleCount:10.0]]
[2022.07.01-17.14.25:876][  0]LogConfig: Setting CVar [[r.SkyAtmosphere.MultiScatteringLUT.SampleCount:15.0]]
[2022.07.01-17.14.25:876][  0]LogConfig: Setting CVar [[r.SkyLight.RealTimeReflectionCapture:1]]
[2022.07.01-17.14.25:876][  0]LogConfig: Applying CVar settings from Section [FoliageQuality@3] File [C:/Users/fazan/Games/marvin-attack/MarvinAttack/Saved/Config/Windows/Scalability.ini]
[2022.07.01-17.14.25:876][  0]LogConfig: Setting CVar [[foliage.DensityScale:1.0]]
[2022.07.01-17.14.25:876][  0]LogConfig: Setting CVar [[grass.DensityScale:1.0]]
[2022.07.01-17.14.25:876][  0]LogConfig: Applying CVar settings from Section [ShadingQuality@3] File [C:/Users/fazan/Games/marvin-attack/MarvinAttack/Saved/Config/Windows/Scalability.ini]
[2022.07.01-17.14.25:876][  0]LogConfig: Setting CVar [[r.HairStrands.SkyLighting.IntegrationType:2]]
[2022.07.01-17.14.25:876][  0]LogConfig: Setting CVar [[r.HairStrands.SkyAO.SampleCount:4]]
[2022.07.01-17.14.25:876][  0]LogConfig: Setting CVar [[r.HairStrands.Visibility.MSAA.SamplePerPixel:4]]
[2022.07.01-17.14.25:876][  0]LogConfig: Applying CVar settings from Section [Startup] File [../../../Engine/Config/ConsoleVariables.ini]
[2022.07.01-17.14.25:877][  0]LogConfig: Setting CVar [[net.UseAdaptiveNetUpdateFrequency:0]]
[2022.07.01-17.14.25:877][  0]LogConfig: Setting CVar [[p.chaos.AllowCreatePhysxBodies:1]]
[2022.07.01-17.14.25:877][  0]LogConfig: Setting CVar [[fx.SkipVectorVMBackendOptimizations:1]]
[2022.07.01-17.14.25:877][  0]LogConfig: Applying CVar settings from Section [ConsoleVariables] File [C:/Users/fazan/Games/marvin-attack/MarvinAttack/Saved/Config/Windows/Engine.ini]
[2022.07.01-17.14.25:877][  0]LogConfig: Applying CVar settings from Section [ConsoleVariables] File [C:/Users/fazan/Games/marvin-attack/MarvinAttack/Saved/Config/Windows/Editor.ini]
[2022.07.01-17.14.25:877][  0]LogInit: Computer: LAPTOP-4PABGL71
[2022.07.01-17.14.25:877][  0]LogInit: User: fazan
[2022.07.01-17.14.25:877][  0]LogInit: CPU Page size=4096, Cores=6
[2022.07.01-17.14.25:877][  0]LogInit: High frequency timer resolution =10.000000 MHz
[2022.07.01-17.14.25:877][  0]LogMemory: Memory total: Physical=7.9GB (8GB approx)
[2022.07.01-17.14.25:877][  0]LogMemory: Platform Memory Stats for Windows
[2022.07.01-17.14.25:877][  0]LogMemory: Process Physical Memory: 143.33 MB used, 143.34 MB peak
[2022.07.01-17.14.25:877][  0]LogMemory: Process Virtual Memory: 127.43 MB used, 127.43 MB peak
[2022.07.01-17.14.25:877][  0]LogMemory: Physical Memory: 5564.30 MB used,  2477.39 MB free, 8041.69 MB total
[2022.07.01-17.14.25:877][  0]LogMemory: Virtual Memory: 134214760.00 MB used,  2965.18 MB free, 134217728.00 MB total
[2022.07.01-17.14.25:922][  0]LogWindows: WindowsPlatformFeatures enabled
[2022.07.01-17.14.25:974][  0]LogInit: Physics initialised using underlying interface: PhysX
[2022.07.01-17.14.25:975][  0]LogInit: Using OS detected language (fr-FR).
[2022.07.01-17.14.25:975][  0]LogInit: Using OS detected locale (fr-FR).
[2022.07.01-17.14.25:980][  0]LogTextLocalizationManager: No specific localization for 'fr-FR' exists, so the 'fr' localization will be used.
[2022.07.01-17.14.25:984][  0]LogTextLocalizationResource: LocRes '../../../Engine/Content/Localization/Editor/fr/Editor.locres' could not be opened for reading!
[2022.07.01-17.14.25:984][  0]LogTextLocalizationResource: LocRes '../../../Engine/Content/Localization/EditorTutorials/fr/EditorTutorials.locres' could not be opened for reading!
[2022.07.01-17.14.25:984][  0]LogTextLocalizationResource: LocRes '../../../Engine/Content/Localization/Keywords/fr/Keywords.locres' could not be opened for reading!
[2022.07.01-17.14.25:984][  0]LogTextLocalizationResource: LocRes '../../../Engine/Content/Localization/Category/fr/Category.locres' could not be opened for reading!
[2022.07.01-17.14.25:985][  0]LogTextLocalizationResource: LocRes '../../../Engine/Content/Localization/ToolTips/fr/ToolTips.locres' could not be opened for reading!
[2022.07.01-17.14.25:985][  0]LogTextLocalizationResource: LocRes '../../../Engine/Content/Localization/PropertyNames/fr/PropertyNames.locres' could not be opened for reading!
[2022.07.01-17.14.25:985][  0]LogTextLocalizationResource: LocRes '../../../Engine/Content/Localization/Engine/fr/Engine.locres' could not be opened for reading!
[2022.07.01-17.14.26:542][  0]LogTargetPlatformManager: Display: Loaded TargetPlatform 'AllDesktop'
[2022.07.01-17.14.26:569][  0]LogTargetPlatformManager: Display: Loaded TargetPlatform 'Android'
[2022.07.01-17.14.26:569][  0]LogTargetPlatformManager: Display: Loaded TargetPlatform 'Android_ASTC'
[2022.07.01-17.14.26:569][  0]LogTargetPlatformManager: Display: Loaded TargetPlatform 'Android_DXT'
[2022.07.01-17.14.26:569][  0]LogTargetPlatformManager: Display: Loaded TargetPlatform 'Android_ETC2'
[2022.07.01-17.14.26:569][  0]LogTargetPlatformManager: Display: Loaded TargetPlatform 'AndroidClient'
[2022.07.01-17.14.26:569][  0]LogTargetPlatformManager: Display: Loaded TargetPlatform 'Android_ASTCClient'
[2022.07.01-17.14.26:569][  0]LogTargetPlatformManager: Display: Loaded TargetPlatform 'Android_DXTClient'
[2022.07.01-17.14.26:569][  0]LogTargetPlatformManager: Display: Loaded TargetPlatform 'Android_ETC2Client'
[2022.07.01-17.14.26:569][  0]LogTargetPlatformManager: Display: Loaded TargetPlatform 'Android_Multi'
[2022.07.01-17.14.26:569][  0]LogTargetPlatformManager: Display: Loaded TargetPlatform 'Android_MultiClient'
[2022.07.01-17.14.26:591][  0]LogTargetPlatformManager: Display: Loaded TargetPlatform 'IOSClient'
[2022.07.01-17.14.26:591][  0]LogTargetPlatformManager: Display: Loaded TargetPlatform 'IOS'
[2022.07.01-17.14.26:604][  0]LogTargetPlatformManager: Display: Loaded TargetPlatform 'Linux'
[2022.07.01-17.14.26:610][  0]LogTargetPlatformManager: Display: Loaded TargetPlatform 'LinuxNoEditor'
[2022.07.01-17.14.26:616][  0]LogTargetPlatformManager: Display: Loaded TargetPlatform 'LinuxClient'
[2022.07.01-17.14.26:621][  0]LogTargetPlatformManager: Display: Loaded TargetPlatform 'LinuxServer'
[2022.07.01-17.14.26:633][  0]LogTargetPlatformManager: Display: Loaded TargetPlatform 'LinuxAArch64NoEditor'
[2022.07.01-17.14.26:639][  0]LogTargetPlatformManager: Display: Loaded TargetPlatform 'LinuxAArch64Client'
[2022.07.01-17.14.26:645][  0]LogTargetPlatformManager: Display: Loaded TargetPlatform 'LinuxAArch64Server'
[2022.07.01-17.14.26:674][  0]LogTargetPlatformManager: Display: Loaded TargetPlatform 'Lumin'
[2022.07.01-17.14.26:674][  0]LogTargetPlatformManager: Display: Loaded TargetPlatform 'LuminClient'
[2022.07.01-17.14.26:685][  0]LogTargetPlatformManager: Display: Loaded TargetPlatform 'MacNoEditor'
[2022.07.01-17.14.26:691][  0]LogTargetPlatformManager: Display: Loaded TargetPlatform 'Mac'
[2022.07.01-17.14.26:696][  0]LogTargetPlatformManager: Display: Loaded TargetPlatform 'MacClient'
[2022.07.01-17.14.26:701][  0]LogTargetPlatformManager: Display: Loaded TargetPlatform 'MacServer'
[2022.07.01-17.14.26:713][  0]LogTargetPlatformManager: Display: Loaded TargetPlatform 'TVOSClient'
[2022.07.01-17.14.26:713][  0]LogTargetPlatformManager: Display: Loaded TargetPlatform 'TVOS'
[2022.07.01-17.14.26:724][  0]LogTargetPlatformManager: Display: Loaded TargetPlatform 'WindowsNoEditor'
[2022.07.01-17.14.26:730][  0]LogTargetPlatformManager: Display: Loaded TargetPlatform 'Windows'
[2022.07.01-17.14.26:735][  0]LogTargetPlatformManager: Display: Loaded TargetPlatform 'WindowsClient'
[2022.07.01-17.14.26:741][  0]LogTargetPlatformManager: Display: Loaded TargetPlatform 'WindowsServer'
[2022.07.01-17.14.26:741][  0]LogTargetPlatformManager: Display: Building Assets For Windows
[2022.07.01-17.14.26:751][  0]LogAudioDebug: Display: Lib vorbis DLL was dynamically loaded.
[2022.07.01-17.14.26:796][  0]LogTextureFormatOodle: Display: Oodle Texture 2.9.0 init RDO Off
[2022.07.01-17.14.26:835][  0]LogRendererCore: Ray tracing is disabled. Reason: r.RayTracing=0.
[2022.07.01-17.14.26:835][  0]LogShaderCompilers: Guid format shader working directory is -17 characters bigger than the processId version (../../../../../../Users/fazan/Games/marvin-attack/MarvinAttack/Intermediate/Shaders/WorkingDirectory/12628/).
[2022.07.01-17.14.26:835][  0]LogShaderCompilers: Cleaned the shader compiler working directory 'C:/Users/fazan/AppData/Local/Temp/UnrealShaderWorkingDir/B9A379A64CDD3DCA4207A28045622BD8/'.
[2022.07.01-17.14.26:835][  0]LogXGEController: Cannot use XGE Controller as Incredibuild is not installed on this machine.
[2022.07.01-17.14.26:835][  0]LogShaderCompilers: Cannot use XGE Shader Compiler as Incredibuild is not installed on this machine.
[2022.07.01-17.14.26:835][  0]LogShaderCompilers: Display: Using Local Shader Compiler.
[2022.07.01-17.14.27:493][  0]LogDerivedDataCache: Display: Max Cache Size: 512 MB
[2022.07.01-17.14.27:506][  0]LogDerivedDataCache: Loaded boot cache 0.01s 14MB C:/Users/fazan/AppData/Local/UnrealEngine/4.27/DerivedDataCache/Boot.ddc.
[2022.07.01-17.14.27:506][  0]LogDerivedDataCache: Display: Loaded Boot cache: C:/Users/fazan/AppData/Local/UnrealEngine/4.27/DerivedDataCache/Boot.ddc
[2022.07.01-17.14.27:506][  0]LogDerivedDataCache: FDerivedDataBackendGraph:  Pak pak cache file ../../../../../../Users/fazan/Games/marvin-attack/MarvinAttack/DerivedDataCache/DDC.ddp not found, will not use a pak cache.
[2022.07.01-17.14.27:506][  0]LogDerivedDataCache: Unable to find inner node Pak for hierarchical cache Hierarchy.
[2022.07.01-17.14.27:506][  0]LogDerivedDataCache: FDerivedDataBackendGraph:  CompressedPak pak cache file ../../../../../../Users/fazan/Games/marvin-attack/MarvinAttack/DerivedDataCache/Compressed.ddp not found, will not use a pak cache.
[2022.07.01-17.14.27:506][  0]LogDerivedDataCache: Unable to find inner node CompressedPak for hierarchical cache Hierarchy.
[2022.07.01-17.14.27:523][  0]LogDerivedDataCache: Display: Pak cache opened for reading ../../../Engine/DerivedDataCache/Compressed.ddp.
[2022.07.01-17.14.27:523][  0]LogDerivedDataCache: FDerivedDataBackendGraph:  EnterprisePak pak cache file ../../../Enterprise/DerivedDataCache/Compressed.ddp not found, will not use a pak cache.
[2022.07.01-17.14.27:523][  0]LogDerivedDataCache: Unable to find inner node EnterprisePak for hierarchical cache Hierarchy.
[2022.07.01-17.14.27:535][  0]LogDerivedDataCache: Speed tests for C:/Users/fazan/AppData/Local/UnrealEngine/Common/DerivedDataCache took 0.01 seconds
[2022.07.01-17.14.27:535][  0]LogDerivedDataCache: Display: Performance to C:/Users/fazan/AppData/Local/UnrealEngine/Common/DerivedDataCache: Latency=0.05ms. RandomReadSpeed=873.44MBs, RandomWriteSpeed=87.86MBs. Assigned SpeedClass 'Local'
[2022.07.01-17.14.27:536][  0]LogDerivedDataCache: Using Local data cache path C:/Users/fazan/AppData/Local/UnrealEngine/Common/DerivedDataCache: Writable
[2022.07.01-17.14.27:536][  0]LogDerivedDataCache: Shared data cache path not found in *engine.ini, will not use an Shared cache.
[2022.07.01-17.14.27:536][  0]LogDerivedDataCache: Unable to find inner node Shared for hierarchical cache Hierarchy.
[2022.07.01-17.14.27:542][  0]LogAssetRegistry: FAssetRegistry took 0.0019 seconds to start up
[2022.07.01-17.14.27:829][  0]LogInit: Selected Device Profile: [Windows]
[2022.07.01-17.14.27:830][  0]LogInit: Active device profile: [00000196CBE42600][00000196C78F6CC0 49] Windows
[2022.07.01-17.14.27:830][  0]LogInit: Profiles: [00000196CBE42600][00000196C78F6CC0 49] Windows, [00000196CBE52600][00000196C9228E40 49] WindowsNoEditor, [00000196CBE42C00][00000196C922CFC0 49] WindowsServer, [00000196CBE52C00][00000196C78FB100 49] WindowsClient, [00000196CBE43600][00000196CA6B5240 49] IOS, [00000196CBE52B00][00000196CA6B9380 49] iPadAir, [00000196CBE43300][00000196CA6C1500 49] iPadAir2, [00000196CBDF1D00][00000196CA6CF7C0 49] IPadPro, [00000196CBDF1E00][00000196CA6C5800 49] iPadAir3, [00000196CBE43400][00000196CA6D9980 49] iPadAir4, [00000196CBDF2000][00000196CA6DDB00 49] iPadMini2, [00000196CBE41F00][00000196CA6E0100 49] iPadMini3, [00000196CBDF3F00][00000196CA6E4280 49] iPadMini4, [00000196CBE41E00][00000196CA6E8400 49] iPadMini5, [00000196CBE31300][00000196CB8CE6C0 49] iPhone6, [00000196CBE31400][00000196CA6EC700 49] iPodTouch6, [00000196CBDF0300][00000196CB8D69C0 49] iPhone7, [00000196CBDF0200][00000196CB8D2A00 49] iPodTouch7, [00000196CBE31500][00000196CB8DAB80 49] iPhone5S, [00000196CBDF1B00][00000196CB8DED00 49] iPhone6Plus, [00000196CBE33400][00000196CB8E2E80 49] iPhone6S, [00000196CBDF2B00][00000196CB8E7000 49] iPhone6SPlus, [00000196CBE33800][00000196CB8EB180 49] iPhone7Plus, [00000196CBDF1F00][00000196CA6BD2C0 49] iPhoneSE, [00000196CBE33700][00000196CB8EF400 49] iPhone8, [00000196CBDF2500][00000196CB8F3540 49] iPhone8Plus, [00000196CBE30300][00000196CB8FB6C0 49] iPhoneX, [00000196CBDF1100][00000196CB8FF840 49] iPhoneXS, [00000196CBE31100][00000196CB9039C0 49] iPhoneXSMax, [00000196CBDF0600][00000196CB907B40 49] iPhoneXR, [00000196CBE32100][00000196CB90A140 49] iPhone11, [00000196CBDF0800][00000196CB90E2C0 49] iPhone11Pro, [00000196CBE30200][00000196CB912440 49] iPhone11ProMax, [00000196CBDF2800][00000196CB9165C0 49] iPhoneSE2, [00000196CBE33E00][00000196CB91A740 49] iPhone12Mini, [00000196CBDF3000][00000196CB91E8C0 49] iPhone12, [00000196CBE31E00][00000196CB922A40 49] iPhone12Pro, [00000196CBDF1300][00000196CB926BC0 49] iPhone12ProMax, [00000196CBE32C00][00000196CB92AD40 49] iPadPro105, [00000196CBDF2F00][00000196CB92EEC0 49] iPadPro129, [00000196CBE32300][00000196BD56B040 49] iPadPro97, [00000196CBDF2400][00000196BD56F1C0 49] iPadPro2_129, [00000196CBE33100][00000196BD573340 49] iPad5, [00000196CBDF3B00][00000196CB8F7480 49] iPad6, [00000196CBE53600][00000196BD5775C0 49] iPad7, [00000196CBECD700][00000196BD57B700 49] iPad8, [00000196CBE51000][00000196BD57F840 49] iPadPro11, [00000196CBECCA00][00000196CB9339C0 49] iPadPro2_11, [00000196CBE52E00][00000196CB937B40 49] iPadPro3_129, [00000196CBECCF00][00000196CB93A140 49] iPadPro4_129, [00000196CBE53900][00000196CB93E2C0 49] AppleTV, [00000196CBECDB00][00000196CB942440 49] AppleTV4K, [00000196CBE50A00][00000196CB9465C0 49] TVOS, [00000196CBECC600][00000196CB94A740 49] Mac, [00000196CBDF0100][00000196CB94E8C0 49] MacClient, [00000196CBE33B00][00000196CB952A40 49] MacNoEditor, [00000196CBDF2100][00000196CB956BC0 49] MacServer, [00000196CBE33F00][00000196CB95AD40 49] Linux, [00000196CBDF1000][00000196CB95EEC0 49] LinuxAArch64, [00000196CBE33600][00000196CB963040 49] LinuxNoEditor, [00000196CBDF1700][00000196CB9671C0 49] LinuxAArch64NoEditor, [00000196CBE30F00][00000196CB96B340 49] LinuxClient, [00000196CBDF1500][00000196CB96F4C0 49] LinuxAArch64Client, [00000196CBE32D00][00000196BD583600 49] LinuxServer, [00000196CBDF0900][00000196CB973740 49] LinuxAArch64Server, [00000196CBE31A00][00000196CB977880 49] Android, [00000196CBDF3400][00000196CB97B9C0 49] Android_Low, [00000196CBE32F00][00000196CB983B40 49] Android_Mid, [00000196CBDF1C00][00000196CB986140 49] Android_High, [00000196CBE33D00][00000196CB98A2C0 49] Android_Default, [00000196CBDF1900][00000196CB98E440 49] Android_Adreno4xx, [00000196CBE30B00][00000196CB9925C0 49] Android_Adreno5xx_Low, [00000196CBDF3700][00000196CB996740 49] Android_Adreno5xx, [00000196CBECD000][00000196CB99A8C0 49] Android_Adreno6xx, [00000196CBDF2300][00000196CB99EA40 49] Android_Adreno6xx_Vulkan, [00000196CBECD900][00000196CB9A2BC0 49] Android_Mali_T6xx, [00000196CBDF0700][00000196CB9A6D40 49] Android_Mali_T7xx, [00000196CBE33900][00000196CB9AAEC0 49] Android_Mali_T8xx, [00000196CBDF3C00][00000196CB9AF040 49] Android_Mali_G71, [00000196CBE33500][00000196CB9B31C0 49] Android_Mali_G72, [00000196CBDF0400][00000196CB9B7340 49] Android_Mali_G72_Vulkan, [00000196CBE31700][00000196CB9BB4C0 49] Android_Mali_G76, [00000196CBDF0F00][00000196CB9BF640 49] Android_Mali_G76_Vulkan, [00000196CBE30E00][00000196CB9C37C0 49] Android_Mali_G77, [00000196CBDF1600][00000196CB97F900 49] Android_Mali_G77_Vulkan, [00000196CBE31F00][00000196CB9C7A40 49] Android_Mali_G78, [00000196CBDF0E00][00000196CB9CBB80 49] Android_Mali_G78_Vulkan, [00000196CBE33C00][00000196CB9D2180 49] Android_Mali_G710, [00000196CBDF3500][00000196CB9D6300 49] Android_Mali_G710_Vulkan, [00000196CBE31D00][00000196CB9DA480 49] Android_Vulkan_SM5, [00000196CBDF1400][00000196CB9DE600 49] Android_PowerVR_G6xxx, [00000196CBE31C00][00000196CB9E2780 49] Android_PowerVR_GT7xxx, [00000196CBDF0500][00000196CB9E6900 49] Android_PowerVR_GE8xxx, [00000196CBE30600][00000196CB9EAA80 49] Android_PowerVR_GM9xxx, [00000196CBDF0D00][00000196CB9EEC00 49] Android_PowerVR_GM9xxx_Vulkan, [00000196CBE31200][00000196CB9F2D80 49] Android_TegraK1, [00000196CBE52400][00000196CB9F6F00 49] Android_Unknown_Vulkan, [00000196CBE30100][00000196CB9FB080 49] Lumin, [00000196CBE43100][00000196CB9FF200 49] Lumin_Desktop, [00000196CBDF2200][00000196CBA03380 49] HoloLens, 
[2022.07.01-17.14.27:873][  0]LogMeshReduction: Using QuadricMeshReduction for automatic static mesh reduction
[2022.07.01-17.14.27:873][  0]LogMeshReduction: Using SimplygonMeshReduction for automatic skeletal mesh reduction
[2022.07.01-17.14.27:873][  0]LogMeshReduction: Using ProxyLODMeshReduction for automatic mesh merging
[2022.07.01-17.14.27:873][  0]LogMeshReduction: No distributed automatic mesh merging module available
[2022.07.01-17.14.27:873][  0]LogMeshMerging: No distributed automatic mesh merging module available
[2022.07.01-17.14.27:884][  0]LogNetVersion: MarvinAttack 1.0.0, NetCL: 17155196, EngineNetVer: 17, GameNetVer: 0 (Checksum: 1092421887)
[2022.07.01-17.14.28:092][  0]LogHMD: PokeAHoleMaterial loaded successfully
[2022.07.01-17.14.28:219][  0]LogCollectionManager: Loaded 0 collections in 0.002231 seconds
[2022.07.01-17.14.28:222][  0]LogFileCache: Scanning file cache for directory 'C:/Users/fazan/Games/marvin-attack/MarvinAttack/Saved/Collections/' took 0.00s
[2022.07.01-17.14.28:222][  0]LogFileCache: Scanning file cache for directory 'C:/Users/fazan/Games/marvin-attack/MarvinAttack/Content/Developers/fazan/Collections/' took 0.00s
[2022.07.01-17.14.28:222][  0]LogFileCache: Scanning file cache for directory 'C:/Users/fazan/Games/marvin-attack/MarvinAttack/Content/Collections/' took 0.00s
[2022.07.01-17.14.28:222][  0]LogCollectionManager: Fixed up redirectors for 0 collections in 0.000002 seconds (updated 0 objects)
[2022.07.01-17.14.28:363][  0]LogNiagaraDebuggerClient: Niagara Debugger Client Initialized | Session: AD25C0ED49918054C76C63A874DE50C2 | Instance: 734C3413455D01D21DCC118DAAF31887 (LAPTOP-4PABGL71-12628).
[2022.07.01-17.14.28:426][  0]LogPython: Using Python 3.7.7
[2022.07.01-17.14.29:518][  0]LogOpenImageDenoise: OIDN starting up
[2022.07.01-17.14.29:571][  0]LogAndroidPermission: UAndroidPermissionCallbackProxy::GetInstance
[2022.07.01-17.14.29:598][  0]LogAudioCaptureCore: Display: No Audio Capture implementations found. Audio input will be silent.
[2022.07.01-17.14.29:598][  0]LogAudioCaptureCore: Display: No Audio Capture implementations found. Audio input will be silent.
[2022.07.01-17.14.29:751][  0]SourceControl: Source control is disabled
[2022.07.01-17.14.30:290][  0]LogUProjectInfo: Found projects:
[2022.07.01-17.14.30:362][  0]LogOcInput: OculusInput pre-init called
[2022.07.01-17.14.30:444][  0]LogUObjectArray: 23295 objects as part of root set at end of initial load.
[2022.07.01-17.14.30:445][  0]LogUObjectAllocator: 6430496 out of 0 bytes used by permanent object pool.
[2022.07.01-17.14.30:445][  0]LogUObjectArray: CloseDisregardForGC: 0/0 objects in disregard for GC pool
[2022.07.01-17.14.30:511][  0]LogInit: Executing Class /Script/UnrealEd.GatherTextCommandlet
[2022.07.01-17.14.30:511][  0]LogInit: Initializing Editor Engine...
[2022.07.01-17.14.30:511][  0]LogEngine: Initializing Engine...
[2022.07.01-17.14.30:514][  0]LogStats: UGameplayTagsManager::InitializeManager -  0.000 s
[2022.07.01-17.14.30:565][  0]LogInit: Initializing FReadOnlyCVARCache
[2022.07.01-17.14.30:573][  0]LogAIModule: Creating AISystem for world Untitled
[2022.07.01-17.14.30:574][  0]LogNetVersion: Set ProjectVersion to 0.25. Version Checksum will be recalculated on next use.
[2022.07.01-17.14.30:582][  0]LogDerivedDataCache: Saved boot cache 0.01s 14MB C:/Users/fazan/AppData/Local/UnrealEngine/4.27/DerivedDataCache/Boot.ddc.
[2022.07.01-17.14.30:582][  0]LogInit: Texture streaming: Disabled
[2022.07.01-17.14.30:653][  0]LogInit: Initializing Editor Engine Completed
[2022.07.01-17.14.30:857][  0]BlueprintLog: New page: Editor Load
[2022.07.01-17.14.30:917][  0]LogClass: Display: EnumProperty FMultiUserClientConfig::ValidationMode is not initialized properly. Module:MultiUserClientLibrary File:Public/MultiUserClientStatics.h
[2022.07.01-17.14.30:917][  0]LogClass: Display: StructProperty FMultiUserClientInfo::AvatarColor is not initialized properly. Module:MultiUserClientLibrary File:Public/MultiUserClientStatics.h
[2022.07.01-17.14.30:918][  0]LogClass: Display: 2 Uninitialized script struct members found including 0 object properties
[2022.07.01-17.14.30:922][  0]LogGatherTextCommandlet: Display: Beginning GatherText Commandlet for '../../../../../../Users/fazan/Games/marvin-attack/MarvinAttack/Config/Localization/Game_Compile_enF370F28C4C08FEC656D83E84CC59AF1B.ini'
[2022.07.01-17.14.30:922][  0]LogGatherTextCommandlet: Display: Executing GatherTextStep0: GenerateTextLocalizationResourceCommandlet
[2022.07.01-17.14.31:094][  0]LogGatherTextCommandlet: Display: Completed GatherTextStep0: GenerateTextLocalizationResourceCommandlet in 0.171295 seconds
[2022.07.01-17.14.31:094][  0]LogCore: Engine exit requested (reason: Commandlet GatherTextCommandlet_0 finished execution (result 0))
[2022.07.01-17.14.31:094][  0]LogInit: Display: 
[2022.07.01-17.14.31:094][  0]LogInit: Display: Success - 0 error(s), 0 warning(s)
[2022.07.01-17.14.31:094][  0]LogInit: Display: 
Execution of commandlet took:  0.18 seconds
[2022.07.01-17.14.31:095][  0]LogCore: Engine exit requested (reason: EngineExit() was called; note: exit was already requested)
[2022.07.01-17.14.31:095][  0]LogExit: Preparing to exit.
[2022.07.01-17.14.31:429][  0]LogLocalizationSourceControl: Source Control wrapper shutting down with checked out files.
[2022.07.01-17.14.31:432][  0]LogUObjectHash: Compacting FUObjectHashTables data took   0.90ms
[2022.07.01-17.14.31:479][  0]LogDemo: Cleaned up 0 splitscreen connections with owner deletion
[2022.07.01-17.14.31:482][  0]LogWorld: UWorld::CleanupWorld for None, bSessionEnded=true, bCleanupResources=true
[2022.07.01-17.14.31:482][  0]LogExit: Editor shut down
[2022.07.01-17.14.31:525][  0]LogExit: Object subsystem successfully closed.
[2022.07.01-17.14.31:540][  0]LogShaderCompilers: Display: === FShaderJobCache stats ===
[2022.07.01-17.14.31:540][  0]LogShaderCompilers: Display: Total job queries 0, among them cache hits 0 (0.00%)
[2022.07.01-17.14.31:540][  0]LogShaderCompilers: Display: Tracking 0 distinct input hashes that result in 0 distinct outputs (0.00%)
[2022.07.01-17.14.31:540][  0]LogShaderCompilers: Display: RAM used: 0.00 MB (0.00 GB) of 409.60 MB (0.40 GB) budget. Usage: 0.00%
[2022.07.01-17.14.31:541][  0]LogShaderCompilers: Display: ================================================
[2022.07.01-17.14.31:555][  0]LogShaderCompilers: Display: Shaders left to compile 0
[2022.07.01-17.14.31:594][  0]LogModuleManager: Shutting down and abandoning module SteamVREditor (728)
[2022.07.01-17.14.31:594][  0]LogModuleManager: Shutting down and abandoning module OculusMR (726)
[2022.07.01-17.14.31:594][  0]LogModuleManager: Shutting down and abandoning module TemplateSequenceEditor (724)
[2022.07.01-17.14.31:594][  0]LogModuleManager: Shutting down and abandoning module MatineeToLevelSequence (722)
[2022.07.01-17.14.31:594][  0]LogModuleManager: Shutting down and abandoning module LevelSequenceEditor (720)
[2022.07.01-17.14.31:595][  0]LogModuleManager: Shutting down and abandoning module ActorSequenceEditor (718)
[2022.07.01-17.14.31:595][  0]LogModuleManager: Shutting down and abandoning module Kismet (717)
[2022.07.01-17.14.31:595][  0]LogModuleManager: Shutting down and abandoning module KismetWidgets (716)
[2022.07.01-17.14.31:595][  0]LogModuleManager: Shutting down and abandoning module TakeRecorderSources (712)
[2022.07.01-17.14.31:595][  0]LogModuleManager: Shutting down and abandoning module TakeTrackRecorders (710)
[2022.07.01-17.14.31:595][  0]LogModuleManager: Shutting down and abandoning module TakesCore (708)
[2022.07.01-17.14.31:595][  0]LogModuleManager: Shutting down and abandoning module ConcertTakeRecorder (706)
[2022.07.01-17.14.31:595][  0]LogModuleManager: Shutting down and abandoning module TakeRecorder (705)
[2022.07.01-17.14.31:595][  0]LogModuleManager: Shutting down and abandoning module OpenXRInput (702)
[2022.07.01-17.14.31:595][  0]LogModuleManager: Shutting down and abandoning module GooglePADEditor (700)
[2022.07.01-17.14.31:595][  0]LogModuleManager: Shutting down and abandoning module AudioCaptureEditor (698)
[2022.07.01-17.14.31:595][  0]LogModuleManager: Shutting down and abandoning module MagicLeapMediaEditor (696)
[2022.07.01-17.14.31:595][  0]LogModuleManager: Shutting down and abandoning module PlanarCut (694)
[2022.07.01-17.14.31:595][  0]LogModuleManager: Shutting down and abandoning module WmfMediaFactory (692)
[2022.07.01-17.14.31:595][  0]LogModuleManager: Shutting down and abandoning module WmfMediaEditor (690)
[2022.07.01-17.14.31:595][  0]LogModuleManager: Shutting down and abandoning module WebMMediaFactory (688)
[2022.07.01-17.14.31:595][  0]LogModuleManager: Shutting down and abandoning module WebMMediaEditor (686)
[2022.07.01-17.14.31:595][  0]LogModuleManager: Shutting down and abandoning module CharacterAI (684)
[2022.07.01-17.14.31:595][  0]LogModuleManager: Shutting down and abandoning module MediaPlayerEditor (682)
[2022.07.01-17.14.31:595][  0]LogModuleManager: Shutting down and abandoning module ImgMediaFactory (680)
[2022.07.01-17.14.31:595][  0]LogModuleManager: Shutting down and abandoning module ImgMediaEditor (678)
[2022.07.01-17.14.31:595][  0]LogModuleManager: Shutting down and abandoning module MediaCompositingEditor (676)
[2022.07.01-17.14.31:595][  0]LogModuleManager: Shutting down and abandoning module SequenceRecorder (675)
[2022.07.01-17.14.31:595][  0]LogModuleManager: Shutting down and abandoning module Persona (674)
[2022.07.01-17.14.31:595][  0]LogModuleManager: Shutting down and abandoning module AdvancedPreviewScene (673)
[2022.07.01-17.14.31:595][  0]LogModuleManager: Shutting down and abandoning module AnimGraph (671)
[2022.07.01-17.14.31:595][  0]LogModuleManager: Shutting down and abandoning module AvfMediaFactory (666)
[2022.07.01-17.14.31:595][  0]LogModuleManager: Shutting down and abandoning module AvfMediaEditor (664)
[2022.07.01-17.14.31:595][  0]LogModuleManager: Shutting down and abandoning module AndroidMediaFactory (662)
[2022.07.01-17.14.31:595][  0]LogModuleManager: Shutting down and abandoning module AndroidMediaEditor (660)
[2022.07.01-17.14.31:595][  0]LogModuleManager: Shutting down and abandoning module TextureAlignMode (658)
[2022.07.01-17.14.31:595][  0]LogModuleManager: Shutting down and abandoning module BspMode (656)
[2022.07.01-17.14.31:595][  0]LogModuleManager: Shutting down and abandoning module GeometryMode (654)
[2022.07.01-17.14.31:595][  0]LogModuleManager: Shutting down and abandoning module CameraShakePreviewer (652)
[2022.07.01-17.14.31:595][  0]LogModuleManager: Shutting down and abandoning module SmartSnapping (650)
[2022.07.01-17.14.31:595][  0]LogModuleManager: Shutting down and abandoning module SessionServices (648)
[2022.07.01-17.14.31:595][  0]LogModuleManager: Shutting down and abandoning module MeshPaint (646)
[2022.07.01-17.14.31:595][  0]LogModuleManager: Shutting down and abandoning module VirtualTexturingEditor (644)
[2022.07.01-17.14.31:595][  0]LogModuleManager: Shutting down and abandoning module FoliageEdit (642)
[2022.07.01-17.14.31:596][  0]LogModuleManager: Shutting down and abandoning module LandscapeEditor (640)
[2022.07.01-17.14.31:596][  0]LogModuleManager: Shutting down and abandoning module MeshPaintMode (638)
[2022.07.01-17.14.31:596][  0]LogModuleManager: Shutting down and abandoning module SceneDepthPickerMode (636)
[2022.07.01-17.14.31:596][  0]LogModuleManager: Shutting down and abandoning module ActorPickerMode (634)
[2022.07.01-17.14.31:596][  0]LogModuleManager: Shutting down and abandoning module PlacementMode (632)
[2022.07.01-17.14.31:596][  0]LogModuleManager: Shutting down and abandoning module LiveCoding (630)
[2022.07.01-17.14.31:596][  0]LogModuleManager: Shutting down and abandoning module LevelSequence (628)
[2022.07.01-17.14.31:596][  0]LogModuleManager: Shutting down and abandoning module MovieSceneTracks (626)
[2022.07.01-17.14.31:596][  0]LogModuleManager: Shutting down and abandoning module MovieScene (624)
[2022.07.01-17.14.31:596][  0]LogModuleManager: Shutting down and abandoning module StreamingPauseRendering (622)
[2022.07.01-17.14.31:596][  0]LogModuleManager: Shutting down and abandoning module ImageWriteQueue (620)
[2022.07.01-17.14.31:599][  0]LogModuleManager: Shutting down and abandoning module AIModule (618)
[2022.07.01-17.14.31:600][  0]LogModuleManager: Shutting down and abandoning module GameplayDebugger (617)
[2022.07.01-17.14.31:600][  0]LogModuleManager: Shutting down and abandoning module AITestSuite (615)
[2022.07.01-17.14.31:600][  0]LogModuleManager: Shutting down and abandoning module NavigationSystem (613)
[2022.07.01-17.14.31:600][  0]LogModuleManager: Shutting down and abandoning module AudioSynesthesiaEditor (610)
[2022.07.01-17.14.31:600][  0]LogModuleManager: Shutting down and abandoning module ConcertSyncUI (608)
[2022.07.01-17.14.31:600][  0]LogModuleManager: Shutting down and abandoning module MultiUserClientLibrary (606)
[2022.07.01-17.14.31:600][  0]LogModuleManager: Shutting down and abandoning module MultiUserClient (604)
[2022.07.01-17.14.31:600][  0]LogModuleManager: Shutting down and abandoning module ConcertSyncClient (603)
[2022.07.01-17.14.31:600][  0]LogModuleManager: Shutting down and abandoning module OculusEditor (600)
[2022.07.01-17.14.31:600][  0]LogModuleManager: Shutting down and abandoning module OculusInput (598)
[2022.07.01-17.14.31:600][  0]LogModuleManager: Shutting down and abandoning module ContentBrowserFileDataSource (596)
[2022.07.01-17.14.31:600][  0]LogModuleManager: Shutting down and abandoning module ContentBrowserAssetDataSource (594)
[2022.07.01-17.14.31:600][  0]LogModuleManager: Shutting down and abandoning module ContentBrowserClassDataSource (592)
[2022.07.01-17.14.31:600][  0]LogModuleManager: Shutting down and abandoning module ToolMenus (591)
[2022.07.01-17.14.31:600][  0]LogModuleManager: Shutting down and abandoning module VisualStudioSourceCodeAccess (588)
[2022.07.01-17.14.31:600][  0]LogModuleManager: Shutting down and abandoning module VariantManagerContentEditor (586)
[2022.07.01-17.14.31:600][  0]LogModuleManager: Shutting down and abandoning module VisualStudioCodeSourceCodeAccess (584)
[2022.07.01-17.14.31:600][  0]LogModuleManager: Shutting down and abandoning module UObjectPlugin (582)
[2022.07.01-17.14.31:600][  0]LogModuleManager: Shutting down and abandoning module DatasmithContentEditor (580)
[2022.07.01-17.14.31:600][  0]LogModuleManager: Shutting down and abandoning module SubversionSourceControl (578)
[2022.07.01-17.14.31:600][  0]LogModuleManager: Shutting down and abandoning module PerforceSourceControl (576)
[2022.07.01-17.14.31:600][  0]LogModuleManager: Shutting down and abandoning module PlasticSourceControl (574)
[2022.07.01-17.14.31:600][  0]LogModuleManager: Shutting down and abandoning module PluginUtils (572)
[2022.07.01-17.14.31:600][  0]LogModuleManager: Shutting down and abandoning module GitSourceControl (570)
[2022.07.01-17.14.31:600][  0]LogModuleManager: Shutting down and abandoning module SourceControl (569)
[2022.07.01-17.14.31:600][  0]LogModuleManager: Shutting down and abandoning module CLionSourceCodeAccess (566)
[2022.07.01-17.14.31:600][  0]LogModuleManager: Shutting down and abandoning module TemplateSequence (564)
[2022.07.01-17.14.31:600][  0]LogModuleManager: Shutting down and abandoning module AnimationSharingEd (562)
[2022.07.01-17.14.31:600][  0]LogModuleManager: Shutting down and abandoning module TakeSequencer (560)
[2022.07.01-17.14.31:600][  0]LogModuleManager: Shutting down and abandoning module TakeMovieScene (558)
[2022.07.01-17.14.31:600][  0]LogModuleManager: Shutting down and abandoning module SynthesisEditor (556)
[2022.07.01-17.14.31:600][  0]LogModuleManager: Shutting down and abandoning module Synthesis (554)
[2022.07.01-17.14.31:600][  0]LogModuleManager: Shutting down and abandoning module ProceduralMeshComponentEditor (552)
[2022.07.01-17.14.31:600][  0]LogModuleManager: Shutting down and abandoning module ProceduralMeshComponent (550)
[2022.07.01-17.14.31:600][  0]LogModuleManager: Shutting down and abandoning module ScreenshotTools (548)
[2022.07.01-17.14.31:600][  0]LogModuleManager: Shutting down and abandoning module OpenXREditor (546)
[2022.07.01-17.14.31:600][  0]LogModuleManager: Shutting down and abandoning module MobilePatchingUtils (544)
[2022.07.01-17.14.31:600][  0]LogModuleManager: Shutting down and abandoning module GooglePAD (542)
[2022.07.01-17.14.31:600][  0]LogModuleManager: Shutting down and abandoning module EditableMesh (540)
[2022.07.01-17.14.31:600][  0]LogModuleManager: Shutting down and abandoning module CableComponent (538)
[2022.07.01-17.14.31:600][  0]LogModuleManager: Shutting down and abandoning module CustomMeshComponent (536)
[2022.07.01-17.14.31:600][  0]LogModuleManager: Shutting down and abandoning module AudioCapture (534)
[2022.07.01-17.14.31:600][  0]LogModuleManager: Shutting down and abandoning module AudioCaptureRtAudio (533)
[2022.07.01-17.14.31:600][  0]LogModuleManager: Shutting down and abandoning module AssetTags (530)
[2022.07.01-17.14.31:600][  0]LogModuleManager: Shutting down and abandoning module ArchVisCharacter (528)
[2022.07.01-17.14.31:600][  0]LogModuleManager: Shutting down and abandoning module AppleImageUtilsBlueprintSupport (526)
[2022.07.01-17.14.31:600][  0]LogModuleManager: Shutting down and abandoning module AppleImageUtils (524)
[2022.07.01-17.14.31:600][  0]LogModuleManager: Shutting down and abandoning module AndroidPermission (522)
[2022.07.01-17.14.31:601][  0]LogModuleManager: Shutting down and abandoning module ActorLayerUtilitiesEditor (520)
[2022.07.01-17.14.31:601][  0]LogModuleManager: Shutting down and abandoning module ActorLayerUtilities (518)
[2022.07.01-17.14.31:601][  0]LogModuleManager: Shutting down and abandoning module MagicLeapSharedWorld (516)
[2022.07.01-17.14.31:601][  0]LogModuleManager: Shutting down and abandoning module MagicLeapLightEstimation (514)
[2022.07.01-17.14.31:601][  0]LogModuleManager: Shutting down and abandoning module MagicLeapHelperVulkan (512)
[2022.07.01-17.14.31:601][  0]LogModuleManager: Shutting down and abandoning module MagicLeapHelperOpenGL (510)
[2022.07.01-17.14.31:601][  0]LogModuleManager: Shutting down and abandoning module MagicLeapAudio (508)
[2022.07.01-17.14.31:601][  0]LogModuleManager: Shutting down and abandoning module MotoSynthEditor (506)
[2022.07.01-17.14.31:601][  0]LogModuleManager: Shutting down and abandoning module MotoSynth (504)
[2022.07.01-17.14.31:601][  0]LogModuleManager: Shutting down and abandoning module OpenImageDenoise (502)
[2022.07.01-17.14.31:601][  0]LogOpenImageDenoise: OIDN shutting down
[2022.07.01-17.14.31:601][  0]LogModuleManager: Shutting down and abandoning module MeshConversion (500)
[2022.07.01-17.14.31:601][  0]LogModuleManager: Shutting down and abandoning module DynamicMesh (498)
[2022.07.01-17.14.31:601][  0]LogModuleManager: Shutting down and abandoning module GeometryAlgorithms (496)
[2022.07.01-17.14.31:601][  0]LogModuleManager: Shutting down and abandoning module GeometricObjects (494)
[2022.07.01-17.14.31:601][  0]LogModuleManager: Shutting down and abandoning module NiagaraEditorWidgets (492)
[2022.07.01-17.14.31:601][  0]LogModuleManager: Shutting down and abandoning module GeometryCollectionTracks (490)
[2022.07.01-17.14.31:601][  0]LogModuleManager: Shutting down and abandoning module GeometryCollectionSequencer (489)
[2022.07.01-17.14.31:601][  0]LogModuleManager: Shutting down and abandoning module GeometryCollectionEditor (486)
[2022.07.01-17.14.31:601][  0]LogModuleManager: Shutting down and abandoning module GeometryCacheTracks (484)
[2022.07.01-17.14.31:601][  0]LogModuleManager: Shutting down and abandoning module GeometryCacheStreamer (482)
[2022.07.01-17.14.31:601][  0]LogModuleManager: Shutting down and abandoning module GeometryCacheSequencer (480)
[2022.07.01-17.14.31:601][  0]LogModuleManager: Shutting down and abandoning module ChaosSolverEditor (478)
[2022.07.01-17.14.31:601][  0]LogModuleManager: Shutting down and abandoning module ChaosNiagara (476)
[2022.07.01-17.14.31:601][  0]LogModuleManager: Shutting down and abandoning module FractureEditor (474)
[2022.07.01-17.14.31:601][  0]LogModuleManager: Shutting down and abandoning module FieldSystemEngine (473)
[2022.07.01-17.14.31:601][  0]LogModuleManager: Shutting down and abandoning module ChaosClothEditor (470)
[2022.07.01-17.14.31:601][  0]LogModuleManager: Shutting down and abandoning module AutomationUtilsEditor (468)
[2022.07.01-17.14.31:601][  0]LogModuleManager: Shutting down and abandoning module AutomationUtils (466)
[2022.07.01-17.14.31:601][  0]LogModuleManager: Shutting down and abandoning module AlembicImporter (464)
[2022.07.01-17.14.31:601][  0]LogModuleManager: Shutting down and abandoning module AlembicLibrary (463)
[2022.07.01-17.14.31:601][  0]LogModuleManager: Shutting down and abandoning module GeometryCache (462)
[2022.07.01-17.14.31:601][  0]LogModuleManager: Shutting down and abandoning module GeometryCacheEd (461)
[2022.07.01-17.14.31:601][  0]LogModuleManager: Shutting down and abandoning module MediaCompositing (456)
[2022.07.01-17.14.31:601][  0]LogModuleManager: Shutting down and abandoning module SpeedTreeImporter (454)
[2022.07.01-17.14.31:601][  0]LogModuleManager: Shutting down and abandoning module PluginBrowser (452)
[2022.07.01-17.14.31:601][  0]LogModuleManager: Shutting down and abandoning module MobileLauncherProfileWizard (450)
[2022.07.01-17.14.31:601][  0]LogModuleManager: Shutting down and abandoning module MaterialAnalyzer (448)
[2022.07.01-17.14.31:601][  0]LogModuleManager: Shutting down and abandoning module CurveEditorTools (446)
[2022.07.01-17.14.31:601][  0]LogModuleManager: Shutting down and abandoning module CryptoKeysOpenSSL (444)
[2022.07.01-17.14.31:601][  0]LogModuleManager: Shutting down and abandoning module CryptoKeys (442)
[2022.07.01-17.14.31:601][  0]LogModuleManager: Shutting down and abandoning module OodleNetworkHandlerComponent (440)
[2022.07.01-17.14.31:601][  0]LogModuleManager: Shutting down and abandoning module LightPropagationVolumeEditor (438)
[2022.07.01-17.14.31:601][  0]LogModuleManager: Shutting down and abandoning module LiveLinkSequencer (436)
[2022.07.01-17.14.31:601][  0]LogModuleManager: Shutting down and abandoning module LiveLinkMovieScene (434)
[2022.07.01-17.14.31:601][  0]LogModuleManager: Shutting down and abandoning module LiveLinkGraphNode (432)
[2022.07.01-17.14.31:601][  0]LogModuleManager: Shutting down and abandoning module LiveLinkEditor (430)
[2022.07.01-17.14.31:602][  0]LogModuleManager: Shutting down and abandoning module LiveLinkComponents (428)
[2022.07.01-17.14.31:602][  0]LogModuleManager: Shutting down and abandoning module LiveLink (426)
[2022.07.01-17.14.32:227][  0]LogModuleManager: Shutting down and abandoning module PaperTiledImporter (424)
[2022.07.01-17.14.32:227][  0]LogModuleManager: Shutting down and abandoning module PaperSpriteSheetImporter (422)
[2022.07.01-17.14.32:227][  0]LogModuleManager: Shutting down and abandoning module Paper2DEditor (420)
[2022.07.01-17.14.32:227][  0]LogModuleManager: Shutting down and abandoning module MeshPaintingToolset (418)
[2022.07.01-17.14.32:227][  0]LogModuleManager: Shutting down and abandoning module MeshPaintEditorMode (416)
[2022.07.01-17.14.32:227][  0]LogModuleManager: Shutting down and abandoning module ConcertSyncCore (414)
[2022.07.01-17.14.32:227][  0]LogModuleManager: Shutting down and abandoning module Concert (412)
[2022.07.01-17.14.32:227][  0]LogModuleManager: Shutting down and abandoning module ConcertTransport (411)
[2022.07.01-17.14.32:227][  0]LogModuleManager: Shutting down and abandoning module SQLiteCore (408)
[2022.07.01-17.14.32:227][  0]LogModuleManager: Shutting down and abandoning module PropertyAccessNode (406)
[2022.07.01-17.14.32:227][  0]LogModuleManager: Shutting down and abandoning module AnimationSharing (404)
[2022.07.01-17.14.32:227][  0]LogModuleManager: Shutting down and abandoning module ActorSequence (402)
[2022.07.01-17.14.32:227][  0]LogModuleManager: Shutting down and abandoning module SoundFields (400)
[2022.07.01-17.14.32:227][  0]LogModuleManager: Shutting down and abandoning module SignificanceManager (398)
[2022.07.01-17.14.32:227][  0]LogModuleManager: Shutting down and abandoning module RuntimePhysXCooking (396)
[2022.07.01-17.14.32:227][  0]LogModuleManager: Shutting down and abandoning module PropertyAccessEditor (394)
[2022.07.01-17.14.32:227][  0]LogModuleManager: Shutting down and abandoning module PhysXVehiclesEditor (392)
[2022.07.01-17.14.32:227][  0]LogModuleManager: Shutting down and abandoning module LocationServicesBPLibrary (388)
[2022.07.01-17.14.32:227][  0]LogModuleManager: Shutting down and abandoning module AudioSynesthesia (386)
[2022.07.01-17.14.32:227][  0]LogModuleManager: Shutting down and abandoning module AudioSynesthesiaCore (384)
[2022.07.01-17.14.32:227][  0]LogModuleManager: Shutting down and abandoning module MagicLeapARPin (382)
[2022.07.01-17.14.32:227][  0]LogModuleManager: Shutting down and abandoning module MagicLeapHandMeshing (380)
[2022.07.01-17.14.32:227][  0]LogModuleManager: Shutting down and abandoning module MagicLeapSecureStorage (378)
[2022.07.01-17.14.32:227][  0]LogModuleManager: Shutting down and abandoning module MagicLeapPrivileges (376)
[2022.07.01-17.14.32:227][  0]LogModuleManager: Shutting down and abandoning module MagicLeapPlanes (374)
[2022.07.01-17.14.32:227][  0]LogMagicLeapPlanes: Planes tracker already destroyed.
[2022.07.01-17.14.32:227][  0]LogModuleManager: Shutting down and abandoning module MagicLeapImageTracker (372)
[2022.07.01-17.14.32:227][  0]LogModuleManager: Shutting down and abandoning module MagicLeapIdentity (370)
[2022.07.01-17.14.32:227][  0]LogModuleManager: Shutting down and abandoning module MagicLeapHandTracking (368)
[2022.07.01-17.14.32:227][  0]LogModuleManager: Shutting down and abandoning module MagicLeapEyeTracker (366)
[2022.07.01-17.14.32:227][  0]LogModuleManager: Shutting down and abandoning module MagicLeapController (364)
[2022.07.01-17.14.32:227][  0]LogModuleManager: Shutting down and abandoning module MagicLeapARPinImpl (362)
[2022.07.01-17.14.32:227][  0]LogModuleManager: Shutting down and abandoning module MagicLeapAR (360)
[2022.07.01-17.14.32:227][  0]LogModuleManager: Shutting down and abandoning module PythonScriptPlugin (358)
[2022.07.01-17.14.32:228][  0]LogModuleManager: Shutting down and abandoning module UdpMessaging (356)
[2022.07.01-17.14.32:228][  0]LogModuleManager: Shutting down and abandoning module TcpMessaging (354)
[2022.07.01-17.14.32:228][  0]LogModuleManager: Shutting down and abandoning module NiagaraAnimNotifies (352)
[2022.07.01-17.14.32:228][  0]LogModuleManager: Shutting down and abandoning module Niagara (350)
[2022.07.01-17.14.32:228][  0]LogModuleManager: Shutting down and abandoning module SignalProcessing (349)
[2022.07.01-17.14.32:228][  0]LogModuleManager: Shutting down and abandoning module NiagaraEditor (347)
[2022.07.01-17.14.32:228][  0]LogModuleManager: Shutting down and abandoning module NiagaraCore (344)
[2022.07.01-17.14.32:228][  0]LogModuleManager: Shutting down and abandoning module GameplayTagsEditor (342)
[2022.07.01-17.14.32:228][  0]LogModuleManager: Shutting down and abandoning module FacialAnimationEditor (340)
[2022.07.01-17.14.32:228][  0]LogModuleManager: Shutting down and abandoning module FacialAnimation (338)
[2022.07.01-17.14.32:228][  0]LogModuleManager: Shutting down and abandoning module DataValidation (336)
[2022.07.01-17.14.32:228][  0]LogModuleManager: Shutting down and abandoning module AssetManagerEditor (334)
[2022.07.01-17.14.32:228][  0]LogModuleManager: Shutting down and abandoning module TreeMap (333)
[2022.07.01-17.14.32:228][  0]LogModuleManager: Shutting down and abandoning module GameplayCameras (330)
[2022.07.01-17.14.32:228][  0]LogModuleManager: Shutting down and abandoning module LightPropagationVolumeRuntime (328)
[2022.07.01-17.14.32:228][  0]LogModuleManager: Shutting down and abandoning module EnvironmentQueryEditor (326)
[2022.07.01-17.14.32:228][  0]LogModuleManager: Shutting down and abandoning module Paper2D (324)
[2022.07.01-17.14.32:228][  0]LogModuleManager: Shutting down and abandoning module NetworkReplayStreaming (322)
[2022.07.01-17.14.32:228][  0]LogModuleManager: Shutting down and abandoning module PacketHandler (320)
[2022.07.01-17.14.32:228][  0]LogModuleManager: Shutting down and abandoning module ClothingSystemEditor (318)
[2022.07.01-17.14.32:228][  0]LogModuleManager: Shutting down and abandoning module ClothingSystemRuntimeNv (316)
[2022.07.01-17.14.32:228][  0]LogModuleManager: Shutting down and abandoning module MediaAssets (314)
[2022.07.01-17.14.32:228][  0]LogModuleManager: Shutting down and abandoning module Overlay (312)
[2022.07.01-17.14.32:228][  0]LogModuleManager: Shutting down and abandoning module OverlayEditor (311)
[2022.07.01-17.14.32:228][  0]LogModuleManager: Shutting down and abandoning module Blutility (308)
[2022.07.01-17.14.32:228][  0]LogModuleManager: Shutting down and abandoning module LevelEditor (307)
[2022.07.01-17.14.32:229][  0]LogModuleManager: Shutting down and abandoning module PixelInspectorModule (306)
[2022.07.01-17.14.32:229][  0]LogModuleManager: Shutting down and abandoning module CommonMenuExtensions (304)
[2022.07.01-17.14.32:229][  0]LogModuleManager: Shutting down and abandoning module MainFrame (302)
[2022.07.01-17.14.32:229][  0]LogModuleManager: Shutting down and abandoning module HotReload (301)
[2022.07.01-17.14.32:230][  0]LogModuleManager: Shutting down and abandoning module ContentBrowser (297)
[2022.07.01-17.14.32:230][  0]LogModuleManager: Shutting down and abandoning module CollectionManager (296)
[2022.07.01-17.14.32:230][  0]LogModuleManager: Shutting down and abandoning module ContentBrowserData (294)
[2022.07.01-17.14.32:230][  0]LogModuleManager: Shutting down and abandoning module IntroTutorials (290)
[2022.07.01-17.14.32:230][  0]LogModuleManager: Shutting down and abandoning module VREditor (288)
[2022.07.01-17.14.32:230][  0]LogModuleManager: Shutting down and abandoning module StringTableEditor (286)
[2022.07.01-17.14.32:230][  0]LogModuleManager: Shutting down and abandoning module GameplayTasksEditor (284)
[2022.07.01-17.14.32:230][  0]LogModuleManager: Shutting down and abandoning module BehaviorTreeEditor (282)
[2022.07.01-17.14.32:230][  0]LogModuleManager: Shutting down and abandoning module FunctionalTesting (280)
[2022.07.01-17.14.32:230][  0]LogModuleManager: Shutting down and abandoning module CollisionAnalyzer (278)
[2022.07.01-17.14.32:230][  0]LogModuleManager: Shutting down and abandoning module WorkspaceMenuStructure (277)
[2022.07.01-17.14.32:230][  0]LogModuleManager: Shutting down and abandoning module UMG (274)
[2022.07.01-17.14.32:230][  0]LogModuleManager: Shutting down and abandoning module UMGEditor (273)
[2022.07.01-17.14.32:230][  0]LogModuleManager: Shutting down and abandoning module MessageLog (271)
[2022.07.01-17.14.32:230][  0]LogModuleManager: Shutting down and abandoning module SlateReflector (266)
[2022.07.01-17.14.32:230][  0]LogModuleManager: Shutting down and abandoning module Slate (264)
[2022.07.01-17.14.32:230][  0]LogModuleManager: Shutting down and abandoning module SlateCore (262)
[2022.07.01-17.14.32:231][  0]LogModuleManager: Shutting down and abandoning module LandscapeEditorUtilities (260)
[2022.07.01-17.14.32:231][  0]LogModuleManager: Shutting down and abandoning module UnrealEd (258)
[2022.07.01-17.14.32:231][  0]LogModuleManager: Shutting down and abandoning module MRMesh (256)
[2022.07.01-17.14.32:231][  0]LogModuleManager: Shutting down and abandoning module SourceCodeAccess (254)
[2022.07.01-17.14.32:231][  0]LogModuleManager: Shutting down and abandoning module HeadMountedDisplay (252)
[2022.07.01-17.14.32:231][  0]LogModuleManager: Shutting down and abandoning module XAudio2 (250)
[2022.07.01-17.14.32:231][  0]LogModuleManager: Shutting down and abandoning module Networking (248)
[2022.07.01-17.14.32:231][  0]LogModuleManager: Shutting down and abandoning module Core (246)
[2022.07.01-17.14.32:231][  0]LogModuleManager: Shutting down and abandoning module MaterialEditor (244)
[2022.07.01-17.14.32:231][  0]LogModuleManager: Shutting down and abandoning module Settings (243)
[2022.07.01-17.14.32:231][  0]LogModuleManager: Shutting down and abandoning module MovieSceneTools (240)
[2022.07.01-17.14.32:231][  0]LogModuleManager: Shutting down and abandoning module CurveEditor (239)
[2022.07.01-17.14.32:231][  0]LogModuleManager: Shutting down and abandoning module Sequencer (237)
[2022.07.01-17.14.32:231][  0]LogModuleManager: Shutting down and abandoning module EditorStyle (236)
[2022.07.01-17.14.32:232][  0]LogModuleManager: Shutting down and abandoning module KismetCompiler (232)
[2022.07.01-17.14.32:232][  0]LogModuleManager: Shutting down and abandoning module MeshBuilder (230)
[2022.07.01-17.14.32:232][  0]LogModuleManager: Shutting down and abandoning module MeshUtilities (228)
[2022.07.01-17.14.32:232][  0]LogModuleManager: Shutting down and abandoning module MeshMergeUtilities (227)
[2022.07.01-17.14.32:232][  0]LogModuleManager: Shutting down and abandoning module MeshReductionInterface (226)
[2022.07.01-17.14.32:232][  0]LogModuleManager: Shutting down and abandoning module MeshBoneReduction (225)
[2022.07.01-17.14.32:232][  0]LogModuleManager: Shutting down and abandoning module SkeletalMeshReduction (223)
[2022.07.01-17.14.32:232][  0]LogModuleManager: Shutting down and abandoning module ProxyLODMeshReduction (221)
[2022.07.01-17.14.32:232][  0]LogModuleManager: Shutting down and abandoning module QuadricMeshReduction (219)
[2022.07.01-17.14.32:232][  0]LogModuleManager: Shutting down and abandoning module MaterialBaking (215)
[2022.07.01-17.14.32:232][  0]LogModuleManager: Shutting down and abandoning module DirectoryWatcher (211)
[2022.07.01-17.14.32:233][  0]LogModuleManager: Shutting down and abandoning module NullInstallBundleManager (208)
[2022.07.01-17.14.32:233][  0]LogModuleManager: Shutting down and abandoning module DerivedDataCache (206)
[2022.07.01-17.14.32:233][  0]LogModuleManager: Shutting down and abandoning module TargetPlatform (204)
[2022.07.01-17.14.32:233][  0]LogModuleManager: Shutting down and abandoning module VulkanShaderFormat (203)
[2022.07.01-17.14.32:233][  0]LogModuleManager: Shutting down and abandoning module ShaderFormatVectorVM (201)
[2022.07.01-17.14.32:233][  0]LogModuleManager: Shutting down and abandoning module ShaderFormatOpenGL (199)
[2022.07.01-17.14.32:233][  0]LogModuleManager: Shutting down and abandoning module ShaderFormatD3D (197)
[2022.07.01-17.14.32:233][  0]LogModuleManager: Shutting down and abandoning module MetalShaderFormat (195)
[2022.07.01-17.14.32:233][  0]LogModuleManager: Shutting down and abandoning module TextureFormatOodle (193)
[2022.07.01-17.14.32:233][  0]LogModuleManager: Shutting down and abandoning module TextureFormatUncompressed (191)
[2022.07.01-17.14.32:233][  0]LogModuleManager: Shutting down and abandoning module TextureFormatPVR (189)
[2022.07.01-17.14.32:233][  0]LogModuleManager: Shutting down and abandoning module TextureFormatETC2 (187)
[2022.07.01-17.14.32:233][  0]LogModuleManager: Shutting down and abandoning module TextureFormatDXT (185)
[2022.07.01-17.14.32:233][  0]LogModuleManager: Shutting down and abandoning module TextureFormatIntelISPCTexComp (183)
[2022.07.01-17.14.32:233][  0]LogModuleManager: Shutting down and abandoning module TextureFormatASTC (181)
[2022.07.01-17.14.32:233][  0]LogModuleManager: Shutting down and abandoning module ImageWrapper (180)
[2022.07.01-17.14.32:233][  0]LogModuleManager: Shutting down and abandoning module AudioFormatOpus (177)
[2022.07.01-17.14.32:233][  0]LogModuleManager: Shutting down and abandoning module AudioFormatOgg (175)
[2022.07.01-17.14.32:233][  0]LogModuleManager: Shutting down and abandoning module AudioFormatADPCM (173)
[2022.07.01-17.14.32:233][  0]LogModuleManager: Shutting down and abandoning module WindowsServerTargetPlatform (171)
[2022.07.01-17.14.32:233][  0]LogModuleManager: Shutting down and abandoning module WindowsClientTargetPlatform (169)
[2022.07.01-17.14.32:233][  0]LogModuleManager: Shutting down and abandoning module WindowsTargetPlatform (167)
[2022.07.01-17.14.32:233][  0]LogModuleManager: Shutting down and abandoning module WindowsNoEditorTargetPlatform (165)
[2022.07.01-17.14.32:233][  0]LogModuleManager: Shutting down and abandoning module TVOSTargetPlatform (163)
[2022.07.01-17.14.32:234][  0]LogModuleManager: Shutting down and abandoning module MacServerTargetPlatform (161)
[2022.07.01-17.14.32:234][  0]LogModuleManager: Shutting down and abandoning module MacClientTargetPlatform (159)
[2022.07.01-17.14.32:234][  0]LogModuleManager: Shutting down and abandoning module MacTargetPlatform (157)
[2022.07.01-17.14.32:234][  0]LogModuleManager: Shutting down and abandoning module MacNoEditorTargetPlatform (155)
[2022.07.01-17.14.32:234][  0]LogModuleManager: Shutting down and abandoning module LuminTargetPlatform (153)
[2022.07.01-17.14.32:234][  0]LogModuleManager: Shutting down and abandoning module LinuxAArch64ServerTargetPlatform (151)
[2022.07.01-17.14.32:234][  0]LogModuleManager: Shutting down and abandoning module LinuxAArch64ClientTargetPlatform (149)
[2022.07.01-17.14.32:234][  0]LogModuleManager: Shutting down and abandoning module LinuxAArch64NoEditorTargetPlatform (147)
[2022.07.01-17.14.32:234][  0]LogModuleManager: Shutting down and abandoning module LinuxServerTargetPlatform (145)
[2022.07.01-17.14.32:234][  0]LogModuleManager: Shutting down and abandoning module LinuxClientTargetPlatform (143)
[2022.07.01-17.14.32:234][  0]LogModuleManager: Shutting down and abandoning module LinuxNoEditorTargetPlatform (141)
[2022.07.01-17.14.32:234][  0]LogModuleManager: Shutting down and abandoning module LinuxTargetPlatform (139)
[2022.07.01-17.14.32:234][  0]LogModuleManager: Shutting down and abandoning module Messaging (137)
[2022.07.01-17.14.32:234][  0]LogModuleManager: Shutting down and abandoning module IOSTargetPlatform (135)
[2022.07.01-17.14.32:235][  0]LogModuleManager: Shutting down and abandoning module AndroidTargetPlatform (133)
[2022.07.01-17.14.32:237][  0]LogModuleManager: Shutting down and abandoning module AllDesktopTargetPlatform (131)
[2022.07.01-17.14.32:237][  0]LogModuleManager: Shutting down and abandoning module NullDrv (128)
[2022.07.01-17.14.32:237][  0]LogModuleManager: Shutting down and abandoning module PhysXCooking (126)
[2022.07.01-17.14.32:237][  0]LogModuleManager: Shutting down and abandoning module Chaos (124)
[2022.07.01-17.14.32:237][  0]LogModuleManager: Shutting down and abandoning module WindowsPlatformFeatures (122)
[2022.07.01-17.14.32:237][  0]LogModuleManager: Shutting down and abandoning module GameplayMediaEncoder (121)
[2022.07.01-17.14.32:237][  0]LogModuleManager: Shutting down and abandoning module AVEncoder (120)
[2022.07.01-17.14.32:237][  0]LogModuleManager: Shutting down and abandoning module ExampleDeviceProfileSelector (116)
[2022.07.01-17.14.32:237][  0]LogModuleManager: Shutting down and abandoning module SteamVRInputDevice (114)
[2022.07.01-17.14.32:237][  0]LogModuleManager: Shutting down and abandoning module SteamVRInput (112)
[2022.07.01-17.14.32:237][  0]LogModuleManager: Shutting down and abandoning module SteamVR (110)
[2022.07.01-17.14.32:237][  0]LogHMD: Freeing OpenVRDLLHandle.
[2022.07.01-17.14.32:238][  0]LogModuleManager: Shutting down and abandoning module OculusHMD (108)
[2022.07.01-17.14.32:238][  0]LogModuleManager: Shutting down and abandoning module VariantManagerContent (106)
[2022.07.01-17.14.32:238][  0]LogModuleManager: Shutting down and abandoning module DatasmithContent (104)
[2022.07.01-17.14.32:238][  0]LogModuleManager: Shutting down and abandoning module PixWinPlugin (102)
[2022.07.01-17.14.32:238][  0]LogModuleManager: Shutting down and abandoning module OpenXRHandTracking (100)
[2022.07.01-17.14.32:238][  0]LogModuleManager: Shutting down and abandoning module OpenXREyeTracker (98)
[2022.07.01-17.14.32:238][  0]LogModuleManager: Shutting down and abandoning module OpenXRAR (96)
[2022.07.01-17.14.32:238][  0]LogModuleManager: Shutting down and abandoning module AugmentedReality (95)
[2022.07.01-17.14.32:238][  0]LogModuleManager: Shutting down and abandoning module OpenXRHMD (92)
[2022.07.01-17.14.32:238][  0]LogModuleManager: Shutting down and abandoning module OnlineBlueprintSupport (90)
[2022.07.01-17.14.32:238][  0]LogModuleManager: Shutting down and abandoning module ChunkDownloader (86)
[2022.07.01-17.14.32:238][  0]LogModuleManager: Shutting down and abandoning module LauncherChunkInstaller (84)
[2022.07.01-17.14.32:238][  0]LogModuleManager: Shutting down and abandoning module OnlineSubsystem (82)
[2022.07.01-17.14.32:239][  0]LogModuleManager: Shutting down and abandoning module XMPP (77)
[2022.07.01-17.14.32:239][  0]LogModuleManager: Shutting down and abandoning module WebSockets (76)
[2022.07.01-17.14.32:255][  0]LogModuleManager: Shutting down and abandoning module HTTP (73)
[2022.07.01-17.14.32:255][  0]LogHttp: Display: cleaning up 0 outstanding Http requests.
[2022.07.01-17.14.32:273][  0]LogModuleManager: Shutting down and abandoning module SSL (72)
[2022.07.01-17.14.32:274][  0]LogModuleManager: Shutting down and abandoning module MLSDK (68)
[2022.07.01-17.14.32:274][  0]LogModuleManager: Shutting down and abandoning module MagicLeap (66)
[2022.07.01-17.14.32:274][  0]LogModuleManager: Shutting down and abandoning module NiagaraVertexFactories (64)
[2022.07.01-17.14.32:274][  0]LogModuleManager: Shutting down and abandoning module NiagaraShader (62)
[2022.07.01-17.14.32:274][  0]LogModuleManager: Shutting down and abandoning module WmfMedia (60)
[2022.07.01-17.14.32:276][  0]LogModuleManager: Shutting down and abandoning module Media (59)
[2022.07.01-17.14.32:276][  0]LogModuleManager: Shutting down and abandoning module MediaInfo (58)
[2022.07.01-17.14.32:276][  0]LogModuleManager: Shutting down and abandoning module ChaosCloth (54)
[2022.07.01-17.14.32:276][  0]LogModuleManager: Shutting down and abandoning module ExrReaderGpu (52)
[2022.07.01-17.14.32:276][  0]LogModuleManager: Shutting down and abandoning module AISupportModule (50)
[2022.07.01-17.14.32:276][  0]LogModuleManager: Shutting down and abandoning module DesktopPlatform (48)
[2022.07.01-17.14.32:276][  0]LogModuleManager: Shutting down and abandoning module PythonScriptPluginPreload (46)
[2022.07.01-17.14.32:277][  0]LogModuleManager: Shutting down and abandoning module PlatformCryptoOpenSSL (44)
[2022.07.01-17.14.32:277][  0]LogModuleManager: Shutting down and abandoning module PlatformCryptoTypes (42)
[2022.07.01-17.14.32:277][  0]LogModuleManager: Shutting down and abandoning module PlatformCrypto (40)
[2022.07.01-17.14.32:277][  0]LogModuleManager: Shutting down and abandoning module OodleDataCompressionFormat (38)
[2022.07.01-17.14.32:277][  0]LogModuleManager: Shutting down and abandoning module XGEController (36)
[2022.07.01-17.14.32:277][  0]LogModuleManager: Shutting down and abandoning module AnimationModifiers (34)
[2022.07.01-17.14.32:277][  0]LogModuleManager: Shutting down and abandoning module AudioEditor (32)
[2022.07.01-17.14.32:277][  0]LogModuleManager: Shutting down and abandoning module PropertyEditor (31)
[2022.07.01-17.14.32:277][  0]LogModuleManager: Shutting down and abandoning module TextureCompressor (28)
[2022.07.01-17.14.32:277][  0]LogModuleManager: Shutting down and abandoning module RenderCore (26)
[2022.07.01-17.14.32:277][  0]LogModuleManager: Shutting down and abandoning module Landscape (24)
[2022.07.01-17.14.32:277][  0]LogModuleManager: Shutting down and abandoning module SlateRHIRenderer (22)
[2022.07.01-17.14.32:277][  0]LogModuleManager: Shutting down and abandoning module AnimGraphRuntime (20)
[2022.07.01-17.14.32:277][  0]LogModuleManager: Shutting down and abandoning module Renderer (18)
[2022.07.01-17.14.32:277][  0]LogModuleManager: Shutting down and abandoning module Engine (16)
[2022.07.01-17.14.32:277][  0]LogModuleManager: Shutting down and abandoning module CoreUObject (14)
[2022.07.01-17.14.32:277][  0]LogModuleManager: Shutting down and abandoning module NetworkFile (12)
[2022.07.01-17.14.32:277][  0]LogModuleManager: Shutting down and abandoning module CookedIterativeFile (10)
[2022.07.01-17.14.32:277][  0]LogModuleManager: Shutting down and abandoning module StreamingFile (8)
[2022.07.01-17.14.32:277][  0]LogModuleManager: Shutting down and abandoning module SandboxFile (6)
[2022.07.01-17.14.32:277][  0]LogModuleManager: Shutting down and abandoning module PakFile (4)
[2022.07.01-17.14.32:277][  0]LogModuleManager: Shutting down and abandoning module RSA (3)
[2022.07.01-17.14.32:393][  0]LogContentStreaming: Display: There are 1 unreleased StreamingManagers
[2022.07.01-17.14.32:406][  0]LogExit: Exiting.
[2022.07.01-17.14.32:411][  0]Log file closed, 07/01/22 21:14:32
